#  100 | steps:  1116 | steps_t:     0 | t: 0.948023 | r:  -519.000000 | e:   1.000000 | Q:        nan | won: False 
#  200 | steps:  2258 | steps_t:     0 | t: 1.989794 | r:  -507.000000 | e:   1.000000 | Q:        nan | won: False 
#  300 | steps:  3312 | steps_t:     0 | t: 2.919758 | r:  -508.000000 | e:   1.000000 | Q:        nan | won: False 
#  400 | steps:  4392 | steps_t:     0 | t: 3.995754 | r:  -509.000000 | e:   1.000000 | Q:        nan | won: False 
#  500 | steps:  5533 | steps_t:   483 | t: 14.191013 | r:  -506.000000 | e:   0.951700 | Q:        nan | won: False 
#  600 | steps:  6711 | steps_t:  1561 | t: 25.253046 | r:  -520.000000 | e:   0.843900 | Q: -321.119659 | won: False 
#  700 | steps:  8012 | steps_t:  2762 | t: 38.724732 | r:  -505.000000 | e:   0.723800 | Q: -308.515411 | won: False 
#  800 | steps:  9191 | steps_t:  3841 | t: 54.312156 | r:  -511.000000 | e:   0.615900 | Q: -310.338715 | won: False 
#  900 | steps: 10483 | steps_t:  5033 | t: 77.658556 | r:  -510.000000 | e:   0.496700 | Q: -295.064484 | won: False 
# 1000 | steps: 11787 | steps_t:  6237 | t: 97.898710 | r:  -505.000000 | e:   0.376300 | Q: -243.913467 | won: False 
# 1100 | steps: 13298 | steps_t:  7648 | t: 120.677804 | r:  -528.000000 | e:   0.235200 | Q: -210.406723 | won: False 
# 1200 | steps: 15098 | steps_t:  9348 | t: 148.882284 | r:  -530.000000 | e:   0.100000 | Q: -182.355881 | won: False 
# 1300 | steps: 16860 | steps_t: 11010 | t: 177.511593 | r:  -513.000000 | e:   0.100000 | Q: -241.252365 | won: False 
# 1400 | steps: 18760 | steps_t: 12810 | t: 210.103061 | r:  -505.000000 | e:   0.100000 | Q: -189.360336 | won: False 
# 1500 | steps: 20627 | steps_t: 14577 | t: 241.744567 | r:  -508.000000 | e:   0.100000 | Q: -196.634628 | won: False 
# 1600 | steps: 22426 | steps_t: 16276 | t: 267.359941 | r:  -514.000000 | e:   0.100000 | Q: -208.205292 | won: False 
# 1700 | steps: 24317 | steps_t: 18067 | t: 294.765170 | r:  -508.000000 | e:   0.100000 | Q: -153.300583 | won: False 
# 1800 | steps: 26220 | steps_t: 19870 | t: 321.776787 | r:  -557.000000 | e:   0.100000 | Q: -146.976471 | won: False 
# 1900 | steps: 27949 | steps_t: 21499 | t: 346.207263 | r:  -491.000000 | e:   0.100000 | Q: -210.359238 | won: False 
# 2000 | steps: 29778 | steps_t: 23228 | t: 372.388124 | r:  -535.000000 | e:   0.100000 | Q: -201.574585 | won: False 
# 2100 | steps: 31741 | steps_t: 25091 | t: 405.070307 | r:  -511.000000 | e:   0.100000 | Q: -161.305969 | won: False 
# 2200 | steps: 33723 | steps_t: 26973 | t: 439.124812 | r:    79.000000 | e:   0.100000 | Q: -162.595718 | won: True 
# 2300 | steps: 35546 | steps_t: 28696 | t: 471.522299 | r:  -507.000000 | e:   0.100000 | Q: -192.164795 | won: False 
# 2400 | steps: 37442 | steps_t: 30492 | t: 499.987444 | r:  -502.000000 | e:   0.100000 | Q: -155.931351 | won: False 
# 2500 | steps: 39422 | steps_t: 32372 | t: 524.491549 | r:  -520.000000 | e:   0.100000 | Q: -126.662582 | won: False 
# 2600 | steps: 41601 | steps_t: 34451 | t: 557.403839 | r:  -533.000000 | e:   0.100000 | Q: -90.523621 | won: False 
# 2700 | steps: 43806 | steps_t: 36556 | t: 596.135612 | r:  -505.000000 | e:   0.100000 | Q: -61.567501 | won: False 
# 2800 | steps: 46220 | steps_t: 38870 | t: 640.887142 | r:  -509.000000 | e:   0.100000 | Q: -24.938362 | won: False 
# 2900 | steps: 49012 | steps_t: 41562 | t: 695.490244 | r:  -505.000000 | e:   0.100000 | Q: -11.559855 | won: False 
# 3000 | steps: 51594 | steps_t: 44044 | t: 748.089819 | r:  -513.000000 | e:   0.100000 | Q: -11.105902 | won: False 
# 3100 | steps: 54259 | steps_t: 46609 | t: 792.862524 | r:    90.000000 | e:   0.100000 | Q:  36.481499 | won: True 
# 3200 | steps: 57863 | steps_t: 50113 | t: 856.667876 | r:  -530.000000 | e:   0.100000 | Q: 166.037720 | won: False 
# 3300 | steps: 62218 | steps_t: 54368 | t: 925.905542 | r:  -583.000000 | e:   0.100000 | Q: 235.620743 | won: False 
# 3400 | steps: 65817 | steps_t: 57867 | t: 986.977808 | r:    92.000000 | e:   0.100000 | Q: 291.045990 | won: True 
# 3500 | steps: 69672 | steps_t: 61622 | t: 1051.061921 | r:    93.000000 | e:   0.100000 | Q: 189.175125 | won: True 
# 3600 | steps: 73698 | steps_t: 65548 | t: 1121.329055 | r:    80.000000 | e:   0.100000 | Q: 273.557098 | won: True 
# 3700 | steps: 78071 | steps_t: 69821 | t: 1197.749527 | r:    90.000000 | e:   0.100000 | Q: 220.765991 | won: True 
# 3800 | steps: 82351 | steps_t: 74001 | t: 1262.959377 | r:  -511.000000 | e:   0.100000 | Q: 171.809998 | won: False 
# 3900 | steps: 86578 | steps_t: 78128 | t: 1312.824831 | r:    55.000000 | e:   0.100000 | Q: 193.094223 | won: True 
