#  100 | steps:  1142 | steps_t:     0 | t: 0.460669 | r:  -510.000000 | e:   1.000000 | Q:        nan | won: False 
#  200 | steps:  2329 | steps_t:     0 | t: 1.139209 | r:  -507.000000 | e:   1.000000 | Q:        nan | won: False 
#  300 | steps:  3398 | steps_t:     0 | t: 1.596393 | r:  -509.000000 | e:   1.000000 | Q:        nan | won: False 
#  400 | steps:  4604 | steps_t:     0 | t: 2.002037 | r:  -508.000000 | e:   1.000000 | Q:        nan | won: False 
#  500 | steps:  5683 | steps_t:   617 | t: 7.192983 | r:  -506.000000 | e:   0.938300 | Q:        nan | won: False 
#  600 | steps:  6820 | steps_t:  1654 | t: 15.012407 | r:  -508.000000 | e:   0.834600 | Q: -321.455963 | won: False 
#  700 | steps:  8040 | steps_t:  2774 | t: 22.300426 | r:  -511.000000 | e:   0.722600 | Q: -379.307068 | won: False 
#  800 | steps:  9327 | steps_t:  3961 | t: 30.163980 | r:  -508.000000 | e:   0.603900 | Q: -332.434875 | won: False 
#  900 | steps: 10584 | steps_t:  5118 | t: 38.145836 | r:  -509.000000 | e:   0.488200 | Q: -352.767242 | won: False 
# 1000 | steps: 12112 | steps_t:  6546 | t: 47.734578 | r:  -513.000000 | e:   0.345400 | Q: -226.064819 | won: False 
# 1100 | steps: 13596 | steps_t:  7930 | t: 59.452752 | r:  -510.000000 | e:   0.207000 | Q: -288.494934 | won: False 
# 1200 | steps: 15313 | steps_t:  9547 | t: 71.137034 | r:  -508.000000 | e:   0.100000 | Q: -232.918106 | won: False 
# 1300 | steps: 16991 | steps_t: 11125 | t: 82.240672 | r:  -506.000000 | e:   0.100000 | Q: -172.563736 | won: False 
# 1400 | steps: 18625 | steps_t: 12659 | t: 93.224747 | r:  -513.000000 | e:   0.100000 | Q: -236.704544 | won: False 
# 1500 | steps: 20429 | steps_t: 14363 | t: 107.092176 | r:  -509.000000 | e:   0.100000 | Q: -177.616959 | won: False 
# 1600 | steps: 22135 | steps_t: 15969 | t: 119.679898 | r:  -520.000000 | e:   0.100000 | Q: -220.971359 | won: False 
# 1700 | steps: 24074 | steps_t: 17808 | t: 132.877437 | r:  -523.000000 | e:   0.100000 | Q: -179.550797 | won: False 
# 1800 | steps: 25942 | steps_t: 19576 | t: 145.859645 | r:  -511.000000 | e:   0.100000 | Q: -177.867096 | won: False 
# 1900 | steps: 27915 | steps_t: 21449 | t: 160.263645 | r:    90.000000 | e:   0.100000 | Q: -184.757950 | won: True 
# 2000 | steps: 29867 | steps_t: 23301 | t: 174.595919 | r:  -509.000000 | e:   0.100000 | Q: -159.769699 | won: False 
# 2100 | steps: 31873 | steps_t: 25207 | t: 188.552102 | r:  -530.000000 | e:   0.100000 | Q: -210.265060 | won: False 
# 2200 | steps: 33856 | steps_t: 27090 | t: 203.334028 | r:  -508.000000 | e:   0.100000 | Q: -169.694321 | won: False 
# 2300 | steps: 35813 | steps_t: 28947 | t: 216.484276 | r:  -530.000000 | e:   0.100000 | Q: -170.513947 | won: False 
# 2400 | steps: 37947 | steps_t: 30981 | t: 230.801397 | r:  -509.000000 | e:   0.100000 | Q: -151.789719 | won: False 
# 2500 | steps: 40160 | steps_t: 33094 | t: 245.817177 | r:  -502.000000 | e:   0.100000 | Q: -140.904175 | won: False 
# 2600 | steps: 42351 | steps_t: 35185 | t: 260.773291 | r:  -513.000000 | e:   0.100000 | Q: -148.772659 | won: False 
# 2700 | steps: 44925 | steps_t: 37659 | t: 278.530130 | r:  -522.000000 | e:   0.100000 | Q: -136.869064 | won: False 
# 2800 | steps: 47525 | steps_t: 40159 | t: 297.720180 | r:    82.000000 | e:   0.100000 | Q: -80.748726 | won: True 
# 2900 | steps: 50217 | steps_t: 42751 | t: 321.423201 | r:  -521.000000 | e:   0.100000 | Q: -34.146294 | won: False 
# 3000 | steps: 53099 | steps_t: 45533 | t: 346.114759 | r:  -507.000000 | e:   0.100000 | Q:  16.711878 | won: False 
# 3100 | steps: 56233 | steps_t: 48567 | t: 372.695183 | r:    67.000000 | e:   0.100000 | Q: 155.025757 | won: True 
# 3200 | steps: 59223 | steps_t: 51457 | t: 398.644812 | r:  -506.000000 | e:   0.100000 | Q: 100.309189 | won: False 
# 3300 | steps: 61514 | steps_t: 53648 | t: 416.990911 | r:  -503.000000 | e:   0.100000 | Q: 298.560303 | won: False 
# 3400 | steps: 63793 | steps_t: 55827 | t: 433.700765 | r:    92.000000 | e:   0.100000 | Q: 218.970612 | won: True 
# 3500 | steps: 66261 | steps_t: 58195 | t: 452.629806 | r:    92.000000 | e:   0.100000 | Q: 222.108490 | won: True 
# 3600 | steps: 68835 | steps_t: 60669 | t: 472.420936 | r:    84.000000 | e:   0.100000 | Q: 205.983871 | won: True 
# 3700 | steps: 71812 | steps_t: 63546 | t: 495.957811 | r:    75.000000 | e:   0.100000 | Q: 290.178375 | won: True 
# 3800 | steps: 75351 | steps_t: 66985 | t: 527.703914 | r:    80.000000 | e:   0.100000 | Q: 469.181854 | won: True 
# 3900 | steps: 78764 | steps_t: 70298 | t: 558.485101 | r:    92.000000 | e:   0.100000 | Q: 213.867432 | won: True 
# 4000 | steps: 81732 | steps_t: 73166 | t: 582.844517 | r:  -513.000000 | e:   0.100000 | Q: 225.245636 | won: False 
# 4100 | steps: 85176 | steps_t: 76510 | t: 612.083654 | r:  -549.000000 | e:   0.100000 | Q: 331.258789 | won: False 
# 4200 | steps: 88593 | steps_t: 79827 | t: 639.841549 | r:    86.000000 | e:   0.100000 | Q: 242.561844 | won: True 
# 4300 | steps: 92029 | steps_t: 83163 | t: 666.948231 | r:  -512.000000 | e:   0.100000 | Q: 227.598618 | won: False 
# 4400 | steps: 95806 | steps_t: 86840 | t: 693.723705 | r:    26.000000 | e:   0.100000 | Q: 277.555847 | won: True 
# 4500 | steps: 99057 | steps_t: 89991 | t: 716.960244 | r:  -538.000000 | e:   0.100000 | Q: 608.829956 | won: False 
# 4600 | steps: 102709 | steps_t: 93543 | t: 743.628250 | r:    67.000000 | e:   0.100000 | Q: 377.453400 | won: True 
# 4700 | steps: 105945 | steps_t: 96679 | t: 766.630146 | r:    91.000000 | e:   0.100000 | Q: 206.220901 | won: True 
# 4800 | steps: 109537 | steps_t: 100171 | t: 792.296215 | r:  -566.000000 | e:   0.100000 | Q: 406.524994 | won: False 
# 4900 | steps: 112790 | steps_t: 103324 | t: 815.963133 | r:  -523.000000 | e:   0.100000 | Q: 258.751892 | won: False 
# 5000 | steps: 116241 | steps_t: 106675 | t: 840.718349 | r:  -544.000000 | e:   0.100000 | Q: 203.844925 | won: False 
# 5100 | steps: 119303 | steps_t: 109637 | t: 862.529358 | r:  -538.000000 | e:   0.100000 | Q: 380.314270 | won: False 
# 5200 | steps: 122519 | steps_t: 112753 | t: 887.341583 | r:  -517.000000 | e:   0.100000 | Q: 200.034241 | won: False 
# 5300 | steps: 125759 | steps_t: 115893 | t: 915.950348 | r:    88.000000 | e:   0.100000 | Q: 220.064606 | won: True 
# 5400 | steps: 129393 | steps_t: 119427 | t: 941.913871 | r:  -523.000000 | e:   0.100000 | Q: 162.554657 | won: False 
# 5500 | steps: 133198 | steps_t: 123132 | t: 972.356294 | r:  -520.000000 | e:   0.100000 | Q: 180.333206 | won: False 
# 5600 | steps: 136416 | steps_t: 126250 | t: 1001.681180 | r:  -512.000000 | e:   0.100000 | Q: 142.000168 | won: False 
# 5700 | steps: 140648 | steps_t: 130382 | t: 1038.237714 | r:    75.000000 | e:   0.100000 | Q: 232.809799 | won: True 
# 5800 | steps: 144321 | steps_t: 133955 | t: 1066.451587 | r:    90.000000 | e:   0.100000 | Q: 172.396622 | won: True 
# 5900 | steps: 147797 | steps_t: 137331 | t: 1092.693891 | r:  -495.000000 | e:   0.100000 | Q: 156.019592 | won: False 
# 6000 | steps: 151058 | steps_t: 140492 | t: 1118.848185 | r:  -509.000000 | e:   0.100000 | Q: 125.641541 | won: False 
# 6100 | steps: 154383 | steps_t: 143717 | t: 1146.497615 | r:  -522.000000 | e:   0.100000 | Q: 198.174591 | won: False 
# 6200 | steps: 157332 | steps_t: 146566 | t: 1169.455469 | r:  -539.000000 | e:   0.100000 | Q: 140.090347 | won: False 
# 6300 | steps: 160287 | steps_t: 149421 | t: 1192.011260 | r:  -521.000000 | e:   0.100000 | Q: 184.446320 | won: False 
# 6400 | steps: 163167 | steps_t: 152201 | t: 1217.045464 | r:    92.000000 | e:   0.100000 | Q: 132.086456 | won: True 
# 6500 | steps: 166000 | steps_t: 154934 | t: 1241.989621 | r:    78.000000 | e:   0.100000 | Q: 173.107452 | won: True 
# 6600 | steps: 168910 | steps_t: 157744 | t: 1265.382299 | r:  -517.000000 | e:   0.100000 | Q: 110.185150 | won: False 
# 6700 | steps: 171886 | steps_t: 160620 | t: 1289.118428 | r:    66.000000 | e:   0.100000 | Q: 160.680878 | won: True 
# 6800 | steps: 174846 | steps_t: 163480 | t: 1312.172409 | r:  -522.000000 | e:   0.100000 | Q: 162.094391 | won: False 
# 6900 | steps: 177495 | steps_t: 166029 | t: 1332.480216 | r:    86.000000 | e:   0.100000 | Q: 136.450592 | won: True 
# 7000 | steps: 180194 | steps_t: 168628 | t: 1353.188933 | r:  -511.000000 | e:   0.100000 | Q: 195.274490 | won: False 
# 7100 | steps: 182908 | steps_t: 171242 | t: 1373.742503 | r:    78.000000 | e:   0.100000 | Q: 171.442215 | won: True 
# 7200 | steps: 185750 | steps_t: 173984 | t: 1395.125991 | r:    92.000000 | e:   0.100000 | Q: 204.483658 | won: True 
# 7300 | steps: 188342 | steps_t: 176476 | t: 1414.782937 | r:  -537.000000 | e:   0.100000 | Q: 138.699982 | won: False 
# 7400 | steps: 191143 | steps_t: 179177 | t: 1436.151534 | r:    90.000000 | e:   0.100000 | Q: 113.831856 | won: True 
# 7500 | steps: 193845 | steps_t: 181779 | t: 1458.426715 | r:    86.000000 | e:   0.100000 | Q: 129.891434 | won: True 
# 7600 | steps: 196730 | steps_t: 184564 | t: 1482.167380 | r:    42.000000 | e:   0.100000 | Q: 145.656601 | won: True 
# 7700 | steps: 199538 | steps_t: 187272 | t: 1503.777649 | r:    80.000000 | e:   0.100000 | Q: 111.345764 | won: True 
# 7800 | steps: 202307 | steps_t: 189941 | t: 1526.800059 | r:    87.000000 | e:   0.100000 | Q: 166.890228 | won: True 
# 7900 | steps: 204774 | steps_t: 192308 | t: 1546.867589 | r:    94.000000 | e:   0.100000 | Q: 107.363464 | won: True 
# 8000 | steps: 207600 | steps_t: 195034 | t: 1573.246798 | r:    54.000000 | e:   0.100000 | Q: 175.941833 | won: True 
# 8100 | steps: 210201 | steps_t: 197535 | t: 1595.840769 | r:  -526.000000 | e:   0.100000 | Q: 100.556572 | won: False 
# 8200 | steps: 212833 | steps_t: 200067 | t: 1617.931996 | r:    91.000000 | e:   0.100000 | Q:  98.011063 | won: True 
# 8300 | steps: 215341 | steps_t: 202475 | t: 1639.270771 | r:    86.000000 | e:   0.100000 | Q: 101.352737 | won: True 
# 8400 | steps: 217941 | steps_t: 204975 | t: 1660.410485 | r:    82.000000 | e:   0.100000 | Q: 128.339142 | won: True 
# 8500 | steps: 220546 | steps_t: 207480 | t: 1682.660538 | r:  -512.000000 | e:   0.100000 | Q:  94.942024 | won: False 
# 8600 | steps: 223285 | steps_t: 210119 | t: 1707.827131 | r:    78.000000 | e:   0.100000 | Q: 126.726265 | won: True 
# 8700 | steps: 225819 | steps_t: 212553 | t: 1729.067766 | r:    87.000000 | e:   0.100000 | Q: 113.635361 | won: True 
# 8800 | steps: 228398 | steps_t: 215032 | t: 1749.303078 | r:  -508.000000 | e:   0.100000 | Q: 120.990341 | won: False 
# 8900 | steps: 231051 | steps_t: 217585 | t: 1769.516196 | r:    90.000000 | e:   0.100000 | Q: 124.093971 | won: True 
# 9000 | steps: 233754 | steps_t: 220188 | t: 1790.776029 | r:  -510.000000 | e:   0.100000 | Q:  91.371773 | won: False 
# 9100 | steps: 236453 | steps_t: 222787 | t: 1813.289146 | r:    92.000000 | e:   0.100000 | Q: 160.402176 | won: True 
# 9200 | steps: 238974 | steps_t: 225208 | t: 1835.296762 | r:  -495.000000 | e:   0.100000 | Q:  93.421509 | won: False 
# 9300 | steps: 241617 | steps_t: 227751 | t: 1854.298178 | r:    90.000000 | e:   0.100000 | Q: 125.437630 | won: True 
# 9400 | steps: 244181 | steps_t: 230215 | t: 1872.432121 | r:    79.000000 | e:   0.100000 | Q: 125.300034 | won: True 
# 9500 | steps: 246701 | steps_t: 232635 | t: 1890.207891 | r:    90.000000 | e:   0.100000 | Q: 150.529205 | won: True 
# 9600 | steps: 248938 | steps_t: 234772 | t: 1905.921215 | r:    79.000000 | e:   0.100000 | Q: 124.385094 | won: True 
# 9700 | steps: 251397 | steps_t: 237131 | t: 1923.813966 | r:  -512.000000 | e:   0.100000 | Q:  81.270210 | won: False 
# 9800 | steps: 254089 | steps_t: 239723 | t: 1945.358862 | r:    78.000000 | e:   0.100000 | Q:  97.137634 | won: True 
# 9900 | steps: 256719 | steps_t: 242253 | t: 1968.157516 | r:  -515.000000 | e:   0.100000 | Q:  94.280952 | won: False 
# 10000 | steps: 259381 | steps_t: 244815 | t: 1991.299516 | r:    78.000000 | e:   0.100000 | Q: 139.157822 | won: True 
# 10100 | steps: 262050 | steps_t: 247384 | t: 2014.276612 | r:  -508.000000 | e:   0.100000 | Q: 114.915771 | won: False 
