#  100 | steps:  1103 | steps_t:     0 | t: 1.694001 | r:  -508.000000 | e:   1.000000 | Q:        nan | won: False 
#  200 | steps:  2201 | steps_t:     0 | t: 3.252927 | r:  -508.000000 | e:   1.000000 | Q:        nan | won: False 
#  300 | steps:  3278 | steps_t:     0 | t: 4.532935 | r:  -516.000000 | e:   1.000000 | Q:        nan | won: False 
#  400 | steps:  4386 | steps_t:     0 | t: 5.752884 | r:  -510.000000 | e:   1.000000 | Q:        nan | won: False 
#  500 | steps:  5455 | steps_t:   414 | t: 10.780833 | r:  -508.000000 | e:   0.958600 | Q: -329.111328 | won: False 
#  600 | steps:  6566 | steps_t:  1425 | t: 21.322044 | r:  -509.000000 | e:   0.857500 | Q:        nan | won: False 
#  700 | steps:  7734 | steps_t:  2493 | t: 30.530517 | r:  -512.000000 | e:   0.750700 | Q: -294.359009 | won: False 
#  800 | steps:  8966 | steps_t:  3625 | t: 42.618883 | r:  -521.000000 | e:   0.637500 | Q: -266.638000 | won: False 
#  900 | steps: 10247 | steps_t:  4806 | t: 56.286050 | r:  -511.000000 | e:   0.519400 | Q: -315.080292 | won: False 
# 1000 | steps: 11701 | steps_t:  6160 | t: 70.542054 | r:  -507.000000 | e:   0.384000 | Q: -269.469818 | won: False 
# 1100 | steps: 13319 | steps_t:  7678 | t: 86.369120 | r:  -514.000000 | e:   0.232200 | Q: -169.395508 | won: False 
# 1200 | steps: 15129 | steps_t:  9388 | t: 103.804665 | r:  -515.000000 | e:   0.100000 | Q: -199.046036 | won: False 
# 1300 | steps: 16966 | steps_t: 11125 | t: 121.631791 | r:  -507.000000 | e:   0.100000 | Q: -198.988785 | won: False 
# 1400 | steps: 18836 | steps_t: 12895 | t: 138.665404 | r:  -513.000000 | e:   0.100000 | Q: -204.640778 | won: False 
# 1500 | steps: 20650 | steps_t: 14609 | t: 155.038396 | r:  -513.000000 | e:   0.100000 | Q: -219.253662 | won: False 
# 1600 | steps: 22524 | steps_t: 16383 | t: 172.684100 | r:    83.000000 | e:   0.100000 | Q: -197.125198 | won: True 
# 1700 | steps: 24450 | steps_t: 18209 | t: 190.201821 | r:  -508.000000 | e:   0.100000 | Q: -205.411728 | won: False 
# 1800 | steps: 26355 | steps_t: 20014 | t: 207.101112 | r:  -511.000000 | e:   0.100000 | Q: -183.296356 | won: False 
# 1900 | steps: 28192 | steps_t: 21751 | t: 223.588388 | r:  -506.000000 | e:   0.100000 | Q: -187.268570 | won: False 
# 2000 | steps: 30081 | steps_t: 23540 | t: 243.142369 | r:  -561.000000 | e:   0.100000 | Q: -131.128647 | won: False 
# 2100 | steps: 31946 | steps_t: 25305 | t: 260.258184 | r:  -513.000000 | e:   0.100000 | Q: -171.715256 | won: False 
# 2200 | steps: 33796 | steps_t: 27055 | t: 278.129510 | r:  -508.000000 | e:   0.100000 | Q: -163.714417 | won: False 
# 2300 | steps: 35788 | steps_t: 28947 | t: 301.217332 | r:  -522.000000 | e:   0.100000 | Q: -161.003357 | won: False 
# 2400 | steps: 38057 | steps_t: 31116 | t: 324.299714 | r:  -507.000000 | e:   0.100000 | Q: -114.188866 | won: False 
# 2500 | steps: 40277 | steps_t: 33236 | t: 347.646209 | r:  -528.000000 | e:   0.100000 | Q:   0.335218 | won: False 
# 2600 | steps: 42942 | steps_t: 35801 | t: 377.519693 | r:    78.000000 | e:   0.100000 | Q:  10.521929 | won: True 
# 2700 | steps: 45462 | steps_t: 38221 | t: 402.499439 | r:  -503.000000 | e:   0.100000 | Q:  13.617868 | won: False 
# 2800 | steps: 48486 | steps_t: 41145 | t: 429.735640 | r:    70.000000 | e:   0.100000 | Q:  89.883018 | won: True 
# 2900 | steps: 52202 | steps_t: 44761 | t: 467.991552 | r:  -606.000000 | e:   0.100000 | Q: 228.451340 | won: False 
# 3000 | steps: 56366 | steps_t: 48825 | t: 511.566443 | r:    94.000000 | e:   0.100000 | Q: 255.990768 | won: True 
# 3100 | steps: 60999 | steps_t: 53358 | t: 559.590750 | r:  -515.000000 | e:   0.100000 | Q: 228.185028 | won: False 
# 3200 | steps: 65061 | steps_t: 57320 | t: 610.982356 | r:    82.000000 | e:   0.100000 | Q: 286.977142 | won: True 
# 3300 | steps: 69235 | steps_t: 61394 | t: 653.736127 | r:    93.000000 | e:   0.100000 | Q: 184.652298 | won: True 
# 3400 | steps: 73993 | steps_t: 66052 | t: 711.815155 | r:  -521.000000 | e:   0.100000 | Q: 264.624176 | won: False 
# 3500 | steps: 78157 | steps_t: 70116 | t: 755.298378 | r:    81.000000 | e:   0.100000 | Q: 292.696472 | won: True 
# 3600 | steps: 81650 | steps_t: 73509 | t: 791.662805 | r:  -508.000000 | e:   0.100000 | Q: 278.259094 | won: False 
# 3700 | steps: 85336 | steps_t: 77095 | t: 848.560968 | r:  -605.000000 | e:   0.100000 | Q: 208.232025 | won: False 
# 3800 | steps: 88838 | steps_t: 80497 | t: 908.570994 | r:    92.000000 | e:   0.100000 | Q: 167.683319 | won: True 
# 3900 | steps: 92969 | steps_t: 84528 | t: 978.356653 | r:    92.000000 | e:   0.100000 | Q: 180.929550 | won: True 
# 4000 | steps: 96182 | steps_t: 87641 | t: 1032.751354 | r:    70.000000 | e:   0.100000 | Q: 160.750214 | won: True 
# 4100 | steps: 99801 | steps_t: 91160 | t: 1095.845605 | r:  -519.000000 | e:   0.100000 | Q: 171.947632 | won: False 
# 4200 | steps: 103833 | steps_t: 95092 | t: 1177.436287 | r:  -510.000000 | e:   0.100000 | Q: 168.616135 | won: False 
# 4300 | steps: 107302 | steps_t: 98461 | t: 1240.704859 | r:    78.000000 | e:   0.100000 | Q: 164.953674 | won: True 
# 4400 | steps: 111245 | steps_t: 102304 | t: 1309.348216 | r:  -533.000000 | e:   0.100000 | Q: 231.879440 | won: False 
# 4500 | steps: 115090 | steps_t: 106049 | t: 1363.815221 | r:  -507.000000 | e:   0.100000 | Q: 114.804741 | won: False 
