#  100 | steps:  1173 | steps_t:     0 | t: 0.430893 | r:  -520.000000 | e:   1.000000 | Q:        nan | won: False 
#  200 | steps:  2274 | steps_t:     0 | t: 0.804254 | r:  -507.000000 | e:   1.000000 | Q:        nan | won: False 
#  300 | steps:  3433 | steps_t:     0 | t: 1.227679 | r:  -504.000000 | e:   1.000000 | Q:        nan | won: False 
#  400 | steps:  4566 | steps_t:     0 | t: 1.634636 | r:  -512.000000 | e:   1.000000 | Q:        nan | won: False 
#  500 | steps:  5639 | steps_t:   579 | t: 6.490151 | r:  -506.000000 | e:   0.942100 | Q:        nan | won: False 
#  600 | steps:  6794 | steps_t:  1634 | t: 15.557979 | r:  -508.000000 | e:   0.836600 | Q: -314.420471 | won: False 
#  700 | steps:  7998 | steps_t:  2738 | t: 23.643748 | r:  -509.000000 | e:   0.726200 | Q: -437.403564 | won: False 
#  800 | steps:  9188 | steps_t:  3828 | t: 31.110154 | r:  -544.000000 | e:   0.617200 | Q: -266.161163 | won: False 
#  900 | steps: 10412 | steps_t:  4952 | t: 40.897090 | r:  -504.000000 | e:   0.504800 | Q: -398.391388 | won: False 
# 1000 | steps: 11804 | steps_t:  6244 | t: 50.054973 | r:  -510.000000 | e:   0.375600 | Q: -285.330750 | won: False 
# 1100 | steps: 13342 | steps_t:  7682 | t: 61.469533 | r:  -513.000000 | e:   0.231800 | Q: -217.916595 | won: False 
# 1200 | steps: 15011 | steps_t:  9251 | t: 73.431823 | r:  -531.000000 | e:   0.100000 | Q: -182.224960 | won: False 
# 1300 | steps: 16785 | steps_t: 10925 | t: 86.255934 | r:  -505.000000 | e:   0.100000 | Q: -187.489868 | won: False 
# 1400 | steps: 18492 | steps_t: 12532 | t: 98.330107 | r:  -513.000000 | e:   0.100000 | Q: -209.566269 | won: False 
# 1500 | steps: 20098 | steps_t: 14038 | t: 110.192396 | r:  -513.000000 | e:   0.100000 | Q: -219.693832 | won: False 
# 1600 | steps: 21865 | steps_t: 15705 | t: 124.772204 | r:  -509.000000 | e:   0.100000 | Q: -211.959412 | won: False 
# 1700 | steps: 23730 | steps_t: 17470 | t: 138.795957 | r:  -512.000000 | e:   0.100000 | Q: -188.147598 | won: False 
# 1800 | steps: 25493 | steps_t: 19133 | t: 152.301277 | r:  -511.000000 | e:   0.100000 | Q: -203.837387 | won: False 
# 1900 | steps: 27400 | steps_t: 20940 | t: 167.166707 | r:  -527.000000 | e:   0.100000 | Q: -180.021439 | won: False 
# 2000 | steps: 29117 | steps_t: 22557 | t: 180.408666 | r:  -513.000000 | e:   0.100000 | Q: -214.761185 | won: False 
# 2100 | steps: 31000 | steps_t: 24340 | t: 194.622926 | r:  -517.000000 | e:   0.100000 | Q: -186.304901 | won: False 
# 2200 | steps: 33013 | steps_t: 26253 | t: 211.181926 | r:  -523.000000 | e:   0.100000 | Q: -173.648117 | won: False 
# 2300 | steps: 34834 | steps_t: 27974 | t: 224.168435 | r:  -518.000000 | e:   0.100000 | Q: -200.097198 | won: False 
# 2400 | steps: 36758 | steps_t: 29798 | t: 237.754004 | r:  -509.000000 | e:   0.100000 | Q: -200.427048 | won: False 
# 2500 | steps: 38881 | steps_t: 31821 | t: 253.191005 | r:  -516.000000 | e:   0.100000 | Q: -208.467148 | won: False 
# 2600 | steps: 40876 | steps_t: 33716 | t: 268.006150 | r:  -509.000000 | e:   0.100000 | Q: -188.259674 | won: False 
# 2700 | steps: 42757 | steps_t: 35497 | t: 281.553088 | r:  -513.000000 | e:   0.100000 | Q: -171.318024 | won: False 
# 2800 | steps: 45222 | steps_t: 37862 | t: 299.603474 | r:  -530.000000 | e:   0.100000 | Q: -148.651871 | won: False 
# 2900 | steps: 47551 | steps_t: 40091 | t: 317.209662 | r:  -512.000000 | e:   0.100000 | Q: -153.004364 | won: False 
# 3000 | steps: 49938 | steps_t: 42378 | t: 334.553500 | r:  -508.000000 | e:   0.100000 | Q: -165.320740 | won: False 
# 3100 | steps: 52293 | steps_t: 44633 | t: 351.988854 | r:    82.000000 | e:   0.100000 | Q: -102.081085 | won: True 
# 3200 | steps: 54768 | steps_t: 47008 | t: 369.949714 | r:  -509.000000 | e:   0.100000 | Q: -72.951385 | won: False 
# 3300 | steps: 57280 | steps_t: 49420 | t: 391.277566 | r:  -523.000000 | e:   0.100000 | Q:  20.757292 | won: False 
# 3400 | steps: 59859 | steps_t: 51899 | t: 411.989684 | r:  -509.000000 | e:   0.100000 | Q:   3.717966 | won: False 
# 3500 | steps: 63155 | steps_t: 55095 | t: 439.768045 | r:    81.000000 | e:   0.100000 | Q: 384.909821 | won: True 
# 3600 | steps: 66160 | steps_t: 58000 | t: 463.544245 | r:    91.000000 | e:   0.100000 | Q: 153.606125 | won: True 
# 3700 | steps: 69234 | steps_t: 60974 | t: 488.459351 | r:  -503.000000 | e:   0.100000 | Q: 279.310516 | won: False 
# 3800 | steps: 72481 | steps_t: 64121 | t: 512.000540 | r:  -510.000000 | e:   0.100000 | Q: 218.801422 | won: False 
# 3900 | steps: 77455 | steps_t: 68995 | t: 551.686289 | r:  -525.000000 | e:   0.100000 | Q: 277.247864 | won: False 
# 4000 | steps: 81951 | steps_t: 73391 | t: 585.554195 | r:    64.000000 | e:   0.100000 | Q: 263.577087 | won: True 
# 4100 | steps: 86604 | steps_t: 77944 | t: 628.857283 | r:    93.000000 | e:   0.100000 | Q: 269.883057 | won: True 
# 4200 | steps: 90950 | steps_t: 82190 | t: 663.970401 | r:  -539.000000 | e:   0.100000 | Q: 259.461823 | won: False 
# 4300 | steps: 95727 | steps_t: 86867 | t: 705.452933 | r:  -515.000000 | e:   0.100000 | Q: 342.638092 | won: False 
# 4400 | steps: 100380 | steps_t: 91420 | t: 742.707065 | r:  -524.000000 | e:   0.100000 | Q: 201.697342 | won: False 
# 4500 | steps: 104767 | steps_t: 95707 | t: 776.924198 | r:  -536.000000 | e:   0.100000 | Q: 240.201385 | won: False 
# 4600 | steps: 108709 | steps_t: 99549 | t: 808.475511 | r:  -523.000000 | e:   0.100000 | Q: 330.190186 | won: False 
# 4700 | steps: 112592 | steps_t: 103332 | t: 839.658884 | r:    71.000000 | e:   0.100000 | Q: 256.151794 | won: True 
# 4800 | steps: 116583 | steps_t: 107223 | t: 869.912401 | r:  -501.000000 | e:   0.100000 | Q: 213.567276 | won: False 
# 4900 | steps: 120272 | steps_t: 110812 | t: 899.511978 | r:    81.000000 | e:   0.100000 | Q: 238.413223 | won: True 
# 5000 | steps: 123723 | steps_t: 114163 | t: 927.316921 | r:    80.000000 | e:   0.100000 | Q: 180.130051 | won: True 
