#  100 | steps:  1026 | steps_t:     0 | t: 0.478333 | r:  -507.000000 | e:   1.000000 | Q:        nan | won: False 
#  200 | steps:  2147 | steps_t:     0 | t: 0.862154 | r:  -508.000000 | e:   1.000000 | Q:        nan | won: False 
#  300 | steps:  3308 | steps_t:     0 | t: 1.258253 | r:  -510.000000 | e:   1.000000 | Q:        nan | won: False 
#  400 | steps:  4397 | steps_t:     0 | t: 1.625446 | r:  -512.000000 | e:   1.000000 | Q:        nan | won: False 
#  500 | steps:  5562 | steps_t:   507 | t: 5.758556 | r:  -519.000000 | e:   0.949300 | Q: -288.434906 | won: False 
#  600 | steps:  6689 | steps_t:  1534 | t: 12.758483 | r:  -511.000000 | e:   0.846600 | Q:        nan | won: False 
#  700 | steps:  7792 | steps_t:  2537 | t: 20.176795 | r:  -508.000000 | e:   0.746300 | Q: -337.089203 | won: False 
#  800 | steps:  9019 | steps_t:  3664 | t: 27.886846 | r:  -505.000000 | e:   0.633600 | Q: -307.150482 | won: False 
#  900 | steps: 10193 | steps_t:  4738 | t: 35.301718 | r:  -509.000000 | e:   0.526200 | Q: -271.007568 | won: False 
# 1000 | steps: 11491 | steps_t:  5936 | t: 44.776648 | r:  -508.000000 | e:   0.406400 | Q: -335.366791 | won: False 
# 1100 | steps: 13006 | steps_t:  7351 | t: 57.483907 | r:  -507.000000 | e:   0.264900 | Q: -242.261734 | won: False 
# 1200 | steps: 14740 | steps_t:  8985 | t: 73.549722 | r:  -509.000000 | e:   0.101500 | Q: -241.240341 | won: False 
# 1300 | steps: 16404 | steps_t: 10549 | t: 88.492071 | r:  -508.000000 | e:   0.100000 | Q: -218.350113 | won: False 
# 1400 | steps: 18166 | steps_t: 12211 | t: 104.445186 | r:  -514.000000 | e:   0.100000 | Q: -236.951599 | won: False 
# 1500 | steps: 19867 | steps_t: 13812 | t: 118.291200 | r:  -514.000000 | e:   0.100000 | Q: -227.143143 | won: False 
# 1600 | steps: 21655 | steps_t: 15500 | t: 133.975460 | r:  -517.000000 | e:   0.100000 | Q: -178.894302 | won: False 
# 1700 | steps: 23478 | steps_t: 17223 | t: 152.294524 | r:  -510.000000 | e:   0.100000 | Q: -215.545563 | won: False 
# 1800 | steps: 25387 | steps_t: 19032 | t: 170.850206 | r:  -516.000000 | e:   0.100000 | Q: -212.127640 | won: False 
# 1900 | steps: 27299 | steps_t: 20844 | t: 185.607586 | r:  -512.000000 | e:   0.100000 | Q: -202.410614 | won: False 
# 2000 | steps: 29138 | steps_t: 22583 | t: 198.554094 | r:  -508.000000 | e:   0.100000 | Q: -195.823608 | won: False 
# 2100 | steps: 31093 | steps_t: 24438 | t: 212.153800 | r:  -515.000000 | e:   0.100000 | Q: -176.262955 | won: False 
# 2200 | steps: 33241 | steps_t: 26486 | t: 227.005557 | r:  -517.000000 | e:   0.100000 | Q: -197.381287 | won: False 
# 2300 | steps: 35326 | steps_t: 28471 | t: 241.166696 | r:  -492.000000 | e:   0.100000 | Q: -172.157776 | won: False 
# 2400 | steps: 37276 | steps_t: 30321 | t: 254.827722 | r:  -529.000000 | e:   0.100000 | Q: 164.154068 | won: False 
# 2500 | steps: 39447 | steps_t: 32392 | t: 269.688136 | r:  -515.000000 | e:   0.100000 | Q: -53.646740 | won: False 
# 2600 | steps: 42305 | steps_t: 35150 | t: 289.439578 | r:  -513.000000 | e:   0.100000 | Q: -106.855415 | won: False 
# 2700 | steps: 44951 | steps_t: 37696 | t: 307.827369 | r:  -529.000000 | e:   0.100000 | Q:  40.104496 | won: False 
# 2800 | steps: 47640 | steps_t: 40285 | t: 326.381941 | r:    54.000000 | e:   0.100000 | Q: -13.830821 | won: True 
# 2900 | steps: 50779 | steps_t: 43324 | t: 348.344742 | r:  -518.000000 | e:   0.100000 | Q:   6.937483 | won: False 
# 3000 | steps: 54236 | steps_t: 46681 | t: 372.673943 | r:  -566.000000 | e:   0.100000 | Q: 155.518539 | won: False 
# 3100 | steps: 57930 | steps_t: 50275 | t: 400.020263 | r:  -535.000000 | e:   0.100000 | Q: 198.000595 | won: False 
# 3200 | steps: 61323 | steps_t: 53568 | t: 425.381164 | r:    87.000000 | e:   0.100000 | Q: 171.082443 | won: True 
# 3300 | steps: 64399 | steps_t: 56544 | t: 447.130847 | r:    48.000000 | e:   0.100000 | Q: 266.531830 | won: True 
# 3400 | steps: 67120 | steps_t: 59165 | t: 467.924541 | r:    83.000000 | e:   0.100000 | Q: 258.289398 | won: True 
# 3500 | steps: 69881 | steps_t: 61826 | t: 488.947282 | r:    79.000000 | e:   0.100000 | Q: 330.245667 | won: True 
# 3600 | steps: 73126 | steps_t: 64971 | t: 513.388256 | r:    80.000000 | e:   0.100000 | Q: 297.093445 | won: True 
# 3700 | steps: 76242 | steps_t: 67987 | t: 538.274082 | r:    88.000000 | e:   0.100000 | Q: 215.562241 | won: True 
# 3800 | steps: 79211 | steps_t: 70856 | t: 565.103645 | r:    80.000000 | e:   0.100000 | Q: 240.429794 | won: True 
# 3900 | steps: 82575 | steps_t: 74120 | t: 599.707831 | r:    47.000000 | e:   0.100000 | Q: 390.384552 | won: True 
# 4000 | steps: 86013 | steps_t: 77458 | t: 627.874861 | r:    26.000000 | e:   0.100000 | Q: 354.178192 | won: True 
# 4100 | steps: 89649 | steps_t: 80994 | t: 656.002816 | r:    94.000000 | e:   0.100000 | Q: 377.896667 | won: True 
# 4200 | steps: 93311 | steps_t: 84556 | t: 687.108169 | r:    88.000000 | e:   0.100000 | Q: 239.000504 | won: True 
# 4300 | steps: 97002 | steps_t: 88147 | t: 716.090745 | r:    82.000000 | e:   0.100000 | Q: 238.048264 | won: True 
# 4400 | steps: 100933 | steps_t: 91978 | t: 754.065770 | r:    62.000000 | e:   0.100000 | Q: 236.308731 | won: True 
# 4500 | steps: 104373 | steps_t: 95318 | t: 792.132855 | r:    92.000000 | e:   0.100000 | Q: 203.235397 | won: True 
# 4600 | steps: 108267 | steps_t: 99112 | t: 828.553791 | r:    92.000000 | e:   0.100000 | Q: 217.819107 | won: True 
# 4700 | steps: 111793 | steps_t: 102538 | t: 860.458298 | r:    78.000000 | e:   0.100000 | Q: 244.865219 | won: True 
# 4800 | steps: 115885 | steps_t: 106530 | t: 894.126613 | r:    70.000000 | e:   0.100000 | Q: 282.440857 | won: True 
# 4900 | steps: 119854 | steps_t: 110399 | t: 931.086546 | r:  -507.000000 | e:   0.100000 | Q: 227.645065 | won: False 
# 5000 | steps: 123771 | steps_t: 114216 | t: 964.629672 | r:  -541.000000 | e:   0.100000 | Q: 309.100677 | won: False 
