#  100 | steps:  1066 | steps_t:     0 | t: 0.376779 | r:  -508.000000 | e:   1.000000 | Q:        nan | won: False 
#  200 | steps:  2233 | steps_t:     0 | t: 0.774813 | r:  -509.000000 | e:   1.000000 | Q:        nan | won: False 
#  300 | steps:  3347 | steps_t:     0 | t: 1.153653 | r:  -507.000000 | e:   1.000000 | Q:        nan | won: False 
#  400 | steps:  4447 | steps_t:     0 | t: 1.537542 | r:  -509.000000 | e:   1.000000 | Q:        nan | won: False 
#  500 | steps:  5587 | steps_t:   533 | t: 5.583704 | r:  -509.000000 | e:   0.946700 | Q: -310.368713 | won: False 
#  600 | steps:  6733 | steps_t:  1579 | t: 12.788437 | r:  -508.000000 | e:   0.842100 | Q: -327.070923 | won: False 
#  700 | steps:  7831 | steps_t:  2577 | t: 19.753421 | r:  -506.000000 | e:   0.742300 | Q: -293.772308 | won: False 
#  800 | steps:  9042 | steps_t:  3688 | t: 27.385575 | r:  -510.000000 | e:   0.631200 | Q: -280.903992 | won: False 
#  900 | steps: 10324 | steps_t:  4870 | t: 35.988729 | r:  -525.000000 | e:   0.513000 | Q: -293.168945 | won: False 
# 1000 | steps: 11703 | steps_t:  6149 | t: 45.228417 | r:  -509.000000 | e:   0.385100 | Q: -290.589203 | won: False 
# 1100 | steps: 13207 | steps_t:  7553 | t: 55.190896 | r:  -513.000000 | e:   0.244700 | Q: -243.029510 | won: False 
# 1200 | steps: 15019 | steps_t:  9265 | t: 68.360251 | r:  -507.000000 | e:   0.100000 | Q: -228.119293 | won: False 
# 1300 | steps: 16825 | steps_t: 10971 | t: 82.373868 | r:  -506.000000 | e:   0.100000 | Q: -217.599777 | won: False 
# 1400 | steps: 18691 | steps_t: 12737 | t: 99.853784 | r:  -513.000000 | e:   0.100000 | Q: -210.923294 | won: False 
# 1500 | steps: 20501 | steps_t: 14447 | t: 114.437272 | r:  -517.000000 | e:   0.100000 | Q: -210.426514 | won: False 
# 1600 | steps: 22340 | steps_t: 16186 | t: 129.424048 | r:  -513.000000 | e:   0.100000 | Q: -187.812408 | won: False 
# 1700 | steps: 24330 | steps_t: 18076 | t: 144.576700 | r:  -510.000000 | e:   0.100000 | Q: -187.975632 | won: False 
# 1800 | steps: 26054 | steps_t: 19700 | t: 161.491483 | r:  -516.000000 | e:   0.100000 | Q: -174.177887 | won: False 
# 1900 | steps: 28175 | steps_t: 21721 | t: 180.410331 | r:  -518.000000 | e:   0.100000 | Q: -180.143372 | won: False 
# 2000 | steps: 30084 | steps_t: 23530 | t: 198.622445 | r:  -513.000000 | e:   0.100000 | Q: -160.788177 | won: False 
# 2100 | steps: 32074 | steps_t: 25420 | t: 214.766527 | r:  -510.000000 | e:   0.100000 | Q: -186.572388 | won: False 
# 2200 | steps: 34151 | steps_t: 27397 | t: 234.533579 | r:  -509.000000 | e:   0.100000 | Q: -177.174255 | won: False 
# 2300 | steps: 36447 | steps_t: 29593 | t: 252.626858 | r:  -504.000000 | e:   0.100000 | Q: -84.154518 | won: False 
# 2400 | steps: 38868 | steps_t: 31914 | t: 269.827273 | r:  -518.000000 | e:   0.100000 | Q: -82.431831 | won: False 
# 2500 | steps: 41734 | steps_t: 34680 | t: 290.836035 | r:  -518.000000 | e:   0.100000 | Q: 160.232956 | won: False 
# 2600 | steps: 44605 | steps_t: 37451 | t: 311.449940 | r:  -513.000000 | e:   0.100000 | Q: -36.177479 | won: False 
# 2700 | steps: 48098 | steps_t: 40844 | t: 336.117573 | r:  -526.000000 | e:   0.100000 | Q: 106.826248 | won: False 
# 2800 | steps: 51908 | steps_t: 44554 | t: 370.190742 | r:  -518.000000 | e:   0.100000 | Q: 206.611389 | won: False 
# 2900 | steps: 55314 | steps_t: 47860 | t: 398.768644 | r:  -510.000000 | e:   0.100000 | Q:  32.733315 | won: False 
# 3000 | steps: 60295 | steps_t: 52741 | t: 436.682429 | r:  -523.000000 | e:   0.100000 | Q:  96.725677 | won: False 
# 3100 | steps: 64898 | steps_t: 57244 | t: 473.008409 | r:  -539.000000 | e:   0.100000 | Q: 148.509552 | won: False 
# 3200 | steps: 70721 | steps_t: 62967 | t: 523.631768 | r:    30.000000 | e:   0.100000 | Q: 147.192322 | won: True 
# 3300 | steps: 77145 | steps_t: 69291 | t: 576.962262 | r:    62.000000 | e:   0.100000 | Q: 325.754547 | won: True 
# 3400 | steps: 82491 | steps_t: 74537 | t: 617.832125 | r:  -518.000000 | e:   0.100000 | Q: 203.463226 | won: False 
# 3500 | steps: 86936 | steps_t: 78882 | t: 651.989575 | r:    23.000000 | e:   0.100000 | Q: 324.950226 | won: True 
# 3600 | steps: 91152 | steps_t: 82998 | t: 685.169451 | r:    68.000000 | e:   0.100000 | Q: 223.018402 | won: True 
# 3700 | steps: 95225 | steps_t: 86971 | t: 717.471524 | r:    80.000000 | e:   0.100000 | Q: 134.568390 | won: True 
# 3800 | steps: 98749 | steps_t: 90395 | t: 747.862381 | r:  -540.000000 | e:   0.100000 | Q: 223.856384 | won: False 
# 3900 | steps: 101903 | steps_t: 93449 | t: 775.809504 | r:    62.000000 | e:   0.100000 | Q: 259.313110 | won: True 
# 4000 | steps: 104920 | steps_t: 96366 | t: 800.325019 | r:  -503.000000 | e:   0.100000 | Q: 215.145905 | won: False 
# 4100 | steps: 107867 | steps_t: 99213 | t: 822.267588 | r:  -506.000000 | e:   0.100000 | Q: 376.278229 | won: False 
# 4200 | steps: 111302 | steps_t: 102548 | t: 850.832133 | r:    70.000000 | e:   0.100000 | Q: 238.779221 | won: True 
# 4300 | steps: 114847 | steps_t: 105993 | t: 878.734037 | r:  -545.000000 | e:   0.100000 | Q: 230.190948 | won: False 
# 4400 | steps: 118759 | steps_t: 109805 | t: 913.140270 | r:    52.000000 | e:   0.100000 | Q: 247.201935 | won: True 
# 4500 | steps: 122503 | steps_t: 113449 | t: 946.789716 | r:  -571.000000 | e:   0.100000 | Q: 339.009644 | won: False 
# 4600 | steps: 125987 | steps_t: 116833 | t: 973.291295 | r:  -519.000000 | e:   0.100000 | Q: 192.342651 | won: False 
# 4700 | steps: 129681 | steps_t: 120427 | t: 999.299223 | r:    91.000000 | e:   0.100000 | Q: 218.645950 | won: True 
# 4800 | steps: 133069 | steps_t: 123715 | t: 1025.704857 | r:    82.000000 | e:   0.100000 | Q: 180.427841 | won: True 
# 4900 | steps: 136429 | steps_t: 126975 | t: 1051.802729 | r:  -531.000000 | e:   0.100000 | Q: 220.807510 | won: False 
# 5000 | steps: 140220 | steps_t: 130666 | t: 1082.207239 | r:    80.000000 | e:   0.100000 | Q: 195.962204 | won: True 
# 5100 | steps: 143543 | steps_t: 133889 | t: 1110.709378 | r:  -512.000000 | e:   0.100000 | Q: 130.171997 | won: False 
