#  100 | steps:  1121 | steps_t:     0 | t: 1.414515 | r:  -506.000000 | e:   1.000000 | Q:        nan | won: False 
#  200 | steps:  2166 | steps_t:     0 | t: 2.077574 | r:  -502.000000 | e:   1.000000 | Q:        nan | won: False 
#  300 | steps:  3217 | steps_t:     0 | t: 2.744576 | r:  -507.000000 | e:   1.000000 | Q:        nan | won: False 
#  400 | steps:  4369 | steps_t:     0 | t: 3.468577 | r:  -492.000000 | e:   1.000000 | Q:        nan | won: False 
#  500 | steps:  5471 | steps_t:   428 | t: 8.604122 | r:  -509.000000 | e:   0.957200 | Q:        nan | won: False 
#  600 | steps:  6621 | steps_t:  1478 | t: 19.582818 | r:  -507.000000 | e:   0.852200 | Q:        nan | won: False 
#  700 | steps:  7691 | steps_t:  2448 | t: 30.509800 | r:  -518.000000 | e:   0.755200 | Q: -293.357239 | won: False 
#  800 | steps:  8941 | steps_t:  3598 | t: 42.403092 | r:  -525.000000 | e:   0.640200 | Q: -256.548431 | won: False 
#  900 | steps: 10255 | steps_t:  4812 | t: 54.371485 | r:  -511.000000 | e:   0.518800 | Q: -284.287476 | won: False 
# 1000 | steps: 11559 | steps_t:  6016 | t: 68.321787 | r:  -516.000000 | e:   0.398400 | Q: -271.141693 | won: False 
# 1100 | steps: 12985 | steps_t:  7342 | t: 85.249728 | r:  -511.000000 | e:   0.265800 | Q: -263.710846 | won: False 
# 1200 | steps: 14568 | steps_t:  8825 | t: 102.044634 | r:  -519.000000 | e:   0.117500 | Q: -234.846466 | won: False 
# 1300 | steps: 16421 | steps_t: 10578 | t: 120.168526 | r:  -514.000000 | e:   0.100000 | Q: -235.684143 | won: False 
# 1400 | steps: 18106 | steps_t: 12163 | t: 137.824005 | r:  -531.000000 | e:   0.100000 | Q: -196.682388 | won: False 
# 1500 | steps: 19992 | steps_t: 13949 | t: 155.815399 | r:  -508.000000 | e:   0.100000 | Q: -222.400513 | won: False 
# 1600 | steps: 22012 | steps_t: 15869 | t: 176.270985 | r:  -508.000000 | e:   0.100000 | Q: -196.402512 | won: False 
# 1700 | steps: 24010 | steps_t: 17767 | t: 196.043094 | r:  -531.000000 | e:   0.100000 | Q: -210.333267 | won: False 
# 1800 | steps: 26121 | steps_t: 19778 | t: 216.073360 | r:  -535.000000 | e:   0.100000 | Q: -183.497452 | won: False 
# 1900 | steps: 28082 | steps_t: 21639 | t: 237.718041 | r:  -515.000000 | e:   0.100000 | Q: -174.888672 | won: False 
# 2000 | steps: 30120 | steps_t: 23577 | t: 256.986799 | r:  -513.000000 | e:   0.100000 | Q: -190.060654 | won: False 
# 2100 | steps: 32157 | steps_t: 25514 | t: 275.272593 | r:  -515.000000 | e:   0.100000 | Q: -184.414536 | won: False 
# 2200 | steps: 34345 | steps_t: 27602 | t: 297.863063 | r:    70.000000 | e:   0.100000 | Q: -138.533020 | won: True 
# 2300 | steps: 36550 | steps_t: 29707 | t: 325.031351 | r:  -509.000000 | e:   0.100000 | Q: -193.995804 | won: False 
# 2400 | steps: 38847 | steps_t: 31904 | t: 354.124706 | r:  -517.000000 | e:   0.100000 | Q: -145.137146 | won: False 
# 2500 | steps: 41248 | steps_t: 34205 | t: 378.510847 | r:  -511.000000 | e:   0.100000 | Q: -145.085022 | won: False 
# 2600 | steps: 43627 | steps_t: 36484 | t: 404.160030 | r:  -516.000000 | e:   0.100000 | Q: -68.785027 | won: False 
# 2700 | steps: 46145 | steps_t: 38902 | t: 428.594231 | r:  -512.000000 | e:   0.100000 | Q:  13.290265 | won: False 
# 2800 | steps: 49370 | steps_t: 42027 | t: 459.718763 | r:  -528.000000 | e:   0.100000 | Q:  19.201706 | won: False 
# 2900 | steps: 52510 | steps_t: 45067 | t: 488.797340 | r:  -562.000000 | e:   0.100000 | Q: 302.452026 | won: False 
# 3000 | steps: 55776 | steps_t: 48233 | t: 522.744246 | r:  -506.000000 | e:   0.100000 | Q: 106.239098 | won: False 
# 3100 | steps: 59855 | steps_t: 52212 | t: 568.184727 | r:  -547.000000 | e:   0.100000 | Q: 552.147278 | won: False 
# 3200 | steps: 63483 | steps_t: 55740 | t: 607.317114 | r:  -550.000000 | e:   0.100000 | Q: 279.962646 | won: False 
# 3300 | steps: 67659 | steps_t: 59816 | t: 653.391382 | r:    88.000000 | e:   0.100000 | Q: 184.582016 | won: True 
# 3400 | steps: 71009 | steps_t: 63066 | t: 691.847404 | r:    89.000000 | e:   0.100000 | Q: 202.725647 | won: True 
# 3500 | steps: 73837 | steps_t: 65794 | t: 725.588499 | r:    86.000000 | e:   0.100000 | Q: 355.426270 | won: True 
# 3600 | steps: 76586 | steps_t: 68443 | t: 760.992247 | r:  -492.000000 | e:   0.100000 | Q: 240.845154 | won: False 
# 3700 | steps: 79589 | steps_t: 71346 | t: 803.432988 | r:    71.000000 | e:   0.100000 | Q: 415.227051 | won: True 
# 3800 | steps: 82397 | steps_t: 74054 | t: 846.300500 | r:    79.000000 | e:   0.100000 | Q: 458.429016 | won: True 
# 3900 | steps: 85665 | steps_t: 77222 | t: 903.695704 | r:    80.000000 | e:   0.100000 | Q: 251.254059 | won: True 
# 4000 | steps: 89333 | steps_t: 80790 | t: 960.229615 | r:    92.000000 | e:   0.100000 | Q: 263.013428 | won: True 
# 4100 | steps: 92933 | steps_t: 84290 | t: 1005.479046 | r:    80.000000 | e:   0.100000 | Q: 324.437347 | won: True 
# 4200 | steps: 96767 | steps_t: 88024 | t: 1052.911051 | r:    67.000000 | e:   0.100000 | Q: 455.550354 | won: True 
# 4300 | steps: 100408 | steps_t: 91565 | t: 1097.204000 | r:    70.000000 | e:   0.100000 | Q: 354.186554 | won: True 
# 4400 | steps: 104719 | steps_t: 95776 | t: 1166.198274 | r:    30.000000 | e:   0.100000 | Q: 273.173553 | won: True 
# 4500 | steps: 109010 | steps_t: 99967 | t: 1217.201317 | r:  -509.000000 | e:   0.100000 | Q: 223.732635 | won: False 
# 4600 | steps: 113060 | steps_t: 103917 | t: 1268.516753 | r:  -523.000000 | e:   0.100000 | Q: 265.273621 | won: False 
# 4700 | steps: 117470 | steps_t: 108227 | t: 1346.773783 | r:  -532.000000 | e:   0.100000 | Q: 239.588867 | won: False 
# 4800 | steps: 121509 | steps_t: 112166 | t: 1448.310890 | r:    91.000000 | e:   0.100000 | Q: 230.484207 | won: True 
# 4900 | steps: 125484 | steps_t: 116041 | t: 1521.760353 | r:    72.000000 | e:   0.100000 | Q: 338.943237 | won: True 
# 5000 | steps: 129149 | steps_t: 119606 | t: 1580.371099 | r:  -510.000000 | e:   0.100000 | Q: 268.487366 | won: False 
