#  100 | steps:  1036 | steps_t:     0 | t: 0.411254 | r:  -506.000000 | e:   1.000000 | Q:        nan | won: False 
#  200 | steps:  2175 | steps_t:     0 | t: 0.818728 | r:  -507.000000 | e:   1.000000 | Q:        nan | won: False 
#  300 | steps:  3278 | steps_t:     0 | t: 1.222111 | r:  -509.000000 | e:   1.000000 | Q:        nan | won: False 
#  400 | steps:  4423 | steps_t:     0 | t: 1.645626 | r:  -507.000000 | e:   1.000000 | Q:        nan | won: False 
#  500 | steps:  5519 | steps_t:   473 | t: 5.122017 | r:  -504.000000 | e:   0.952700 | Q: -298.573669 | won: False 
#  600 | steps:  6618 | steps_t:  1472 | t: 11.127700 | r:  -505.000000 | e:   0.852800 | Q:        nan | won: False 
#  700 | steps:  7810 | steps_t:  2564 | t: 17.568463 | r:  -510.000000 | e:   0.743600 | Q: -311.740143 | won: False 
#  800 | steps:  8995 | steps_t:  3649 | t: 24.465939 | r:  -522.000000 | e:   0.635100 | Q: -264.782257 | won: False 
#  900 | steps: 10159 | steps_t:  4713 | t: 30.787328 | r:  -504.000000 | e:   0.528700 | Q: -304.180298 | won: False 
# 1000 | steps: 11528 | steps_t:  5982 | t: 38.578187 | r:  -530.000000 | e:   0.401800 | Q: -254.782074 | won: False 
# 1100 | steps: 13012 | steps_t:  7366 | t: 47.503523 | r:  -505.000000 | e:   0.263400 | Q: -254.836411 | won: False 
# 1200 | steps: 14547 | steps_t:  8801 | t: 57.232095 | r:  -509.000000 | e:   0.119900 | Q: -222.579712 | won: False 
# 1300 | steps: 16223 | steps_t: 10377 | t: 67.501420 | r:  -516.000000 | e:   0.100000 | Q: -247.344315 | won: False 
# 1400 | steps: 18023 | steps_t: 12077 | t: 78.427022 | r:  -504.000000 | e:   0.100000 | Q: -230.373856 | won: False 
# 1500 | steps: 19987 | steps_t: 13941 | t: 90.648261 | r:    80.000000 | e:   0.100000 | Q: -194.734833 | won: True 
# 1600 | steps: 21851 | steps_t: 15705 | t: 101.932029 | r:  -512.000000 | e:   0.100000 | Q: -204.609360 | won: False 
# 1700 | steps: 23841 | steps_t: 17595 | t: 114.220764 | r:  -521.000000 | e:   0.100000 | Q: -204.263138 | won: False 
# 1800 | steps: 25920 | steps_t: 19574 | t: 126.835772 | r:  -511.000000 | e:   0.100000 | Q: -180.049469 | won: False 
# 1900 | steps: 27767 | steps_t: 21321 | t: 139.024340 | r:  -530.000000 | e:   0.100000 | Q: -192.333298 | won: False 
# 2000 | steps: 29623 | steps_t: 23077 | t: 152.504355 | r:  -495.000000 | e:   0.100000 | Q: -195.892792 | won: False 
# 2100 | steps: 31660 | steps_t: 25014 | t: 165.767601 | r:  -503.000000 | e:   0.100000 | Q: -177.362137 | won: False 
# 2200 | steps: 33535 | steps_t: 26789 | t: 178.808489 | r:  -509.000000 | e:   0.100000 | Q: -190.415222 | won: False 
# 2300 | steps: 35525 | steps_t: 28679 | t: 192.834910 | r:  -515.000000 | e:   0.100000 | Q: -214.063187 | won: False 
# 2400 | steps: 37546 | steps_t: 30600 | t: 208.740116 | r:  -513.000000 | e:   0.100000 | Q: -175.340500 | won: False 
# 2500 | steps: 39602 | steps_t: 32556 | t: 221.673726 | r:  -530.000000 | e:   0.100000 | Q: -140.278061 | won: False 
# 2600 | steps: 41714 | steps_t: 34568 | t: 236.637079 | r:  -496.000000 | e:   0.100000 | Q: -164.665695 | won: False 
# 2700 | steps: 43922 | steps_t: 36676 | t: 253.160289 | r:  -540.000000 | e:   0.100000 | Q: -106.976227 | won: False 
# 2800 | steps: 45914 | steps_t: 38568 | t: 270.318323 | r:    75.000000 | e:   0.100000 | Q: -48.873928 | won: True 
# 2900 | steps: 47987 | steps_t: 40541 | t: 285.941919 | r:  -506.000000 | e:   0.100000 | Q: -60.665127 | won: False 
# 3000 | steps: 50391 | steps_t: 42845 | t: 301.213565 | r:  -511.000000 | e:   0.100000 | Q: -14.754622 | won: False 
# 3100 | steps: 52893 | steps_t: 45247 | t: 318.901847 | r:  -503.000000 | e:   0.100000 | Q:  21.584854 | won: False 
# 3200 | steps: 55949 | steps_t: 48203 | t: 346.839124 | r:    79.000000 | e:   0.100000 | Q: 112.232658 | won: True 
# 3300 | steps: 59370 | steps_t: 51524 | t: 381.879434 | r:  -539.000000 | e:   0.100000 | Q: 258.315430 | won: False 
# 3400 | steps: 63232 | steps_t: 55286 | t: 416.111805 | r:  -517.000000 | e:   0.100000 | Q: 227.087006 | won: False 
# 3500 | steps: 67739 | steps_t: 59693 | t: 451.945577 | r:  -519.000000 | e:   0.100000 | Q: 362.171204 | won: False 
# 3600 | steps: 72951 | steps_t: 64805 | t: 492.212505 | r:  -573.000000 | e:   0.100000 | Q: 394.065948 | won: False 
# 3700 | steps: 78115 | steps_t: 69869 | t: 529.965208 | r:  -528.000000 | e:   0.100000 | Q: 253.876602 | won: False 
# 3800 | steps: 82738 | steps_t: 74392 | t: 566.238920 | r:    86.000000 | e:   0.100000 | Q: 237.675873 | won: True 
# 3900 | steps: 86601 | steps_t: 78155 | t: 596.252835 | r:  -516.000000 | e:   0.100000 | Q: 275.070496 | won: False 
# 4000 | steps: 90992 | steps_t: 82446 | t: 629.807772 | r:    58.000000 | e:   0.100000 | Q: 238.628387 | won: True 
# 4100 | steps: 95877 | steps_t: 87231 | t: 665.686896 | r:  -574.000000 | e:   0.100000 | Q: 234.447372 | won: False 
# 4200 | steps: 100790 | steps_t: 92044 | t: 703.654015 | r:  -547.000000 | e:   0.100000 | Q: 268.092529 | won: False 
# 4300 | steps: 105145 | steps_t: 96299 | t: 737.658416 | r:  -519.000000 | e:   0.100000 | Q: 200.193466 | won: False 
# 4400 | steps: 109267 | steps_t: 100321 | t: 768.050982 | r:  -508.000000 | e:   0.100000 | Q: 167.503525 | won: False 
# 4500 | steps: 113427 | steps_t: 104381 | t: 799.050659 | r:  -525.000000 | e:   0.100000 | Q: 212.492386 | won: False 
# 4600 | steps: 117771 | steps_t: 108625 | t: 830.054025 | r:  -517.000000 | e:   0.100000 | Q: 176.868805 | won: False 
# 4700 | steps: 121657 | steps_t: 112411 | t: 858.534482 | r:  -554.000000 | e:   0.100000 | Q: 189.689865 | won: False 
# 4800 | steps: 125327 | steps_t: 115981 | t: 888.304291 | r:  -512.000000 | e:   0.100000 | Q: 184.191803 | won: False 
# 4900 | steps: 128956 | steps_t: 119510 | t: 913.161310 | r:  -512.000000 | e:   0.100000 | Q: 172.997910 | won: False 
# 5000 | steps: 132058 | steps_t: 122512 | t: 941.524304 | r:    71.000000 | e:   0.100000 | Q: 115.957550 | won: True 
