#  100 | steps:  1055 | steps_t:     0 | t: 0.799980 | r:  -508.000000 | e:   1.000000 | Q:        nan | won: False 
#  200 | steps:  2107 | steps_t:     0 | t: 1.690185 | r:  -508.000000 | e:   1.000000 | Q:        nan | won: False 
#  300 | steps:  3215 | steps_t:     0 | t: 2.709575 | r:  -513.000000 | e:   1.000000 | Q:        nan | won: False 
#  400 | steps:  4330 | steps_t:     0 | t: 3.682911 | r:  -506.000000 | e:   1.000000 | Q:        nan | won: False 
#  500 | steps:  5388 | steps_t:   351 | t: 12.563720 | r:  -509.000000 | e:   0.964900 | Q:        nan | won: False 
#  600 | steps:  6425 | steps_t:  1288 | t: 22.081852 | r:  -509.000000 | e:   0.871200 | Q: -310.098022 | won: False 
#  700 | steps:  7517 | steps_t:  2280 | t: 30.212268 | r:  -517.000000 | e:   0.772000 | Q: -319.388672 | won: False 
#  800 | steps:  8693 | steps_t:  3356 | t: 39.949584 | r:  -507.000000 | e:   0.664400 | Q: -358.250488 | won: False 
#  900 | steps:  9944 | steps_t:  4507 | t: 49.810243 | r:  -508.000000 | e:   0.549300 | Q: -272.889557 | won: False 
# 1000 | steps: 11282 | steps_t:  5745 | t: 62.332099 | r:  -505.000000 | e:   0.425500 | Q: -284.127441 | won: False 
# 1100 | steps: 12876 | steps_t:  7239 | t: 80.446750 | r:  -507.000000 | e:   0.276100 | Q: -211.694504 | won: False 
# 1200 | steps: 14548 | steps_t:  8811 | t: 99.823891 | r:  -514.000000 | e:   0.118900 | Q: -219.176682 | won: False 
# 1300 | steps: 16320 | steps_t: 10483 | t: 121.887667 | r:  -508.000000 | e:   0.100000 | Q: -225.366394 | won: False 
# 1400 | steps: 18066 | steps_t: 12129 | t: 141.788003 | r:  -518.000000 | e:   0.100000 | Q: -231.373428 | won: False 
# 1500 | steps: 19795 | steps_t: 13758 | t: 163.250273 | r:  -518.000000 | e:   0.100000 | Q: -212.155502 | won: False 
# 1600 | steps: 21723 | steps_t: 15586 | t: 187.449968 | r:  -517.000000 | e:   0.100000 | Q: -202.513977 | won: False 
# 1700 | steps: 23686 | steps_t: 17449 | t: 225.133767 | r:  -513.000000 | e:   0.100000 | Q: -191.076904 | won: False 
# 1800 | steps: 25790 | steps_t: 19453 | t: 253.072491 | r:  -512.000000 | e:   0.100000 | Q: -159.672653 | won: False 
# 1900 | steps: 27806 | steps_t: 21369 | t: 279.242170 | r:  -508.000000 | e:   0.100000 | Q: -214.534653 | won: False 
# 2000 | steps: 29854 | steps_t: 23317 | t: 302.885489 | r:  -513.000000 | e:   0.100000 | Q: -192.197495 | won: False 
# 2100 | steps: 31907 | steps_t: 25270 | t: 326.159693 | r:  -521.000000 | e:   0.100000 | Q: -182.465164 | won: False 
# 2200 | steps: 34026 | steps_t: 27289 | t: 350.495914 | r:  -495.000000 | e:   0.100000 | Q: -187.043121 | won: False 
# 2300 | steps: 35971 | steps_t: 29134 | t: 373.977551 | r:  -529.000000 | e:   0.100000 | Q: -168.789368 | won: False 
# 2400 | steps: 37980 | steps_t: 31043 | t: 394.581220 | r:  -509.000000 | e:   0.100000 | Q: -172.234009 | won: False 
# 2500 | steps: 39883 | steps_t: 32846 | t: 414.123978 | r:  -509.000000 | e:   0.100000 | Q: -179.922104 | won: False 
# 2600 | steps: 41920 | steps_t: 34783 | t: 434.202836 | r:  -510.000000 | e:   0.100000 | Q: -151.809402 | won: False 
# 2700 | steps: 43771 | steps_t: 36534 | t: 454.692518 | r:  -515.000000 | e:   0.100000 | Q: -122.975151 | won: False 
# 2800 | steps: 45857 | steps_t: 38520 | t: 476.420881 | r:  -506.000000 | e:   0.100000 | Q: -83.289246 | won: False 
# 2900 | steps: 47812 | steps_t: 40375 | t: 497.134169 | r:  -514.000000 | e:   0.100000 | Q:  47.336914 | won: False 
# 3000 | steps: 50133 | steps_t: 42596 | t: 523.603031 | r:  -502.000000 | e:   0.100000 | Q: -34.775417 | won: False 
# 3100 | steps: 52791 | steps_t: 45154 | t: 556.705940 | r:    79.000000 | e:   0.100000 | Q: -27.570587 | won: True 
# 3200 | steps: 55674 | steps_t: 47937 | t: 588.827952 | r:    83.000000 | e:   0.100000 | Q:   5.443373 | won: True 
# 3300 | steps: 59050 | steps_t: 51213 | t: 621.608157 | r:    71.000000 | e:   0.100000 | Q: 194.057709 | won: True 
# 3400 | steps: 63007 | steps_t: 55070 | t: 664.356939 | r:    82.000000 | e:   0.100000 | Q: 194.083862 | won: True 
# 3500 | steps: 68401 | steps_t: 60364 | t: 732.386391 | r:  -527.000000 | e:   0.100000 | Q: 360.697144 | won: False 
# 3600 | steps: 73441 | steps_t: 65304 | t: 796.675708 | r:    88.000000 | e:   0.100000 | Q: 291.292328 | won: True 
# 3700 | steps: 77742 | steps_t: 69505 | t: 855.178650 | r:    93.000000 | e:   0.100000 | Q: 229.639496 | won: True 
# 3800 | steps: 81910 | steps_t: 73573 | t: 914.146985 | r:  -517.000000 | e:   0.100000 | Q: 220.996552 | won: False 
# 3900 | steps: 86425 | steps_t: 77988 | t: 979.878487 | r:    43.000000 | e:   0.100000 | Q: 266.928284 | won: True 
# 4000 | steps: 90968 | steps_t: 82431 | t: 1045.618526 | r:  -554.000000 | e:   0.100000 | Q: 204.317230 | won: False 
# 4100 | steps: 95137 | steps_t: 86500 | t: 1108.335223 | r:  -533.000000 | e:   0.100000 | Q: 249.817703 | won: False 
# 4200 | steps: 99274 | steps_t: 90537 | t: 1184.501528 | r:    66.000000 | e:   0.100000 | Q: 211.115372 | won: True 
# 4300 | steps: 102796 | steps_t: 93959 | t: 1252.174773 | r:    91.000000 | e:   0.100000 | Q: 137.491150 | won: True 
# 4400 | steps: 106037 | steps_t: 97100 | t: 1318.996590 | r:  -512.000000 | e:   0.100000 | Q: 203.352707 | won: False 
# 4500 | steps: 109212 | steps_t: 100175 | t: 1382.941682 | r:    91.000000 | e:   0.100000 | Q: 169.734146 | won: True 
# 4600 | steps: 112562 | steps_t: 103425 | t: 1449.810210 | r:    90.000000 | e:   0.100000 | Q: 124.298294 | won: True 
# 4700 | steps: 115608 | steps_t: 106371 | t: 1516.786253 | r:    90.000000 | e:   0.100000 | Q: 138.357697 | won: True 
# 4800 | steps: 118776 | steps_t: 109439 | t: 1596.176931 | r:    82.000000 | e:   0.100000 | Q: 154.282516 | won: True 
# 4900 | steps: 122342 | steps_t: 112905 | t: 1687.580370 | r:  -530.000000 | e:   0.100000 | Q: 168.773926 | won: False 
# 5000 | steps: 125534 | steps_t: 115997 | t: 1767.817056 | r:  -556.000000 | e:   0.100000 | Q: 156.303650 | won: False 
