#    1 | steps:     9 | steps_t:     0 | t: 0.010617 | r:  -508.000000 | e:   1.000000 | Q:        nan | won: False 
#    2 | steps:    17 | steps_t:     0 | t: 0.013783 | r:  -507.000000 | e:   1.000000 | Q:        nan | won: False 
#    3 | steps:    31 | steps_t:     0 | t: 0.018953 | r:  -513.000000 | e:   1.000000 | Q:        nan | won: False 
#    4 | steps:    38 | steps_t:     0 | t: 0.021511 | r:  -506.000000 | e:   1.000000 | Q:        nan | won: False 
#    5 | steps:    45 | steps_t:     0 | t: 0.024203 | r:  -506.000000 | e:   1.000000 | Q:        nan | won: False 
#    6 | steps:    59 | steps_t:     0 | t: 0.029542 | r:  -513.000000 | e:   1.000000 | Q:        nan | won: False 
#    7 | steps:    68 | steps_t:     0 | t: 0.032943 | r:  -508.000000 | e:   1.000000 | Q:        nan | won: False 
#    8 | steps:    80 | steps_t:     0 | t: 0.037382 | r:  -511.000000 | e:   1.000000 | Q:        nan | won: False 
#    9 | steps:    88 | steps_t:     0 | t: 0.040583 | r:  -507.000000 | e:   1.000000 | Q:        nan | won: False 
#   10 | steps:    96 | steps_t:     0 | t: 0.043616 | r:  -507.000000 | e:   1.000000 | Q:        nan | won: False 
#   11 | steps:   109 | steps_t:     0 | t: 0.048451 | r:  -512.000000 | e:   1.000000 | Q:        nan | won: False 
#   12 | steps:   118 | steps_t:     0 | t: 0.051943 | r:  -508.000000 | e:   1.000000 | Q:        nan | won: False 
#   13 | steps:   127 | steps_t:     0 | t: 0.055476 | r:  -508.000000 | e:   1.000000 | Q:        nan | won: False 
#   14 | steps:   144 | steps_t:     0 | t: 0.061610 | r:  -516.000000 | e:   1.000000 | Q:        nan | won: False 
#   15 | steps:   152 | steps_t:     0 | t: 0.064814 | r:  -507.000000 | e:   1.000000 | Q:        nan | won: False 
#   16 | steps:   161 | steps_t:     0 | t: 0.068425 | r:  -508.000000 | e:   1.000000 | Q:        nan | won: False 
#   17 | steps:   169 | steps_t:     0 | t: 0.071830 | r:  -507.000000 | e:   1.000000 | Q:        nan | won: False 
#   18 | steps:   177 | steps_t:     0 | t: 0.074766 | r:  -507.000000 | e:   1.000000 | Q:        nan | won: False 
#   19 | steps:   183 | steps_t:     0 | t: 0.077287 | r:  -505.000000 | e:   1.000000 | Q:        nan | won: False 
#   20 | steps:   190 | steps_t:     0 | t: 0.080029 | r:  -506.000000 | e:   1.000000 | Q:        nan | won: False 
#   21 | steps:   207 | steps_t:     0 | t: 0.086509 | r:  -516.000000 | e:   1.000000 | Q:        nan | won: False 
#   22 | steps:   219 | steps_t:     0 | t: 0.091175 | r:  -511.000000 | e:   1.000000 | Q:        nan | won: False 
#   23 | steps:   230 | steps_t:     0 | t: 0.095182 | r:  -510.000000 | e:   1.000000 | Q:        nan | won: False 
#   24 | steps:   238 | steps_t:     0 | t: 0.098264 | r:  -507.000000 | e:   1.000000 | Q:        nan | won: False 
#   25 | steps:   246 | steps_t:     0 | t: 0.101453 | r:  -507.000000 | e:   1.000000 | Q:        nan | won: False 
#   26 | steps:   254 | steps_t:     0 | t: 0.104866 | r:  -507.000000 | e:   1.000000 | Q:        nan | won: False 
#   27 | steps:   262 | steps_t:     0 | t: 0.108027 | r:  -507.000000 | e:   1.000000 | Q:        nan | won: False 
#   28 | steps:   273 | steps_t:     0 | t: 0.112205 | r:  -510.000000 | e:   1.000000 | Q:        nan | won: False 
#   29 | steps:   280 | steps_t:     0 | t: 0.114961 | r:  -506.000000 | e:   1.000000 | Q:        nan | won: False 
#   30 | steps:   291 | steps_t:     0 | t: 0.119137 | r:  -510.000000 | e:   1.000000 | Q:        nan | won: False 
#   31 | steps:   298 | steps_t:     0 | t: 0.121873 | r:  -506.000000 | e:   1.000000 | Q:        nan | won: False 
#   32 | steps:   317 | steps_t:     0 | t: 0.129755 | r:  -507.000000 | e:   1.000000 | Q:        nan | won: False 
#   33 | steps:   325 | steps_t:     0 | t: 0.132804 | r:  -507.000000 | e:   1.000000 | Q:        nan | won: False 
#   34 | steps:   346 | steps_t:     0 | t: 0.140658 | r:  -520.000000 | e:   1.000000 | Q:        nan | won: False 
#   35 | steps:   354 | steps_t:     0 | t: 0.143898 | r:  -507.000000 | e:   1.000000 | Q:        nan | won: False 
#   36 | steps:   362 | steps_t:     0 | t: 0.147104 | r:  -507.000000 | e:   1.000000 | Q:        nan | won: False 
#   37 | steps:   374 | steps_t:     0 | t: 0.151782 | r:  -511.000000 | e:   1.000000 | Q:        nan | won: False 
#   38 | steps:   383 | steps_t:     0 | t: 0.155352 | r:  -508.000000 | e:   1.000000 | Q:        nan | won: False 
#   39 | steps:   394 | steps_t:     0 | t: 0.159611 | r:  -510.000000 | e:   1.000000 | Q:        nan | won: False 
#   40 | steps:   402 | steps_t:     0 | t: 0.162739 | r:  -507.000000 | e:   1.000000 | Q:        nan | won: False 
#   41 | steps:   413 | steps_t:     0 | t: 0.166957 | r:  -510.000000 | e:   1.000000 | Q:        nan | won: False 
#   42 | steps:   422 | steps_t:     0 | t: 0.170327 | r:  -508.000000 | e:   1.000000 | Q:        nan | won: False 
#   43 | steps:   430 | steps_t:     0 | t: 0.173462 | r:  -507.000000 | e:   1.000000 | Q:        nan | won: False 
#   44 | steps:   435 | steps_t:     0 | t: 0.175458 | r:  -504.000000 | e:   1.000000 | Q:        nan | won: False 
#   45 | steps:   453 | steps_t:     0 | t: 0.182578 | r:  -517.000000 | e:   1.000000 | Q:        nan | won: False 
#   46 | steps:   461 | steps_t:     0 | t: 0.185608 | r:  -507.000000 | e:   1.000000 | Q:        nan | won: False 
#   47 | steps:   471 | steps_t:     0 | t: 0.190351 | r:  -509.000000 | e:   1.000000 | Q:        nan | won: False 
#   48 | steps:   478 | steps_t:     0 | t: 0.193155 | r:  -506.000000 | e:   1.000000 | Q:        nan | won: False 
#   49 | steps:   488 | steps_t:     0 | t: 0.197332 | r:  -509.000000 | e:   1.000000 | Q:        nan | won: False 
#   50 | steps:   494 | steps_t:     0 | t: 0.199755 | r:  -505.000000 | e:   1.000000 | Q:        nan | won: False 
#   51 | steps:   515 | steps_t:     0 | t: 0.207533 | r:  -520.000000 | e:   1.000000 | Q:        nan | won: False 
#   52 | steps:   528 | steps_t:     0 | t: 0.212373 | r:  -512.000000 | e:   1.000000 | Q:        nan | won: False 
#   53 | steps:   555 | steps_t:     0 | t: 0.222266 | r:  -504.000000 | e:   1.000000 | Q:        nan | won: False 
#   54 | steps:   563 | steps_t:     0 | t: 0.225465 | r:  -507.000000 | e:   1.000000 | Q:        nan | won: False 
#   55 | steps:   575 | steps_t:     0 | t: 0.230092 | r:  -511.000000 | e:   1.000000 | Q:        nan | won: False 
#   56 | steps:   588 | steps_t:     0 | t: 0.235062 | r:  -512.000000 | e:   1.000000 | Q:        nan | won: False 
#   57 | steps:   597 | steps_t:     0 | t: 0.238523 | r:  -508.000000 | e:   1.000000 | Q:        nan | won: False 
#   58 | steps:   605 | steps_t:     0 | t: 0.241610 | r:  -507.000000 | e:   1.000000 | Q:        nan | won: False 
#   59 | steps:   625 | steps_t:     0 | t: 0.249812 | r:  -519.000000 | e:   1.000000 | Q:        nan | won: False 
#   60 | steps:   634 | steps_t:     0 | t: 0.253318 | r:  -508.000000 | e:   1.000000 | Q:        nan | won: False 
#   61 | steps:   639 | steps_t:     0 | t: 0.255290 | r:  -504.000000 | e:   1.000000 | Q:        nan | won: False 
#   62 | steps:   657 | steps_t:     0 | t: 0.262056 | r:  -506.000000 | e:   1.000000 | Q:        nan | won: False 
#   63 | steps:   681 | steps_t:     0 | t: 0.270996 | r:  -523.000000 | e:   1.000000 | Q:        nan | won: False 
#   64 | steps:   692 | steps_t:     0 | t: 0.275263 | r:  -510.000000 | e:   1.000000 | Q:        nan | won: False 
#   65 | steps:   698 | steps_t:     0 | t: 0.277619 | r:  -505.000000 | e:   1.000000 | Q:        nan | won: False 
#   66 | steps:   721 | steps_t:     0 | t: 0.286245 | r:  -522.000000 | e:   1.000000 | Q:        nan | won: False 
#   67 | steps:   731 | steps_t:     0 | t: 0.290280 | r:  -509.000000 | e:   1.000000 | Q:        nan | won: False 
#   68 | steps:   739 | steps_t:     0 | t: 0.293337 | r:  -507.000000 | e:   1.000000 | Q:        nan | won: False 
#   69 | steps:   746 | steps_t:     0 | t: 0.296136 | r:  -506.000000 | e:   1.000000 | Q:        nan | won: False 
#   70 | steps:   772 | steps_t:     0 | t: 0.306354 | r:  -525.000000 | e:   1.000000 | Q:        nan | won: False 
#   71 | steps:   788 | steps_t:     0 | t: 0.312955 | r:  -504.000000 | e:   1.000000 | Q:        nan | won: False 
#   72 | steps:   798 | steps_t:     0 | t: 0.316807 | r:  -509.000000 | e:   1.000000 | Q:        nan | won: False 
#   73 | steps:   805 | steps_t:     0 | t: 0.319551 | r:  -506.000000 | e:   1.000000 | Q:        nan | won: False 
#   74 | steps:   818 | steps_t:     0 | t: 0.324430 | r:  -512.000000 | e:   1.000000 | Q:        nan | won: False 
#   75 | steps:   826 | steps_t:     0 | t: 0.327522 | r:  -507.000000 | e:   1.000000 | Q:        nan | won: False 
#   76 | steps:   836 | steps_t:     0 | t: 0.331309 | r:  -509.000000 | e:   1.000000 | Q:        nan | won: False 
#   77 | steps:   851 | steps_t:     0 | t: 0.336831 | r:  -503.000000 | e:   1.000000 | Q:        nan | won: False 
#   78 | steps:   856 | steps_t:     0 | t: 0.338645 | r:  -504.000000 | e:   1.000000 | Q:        nan | won: False 
#   79 | steps:   868 | steps_t:     0 | t: 0.343206 | r:  -511.000000 | e:   1.000000 | Q:        nan | won: False 
#   80 | steps:   890 | steps_t:     0 | t: 0.351511 | r:  -521.000000 | e:   1.000000 | Q:        nan | won: False 
#   81 | steps:   902 | steps_t:     0 | t: 0.356170 | r:  -511.000000 | e:   1.000000 | Q:        nan | won: False 
#   82 | steps:   917 | steps_t:     0 | t: 0.361734 | r:  -514.000000 | e:   1.000000 | Q:        nan | won: False 
#   83 | steps:   925 | steps_t:     0 | t: 0.364851 | r:  -507.000000 | e:   1.000000 | Q:        nan | won: False 
#   84 | steps:   947 | steps_t:     0 | t: 0.373738 | r:  -521.000000 | e:   1.000000 | Q:        nan | won: False 
#   85 | steps:   956 | steps_t:     0 | t: 0.377198 | r:  -508.000000 | e:   1.000000 | Q:        nan | won: False 
#   86 | steps:   966 | steps_t:     0 | t: 0.380998 | r:  -509.000000 | e:   1.000000 | Q:        nan | won: False 
#   87 | steps:   982 | steps_t:     0 | t: 0.386952 | r:  -515.000000 | e:   1.000000 | Q:        nan | won: False 
#   88 | steps:   993 | steps_t:     0 | t: 0.391080 | r:  -510.000000 | e:   1.000000 | Q:        nan | won: False 
#   89 | steps:  1002 | steps_t:     0 | t: 0.394454 | r:  -508.000000 | e:   1.000000 | Q:        nan | won: False 
#   90 | steps:  1013 | steps_t:     0 | t: 0.398572 | r:  -510.000000 | e:   1.000000 | Q:        nan | won: False 
#   91 | steps:  1019 | steps_t:     0 | t: 0.401961 | r:  -505.000000 | e:   1.000000 | Q:        nan | won: False 
#   92 | steps:  1040 | steps_t:     0 | t: 0.410084 | r:  -520.000000 | e:   1.000000 | Q:        nan | won: False 
#   93 | steps:  1059 | steps_t:     0 | t: 0.417108 | r:  -496.000000 | e:   1.000000 | Q:        nan | won: False 
#   94 | steps:  1067 | steps_t:     0 | t: 0.420095 | r:  -507.000000 | e:   1.000000 | Q:        nan | won: False 
#   95 | steps:  1072 | steps_t:     0 | t: 0.422033 | r:  -504.000000 | e:   1.000000 | Q:        nan | won: False 
#   96 | steps:  1115 | steps_t:     0 | t: 0.437743 | r:  -531.000000 | e:   1.000000 | Q:        nan | won: False 
#   97 | steps:  1121 | steps_t:     0 | t: 0.440157 | r:  -505.000000 | e:   1.000000 | Q:        nan | won: False 
#   98 | steps:  1135 | steps_t:     0 | t: 0.445495 | r:  -502.000000 | e:   1.000000 | Q:        nan | won: False 
#   99 | steps:  1146 | steps_t:     0 | t: 0.449989 | r:  -510.000000 | e:   1.000000 | Q:        nan | won: False 
#  100 | steps:  1162 | steps_t:     0 | t: 0.456065 | r:  -515.000000 | e:   1.000000 | Q:        nan | won: False 
#  101 | steps:  1170 | steps_t:     0 | t: 0.459138 | r:  -507.000000 | e:   1.000000 | Q:        nan | won: False 
#  102 | steps:  1178 | steps_t:     0 | t: 0.462054 | r:  -507.000000 | e:   1.000000 | Q:        nan | won: False 
#  103 | steps:  1193 | steps_t:     0 | t: 0.467679 | r:  -514.000000 | e:   1.000000 | Q:        nan | won: False 
#  104 | steps:  1201 | steps_t:     0 | t: 0.470844 | r:  -507.000000 | e:   1.000000 | Q:        nan | won: False 
#  105 | steps:  1208 | steps_t:     0 | t: 0.473513 | r:  -506.000000 | e:   1.000000 | Q:        nan | won: False 
#  106 | steps:  1228 | steps_t:     0 | t: 0.481016 | r:  -519.000000 | e:   1.000000 | Q:        nan | won: False 
#  107 | steps:  1236 | steps_t:     0 | t: 0.484101 | r:  -507.000000 | e:   1.000000 | Q:        nan | won: False 
#  108 | steps:  1243 | steps_t:     0 | t: 0.486734 | r:  -506.000000 | e:   1.000000 | Q:        nan | won: False 
#  109 | steps:  1257 | steps_t:     0 | t: 0.491999 | r:  -502.000000 | e:   1.000000 | Q:        nan | won: False 
#  110 | steps:  1264 | steps_t:     0 | t: 0.494715 | r:  -506.000000 | e:   1.000000 | Q:        nan | won: False 
#  111 | steps:  1283 | steps_t:     0 | t: 0.501704 | r:  -507.000000 | e:   1.000000 | Q:        nan | won: False 
#  112 | steps:  1292 | steps_t:     0 | t: 0.505120 | r:  -508.000000 | e:   1.000000 | Q:        nan | won: False 
#  113 | steps:  1314 | steps_t:     0 | t: 0.513207 | r:  -521.000000 | e:   1.000000 | Q:        nan | won: False 
#  114 | steps:  1333 | steps_t:     0 | t: 0.520409 | r:  -518.000000 | e:   1.000000 | Q:        nan | won: False 
#  115 | steps:  1340 | steps_t:     0 | t: 0.523108 | r:  -506.000000 | e:   1.000000 | Q:        nan | won: False 
#  116 | steps:  1348 | steps_t:     0 | t: 0.526218 | r:  -507.000000 | e:   1.000000 | Q:        nan | won: False 
#  117 | steps:  1356 | steps_t:     0 | t: 0.529080 | r:  -507.000000 | e:   1.000000 | Q:        nan | won: False 
#  118 | steps:  1367 | steps_t:     0 | t: 0.533233 | r:  -510.000000 | e:   1.000000 | Q:        nan | won: False 
#  119 | steps:  1376 | steps_t:     0 | t: 0.536660 | r:  -508.000000 | e:   1.000000 | Q:        nan | won: False 
#  120 | steps:  1390 | steps_t:     0 | t: 0.541790 | r:  -513.000000 | e:   1.000000 | Q:        nan | won: False 
#  121 | steps:  1397 | steps_t:     0 | t: 0.544454 | r:  -506.000000 | e:   1.000000 | Q:        nan | won: False 
#  122 | steps:  1407 | steps_t:     0 | t: 0.548306 | r:  -509.000000 | e:   1.000000 | Q:        nan | won: False 
#  123 | steps:  1417 | steps_t:     0 | t: 0.551939 | r:  -509.000000 | e:   1.000000 | Q:        nan | won: False 
#  124 | steps:  1426 | steps_t:     0 | t: 0.555372 | r:  -508.000000 | e:   1.000000 | Q:        nan | won: False 
#  125 | steps:  1443 | steps_t:     0 | t: 0.561658 | r:  -505.000000 | e:   1.000000 | Q:        nan | won: False 
#  126 | steps:  1450 | steps_t:     0 | t: 0.564428 | r:  -506.000000 | e:   1.000000 | Q:        nan | won: False 
#  127 | steps:  1461 | steps_t:     0 | t: 0.568606 | r:  -510.000000 | e:   1.000000 | Q:        nan | won: False 
#  128 | steps:  1470 | steps_t:     0 | t: 0.572050 | r:  -508.000000 | e:   1.000000 | Q:        nan | won: False 
#  129 | steps:  1476 | steps_t:     0 | t: 0.574331 | r:  -505.000000 | e:   1.000000 | Q:        nan | won: False 
#  130 | steps:  1508 | steps_t:     0 | t: 0.585887 | r:  -531.000000 | e:   1.000000 | Q:        nan | won: False 
#  131 | steps:  1514 | steps_t:     0 | t: 0.588249 | r:  -505.000000 | e:   1.000000 | Q:        nan | won: False 
#  132 | steps:  1522 | steps_t:     0 | t: 0.591155 | r:  -507.000000 | e:   1.000000 | Q:        nan | won: False 
#  133 | steps:  1528 | steps_t:     0 | t: 0.593452 | r:  -505.000000 | e:   1.000000 | Q:        nan | won: False 
#  134 | steps:  1533 | steps_t:     0 | t: 0.595382 | r:  -504.000000 | e:   1.000000 | Q:        nan | won: False 
#  135 | steps:  1540 | steps_t:     0 | t: 0.598006 | r:  -506.000000 | e:   1.000000 | Q:        nan | won: False 
#  136 | steps:  1549 | steps_t:     0 | t: 0.601421 | r:  -508.000000 | e:   1.000000 | Q:        nan | won: False 
#  137 | steps:  1556 | steps_t:     0 | t: 0.604030 | r:  -506.000000 | e:   1.000000 | Q:        nan | won: False 
#  138 | steps:  1566 | steps_t:     0 | t: 0.607782 | r:  -509.000000 | e:   1.000000 | Q:        nan | won: False 
#  139 | steps:  1576 | steps_t:     0 | t: 0.611533 | r:  -509.000000 | e:   1.000000 | Q:        nan | won: False 
#  140 | steps:  1595 | steps_t:     0 | t: 0.618520 | r:  -518.000000 | e:   1.000000 | Q:        nan | won: False 
#  141 | steps:  1604 | steps_t:     0 | t: 0.621948 | r:  -508.000000 | e:   1.000000 | Q:        nan | won: False 
#  142 | steps:  1611 | steps_t:     0 | t: 0.624634 | r:  -506.000000 | e:   1.000000 | Q:        nan | won: False 
#  143 | steps:  1629 | steps_t:     0 | t: 0.631459 | r:  -517.000000 | e:   1.000000 | Q:        nan | won: False 
#  144 | steps:  1635 | steps_t:     0 | t: 0.633777 | r:  -505.000000 | e:   1.000000 | Q:        nan | won: False 
#  145 | steps:  1643 | steps_t:     0 | t: 0.636794 | r:  -507.000000 | e:   1.000000 | Q:        nan | won: False 
#  146 | steps:  1649 | steps_t:     0 | t: 0.639071 | r:  -505.000000 | e:   1.000000 | Q:        nan | won: False 
#  147 | steps:  1660 | steps_t:     0 | t: 0.643265 | r:  -510.000000 | e:   1.000000 | Q:        nan | won: False 
#  148 | steps:  1670 | steps_t:     0 | t: 0.647084 | r:  -509.000000 | e:   1.000000 | Q:        nan | won: False 
#  149 | steps:  1682 | steps_t:     0 | t: 0.651466 | r:  -511.000000 | e:   1.000000 | Q:        nan | won: False 
#  150 | steps:  1690 | steps_t:     0 | t: 0.654508 | r:  -507.000000 | e:   1.000000 | Q:        nan | won: False 
#  151 | steps:  1701 | steps_t:     0 | t: 0.658618 | r:  -510.000000 | e:   1.000000 | Q:        nan | won: False 
#  152 | steps:  1707 | steps_t:     0 | t: 0.660978 | r:  -505.000000 | e:   1.000000 | Q:        nan | won: False 
#  153 | steps:  1718 | steps_t:     0 | t: 0.665146 | r:  -510.000000 | e:   1.000000 | Q:        nan | won: False 
#  154 | steps:  1726 | steps_t:     0 | t: 0.668058 | r:  -507.000000 | e:   1.000000 | Q:        nan | won: False 
#  155 | steps:  1734 | steps_t:     0 | t: 0.671095 | r:  -507.000000 | e:   1.000000 | Q:        nan | won: False 
#  156 | steps:  1740 | steps_t:     0 | t: 0.673361 | r:  -505.000000 | e:   1.000000 | Q:        nan | won: False 
#  157 | steps:  1748 | steps_t:     0 | t: 0.676394 | r:  -507.000000 | e:   1.000000 | Q:        nan | won: False 
#  158 | steps:  1766 | steps_t:     0 | t: 0.683061 | r:  -517.000000 | e:   1.000000 | Q:        nan | won: False 
#  159 | steps:  1778 | steps_t:     0 | t: 0.687439 | r:  -511.000000 | e:   1.000000 | Q:        nan | won: False 
#  160 | steps:  1788 | steps_t:     0 | t: 0.691374 | r:  -509.000000 | e:   1.000000 | Q:        nan | won: False 
#  161 | steps:  1794 | steps_t:     0 | t: 0.693670 | r:  -505.000000 | e:   1.000000 | Q:        nan | won: False 
#  162 | steps:  1801 | steps_t:     0 | t: 0.696322 | r:  -506.000000 | e:   1.000000 | Q:        nan | won: False 
#  163 | steps:  1819 | steps_t:     0 | t: 0.703043 | r:  -517.000000 | e:   1.000000 | Q:        nan | won: False 
#  164 | steps:  1825 | steps_t:     0 | t: 0.705212 | r:  -505.000000 | e:   1.000000 | Q:        nan | won: False 
#  165 | steps:  1831 | steps_t:     0 | t: 0.707519 | r:  -505.000000 | e:   1.000000 | Q:        nan | won: False 
#  166 | steps:  1840 | steps_t:     0 | t: 0.711576 | r:  -508.000000 | e:   1.000000 | Q:        nan | won: False 
#  167 | steps:  1846 | steps_t:     0 | t: 0.713854 | r:  -505.000000 | e:   1.000000 | Q:        nan | won: False 
#  168 | steps:  1853 | steps_t:     0 | t: 0.716506 | r:  -506.000000 | e:   1.000000 | Q:        nan | won: False 
#  169 | steps:  1861 | steps_t:     0 | t: 0.719573 | r:  -507.000000 | e:   1.000000 | Q:        nan | won: False 
#  170 | steps:  1872 | steps_t:     0 | t: 0.723570 | r:  -510.000000 | e:   1.000000 | Q:        nan | won: False 
#  171 | steps:  1882 | steps_t:     0 | t: 0.727321 | r:  -509.000000 | e:   1.000000 | Q:        nan | won: False 
#  172 | steps:  1890 | steps_t:     0 | t: 0.730372 | r:  -507.000000 | e:   1.000000 | Q:        nan | won: False 
#  173 | steps:  1899 | steps_t:     0 | t: 0.733737 | r:  -508.000000 | e:   1.000000 | Q:        nan | won: False 
#  174 | steps:  1916 | steps_t:     0 | t: 0.740052 | r:  -505.000000 | e:   1.000000 | Q:        nan | won: False 
#  175 | steps:  1927 | steps_t:     0 | t: 0.744275 | r:  -510.000000 | e:   1.000000 | Q:        nan | won: False 
#  176 | steps:  1934 | steps_t:     0 | t: 0.747842 | r:  -506.000000 | e:   1.000000 | Q:        nan | won: False 
#  177 | steps:  1960 | steps_t:     0 | t: 0.757799 | r:  -525.000000 | e:   1.000000 | Q:        nan | won: False 
#  178 | steps:  1968 | steps_t:     0 | t: 0.761522 | r:  -507.000000 | e:   1.000000 | Q:        nan | won: False 
#  179 | steps:  1975 | steps_t:     0 | t: 0.764217 | r:  -506.000000 | e:   1.000000 | Q:        nan | won: False 
#  180 | steps:  1982 | steps_t:     0 | t: 0.766898 | r:  -506.000000 | e:   1.000000 | Q:        nan | won: False 
#  181 | steps:  1995 | steps_t:     0 | t: 0.771707 | r:  -501.000000 | e:   1.000000 | Q:        nan | won: False 
#  182 | steps:  2004 | steps_t:     0 | t: 0.774943 | r:  -508.000000 | e:   1.000000 | Q:        nan | won: False 
#  183 | steps:  2020 | steps_t:     0 | t: 0.780875 | r:  -515.000000 | e:   1.000000 | Q:        nan | won: False 
#  184 | steps:  2030 | steps_t:     0 | t: 0.784759 | r:  -509.000000 | e:   1.000000 | Q:        nan | won: False 
#  185 | steps:  2044 | steps_t:     0 | t: 0.789977 | r:  -513.000000 | e:   1.000000 | Q:        nan | won: False 
#  186 | steps:  2054 | steps_t:     0 | t: 0.793619 | r:  -509.000000 | e:   1.000000 | Q:        nan | won: False 
#  187 | steps:  2073 | steps_t:     0 | t: 0.800800 | r:  -518.000000 | e:   1.000000 | Q:        nan | won: False 
#  188 | steps:  2083 | steps_t:     0 | t: 0.804610 | r:  -509.000000 | e:   1.000000 | Q:        nan | won: False 
#  189 | steps:  2090 | steps_t:     0 | t: 0.807315 | r:  -506.000000 | e:   1.000000 | Q:        nan | won: False 
#  190 | steps:  2098 | steps_t:     0 | t: 0.810353 | r:  -507.000000 | e:   1.000000 | Q:        nan | won: False 
#  191 | steps:  2105 | steps_t:     0 | t: 0.813035 | r:  -506.000000 | e:   1.000000 | Q:        nan | won: False 
#  192 | steps:  2113 | steps_t:     0 | t: 0.816820 | r:  -507.000000 | e:   1.000000 | Q:        nan | won: False 
#  193 | steps:  2125 | steps_t:     0 | t: 0.821659 | r:  -511.000000 | e:   1.000000 | Q:        nan | won: False 
#  194 | steps:  2131 | steps_t:     0 | t: 0.823817 | r:  -505.000000 | e:   1.000000 | Q:        nan | won: False 
#  195 | steps:  2143 | steps_t:     0 | t: 0.828193 | r:  -511.000000 | e:   1.000000 | Q:        nan | won: False 
#  196 | steps:  2161 | steps_t:     0 | t: 0.834874 | r:  -506.000000 | e:   1.000000 | Q:        nan | won: False 
#  197 | steps:  2169 | steps_t:     0 | t: 0.837920 | r:  -507.000000 | e:   1.000000 | Q:        nan | won: False 
#  198 | steps:  2177 | steps_t:     0 | t: 0.841051 | r:  -507.000000 | e:   1.000000 | Q:        nan | won: False 
#  199 | steps:  2191 | steps_t:     0 | t: 0.846290 | r:  -513.000000 | e:   1.000000 | Q:        nan | won: False 
#  200 | steps:  2199 | steps_t:     0 | t: 0.849380 | r:  -507.000000 | e:   1.000000 | Q:        nan | won: False 
#  201 | steps:  2207 | steps_t:     0 | t: 0.852310 | r:  -507.000000 | e:   1.000000 | Q:        nan | won: False 
#  202 | steps:  2230 | steps_t:     0 | t: 0.861394 | r:  -522.000000 | e:   1.000000 | Q:        nan | won: False 
#  203 | steps:  2237 | steps_t:     0 | t: 0.864064 | r:  -506.000000 | e:   1.000000 | Q:        nan | won: False 
#  204 | steps:  2244 | steps_t:     0 | t: 0.866700 | r:  -506.000000 | e:   1.000000 | Q:        nan | won: False 
#  205 | steps:  2271 | steps_t:     0 | t: 0.876385 | r:  -515.000000 | e:   1.000000 | Q:        nan | won: False 
#  206 | steps:  2278 | steps_t:     0 | t: 0.879845 | r:  -506.000000 | e:   1.000000 | Q:        nan | won: False 
#  207 | steps:  2287 | steps_t:     0 | t: 0.883103 | r:  -508.000000 | e:   1.000000 | Q:        nan | won: False 
#  208 | steps:  2296 | steps_t:     0 | t: 0.886997 | r:  -508.000000 | e:   1.000000 | Q:        nan | won: False 
#  209 | steps:  2308 | steps_t:     0 | t: 0.893232 | r:  -511.000000 | e:   1.000000 | Q:        nan | won: False 
#  210 | steps:  2317 | steps_t:     0 | t: 0.896510 | r:  -508.000000 | e:   1.000000 | Q:        nan | won: False 
#  211 | steps:  2325 | steps_t:     0 | t: 0.899534 | r:  -507.000000 | e:   1.000000 | Q:        nan | won: False 
#  212 | steps:  2341 | steps_t:     0 | t: 0.905554 | r:  -515.000000 | e:   1.000000 | Q:        nan | won: False 
#  213 | steps:  2346 | steps_t:     0 | t: 0.907353 | r:  -504.000000 | e:   1.000000 | Q:        nan | won: False 
#  214 | steps:  2368 | steps_t:     0 | t: 0.915524 | r:  -521.000000 | e:   1.000000 | Q:        nan | won: False 
#  215 | steps:  2376 | steps_t:     0 | t: 0.918566 | r:  -507.000000 | e:   1.000000 | Q:        nan | won: False 
#  216 | steps:  2383 | steps_t:     0 | t: 0.921107 | r:  -506.000000 | e:   1.000000 | Q:        nan | won: False 
#  217 | steps:  2394 | steps_t:     0 | t: 0.925240 | r:  -510.000000 | e:   1.000000 | Q:        nan | won: False 
#  218 | steps:  2405 | steps_t:     0 | t: 0.929361 | r:  -510.000000 | e:   1.000000 | Q:        nan | won: False 
#  219 | steps:  2416 | steps_t:     0 | t: 0.933770 | r:  -510.000000 | e:   1.000000 | Q:        nan | won: False 
#  220 | steps:  2426 | steps_t:     0 | t: 0.937639 | r:  -509.000000 | e:   1.000000 | Q:        nan | won: False 
#  221 | steps:  2447 | steps_t:     0 | t: 0.945486 | r:  -520.000000 | e:   1.000000 | Q:        nan | won: False 
#  222 | steps:  2458 | steps_t:     0 | t: 0.949774 | r:  -510.000000 | e:   1.000000 | Q:        nan | won: False 
#  223 | steps:  2466 | steps_t:     0 | t: 0.952837 | r:  -507.000000 | e:   1.000000 | Q:        nan | won: False 
#  224 | steps:  2475 | steps_t:     0 | t: 0.956269 | r:  -508.000000 | e:   1.000000 | Q:        nan | won: False 
#  225 | steps:  2483 | steps_t:     0 | t: 0.959308 | r:  -507.000000 | e:   1.000000 | Q:        nan | won: False 
#  226 | steps:  2491 | steps_t:     0 | t: 0.962307 | r:  -507.000000 | e:   1.000000 | Q:        nan | won: False 
#  227 | steps:  2497 | steps_t:     0 | t: 0.964615 | r:  -505.000000 | e:   1.000000 | Q:        nan | won: False 
#  228 | steps:  2503 | steps_t:     0 | t: 0.966876 | r:  -505.000000 | e:   1.000000 | Q:        nan | won: False 
#  229 | steps:  2511 | steps_t:     0 | t: 0.969865 | r:  -507.000000 | e:   1.000000 | Q:        nan | won: False 
#  230 | steps:  2524 | steps_t:     0 | t: 0.974725 | r:  -512.000000 | e:   1.000000 | Q:        nan | won: False 
#  231 | steps:  2531 | steps_t:     0 | t: 0.977364 | r:  -506.000000 | e:   1.000000 | Q:        nan | won: False 
#  232 | steps:  2539 | steps_t:     0 | t: 0.980500 | r:  -507.000000 | e:   1.000000 | Q:        nan | won: False 
#  233 | steps:  2549 | steps_t:     0 | t: 0.984276 | r:  -509.000000 | e:   1.000000 | Q:        nan | won: False 
#  234 | steps:  2562 | steps_t:     0 | t: 0.988989 | r:  -512.000000 | e:   1.000000 | Q:        nan | won: False 
#  235 | steps:  2568 | steps_t:     0 | t: 0.991170 | r:  -505.000000 | e:   1.000000 | Q:        nan | won: False 
#  236 | steps:  2582 | steps_t:     0 | t: 0.996410 | r:  -502.000000 | e:   1.000000 | Q:        nan | won: False 
#  237 | steps:  2590 | steps_t:     0 | t: 0.999421 | r:  -507.000000 | e:   1.000000 | Q:        nan | won: False 
#  238 | steps:  2597 | steps_t:     0 | t: 1.002054 | r:  -506.000000 | e:   1.000000 | Q:        nan | won: False 
#  239 | steps:  2614 | steps_t:     0 | t: 1.008217 | r:  -505.000000 | e:   1.000000 | Q:        nan | won: False 
#  240 | steps:  2625 | steps_t:     0 | t: 1.012265 | r:  -510.000000 | e:   1.000000 | Q:        nan | won: False 
#  241 | steps:  2636 | steps_t:     0 | t: 1.016237 | r:  -510.000000 | e:   1.000000 | Q:        nan | won: False 
#  242 | steps:  2644 | steps_t:     0 | t: 1.019915 | r:  -507.000000 | e:   1.000000 | Q:        nan | won: False 
#  243 | steps:  2652 | steps_t:     0 | t: 1.022922 | r:  -507.000000 | e:   1.000000 | Q:        nan | won: False 
#  244 | steps:  2661 | steps_t:     0 | t: 1.026303 | r:  -508.000000 | e:   1.000000 | Q:        nan | won: False 
#  245 | steps:  2673 | steps_t:     0 | t: 1.030769 | r:  -511.000000 | e:   1.000000 | Q:        nan | won: False 
#  246 | steps:  2715 | steps_t:     0 | t: 1.046279 | r:  -530.000000 | e:   1.000000 | Q:        nan | won: False 
#  247 | steps:  2722 | steps_t:     0 | t: 1.049219 | r:  -506.000000 | e:   1.000000 | Q:        nan | won: False 
#  248 | steps:  2732 | steps_t:     0 | t: 1.053050 | r:  -509.000000 | e:   1.000000 | Q:        nan | won: False 
#  249 | steps:  2737 | steps_t:     0 | t: 1.054864 | r:  -504.000000 | e:   1.000000 | Q:        nan | won: False 
#  250 | steps:  2755 | steps_t:     0 | t: 1.061485 | r:  -517.000000 | e:   1.000000 | Q:        nan | won: False 
#  251 | steps:  2764 | steps_t:     0 | t: 1.064946 | r:  -508.000000 | e:   1.000000 | Q:        nan | won: False 
#  252 | steps:  2783 | steps_t:     0 | t: 1.072154 | r:  -507.000000 | e:   1.000000 | Q:        nan | won: False 
#  253 | steps:  2797 | steps_t:     0 | t: 1.077457 | r:  -513.000000 | e:   1.000000 | Q:        nan | won: False 
#  254 | steps:  2807 | steps_t:     0 | t: 1.081111 | r:  -509.000000 | e:   1.000000 | Q:        nan | won: False 
#  255 | steps:  2815 | steps_t:     0 | t: 1.083986 | r:  -507.000000 | e:   1.000000 | Q:        nan | won: False 
#  256 | steps:  2824 | steps_t:     0 | t: 1.087357 | r:  -508.000000 | e:   1.000000 | Q:        nan | won: False 
#  257 | steps:  2832 | steps_t:     0 | t: 1.090214 | r:  -507.000000 | e:   1.000000 | Q:        nan | won: False 
#  258 | steps:  2844 | steps_t:     0 | t: 1.094674 | r:  -511.000000 | e:   1.000000 | Q:        nan | won: False 
#  259 | steps:  2853 | steps_t:     0 | t: 1.097901 | r:  -508.000000 | e:   1.000000 | Q:        nan | won: False 
#  260 | steps:  2862 | steps_t:     0 | t: 1.101296 | r:  -508.000000 | e:   1.000000 | Q:        nan | won: False 
#  261 | steps:  2868 | steps_t:     0 | t: 1.103591 | r:  -505.000000 | e:   1.000000 | Q:        nan | won: False 
#  262 | steps:  2881 | steps_t:     0 | t: 1.108307 | r:  -512.000000 | e:   1.000000 | Q:        nan | won: False 
#  263 | steps:  2898 | steps_t:     0 | t: 1.114503 | r:  -516.000000 | e:   1.000000 | Q:        nan | won: False 
#  264 | steps:  2906 | steps_t:     0 | t: 1.117526 | r:  -507.000000 | e:   1.000000 | Q:        nan | won: False 
#  265 | steps:  2914 | steps_t:     0 | t: 1.120540 | r:  -507.000000 | e:   1.000000 | Q:        nan | won: False 
#  266 | steps:  2925 | steps_t:     0 | t: 1.124623 | r:  -510.000000 | e:   1.000000 | Q:        nan | won: False 
#  267 | steps:  2932 | steps_t:     0 | t: 1.127121 | r:  -506.000000 | e:   1.000000 | Q:        nan | won: False 
#  268 | steps:  2938 | steps_t:     0 | t: 1.129387 | r:  -505.000000 | e:   1.000000 | Q:        nan | won: False 
#  269 | steps:  2945 | steps_t:     0 | t: 1.132021 | r:  -506.000000 | e:   1.000000 | Q:        nan | won: False 
#  270 | steps:  2952 | steps_t:     0 | t: 1.134627 | r:  -506.000000 | e:   1.000000 | Q:        nan | won: False 
#  271 | steps:  2958 | steps_t:     0 | t: 1.136916 | r:  -505.000000 | e:   1.000000 | Q:        nan | won: False 
#  272 | steps:  2968 | steps_t:     0 | t: 1.140964 | r:  -509.000000 | e:   1.000000 | Q:        nan | won: False 
#  273 | steps:  2974 | steps_t:     0 | t: 1.143248 | r:  -505.000000 | e:   1.000000 | Q:        nan | won: False 
#  274 | steps:  3004 | steps_t:     0 | t: 1.154483 | r:  -529.000000 | e:   1.000000 | Q:        nan | won: False 
#  275 | steps:  3016 | steps_t:     0 | t: 1.159206 | r:  -511.000000 | e:   1.000000 | Q:        nan | won: False 
#  276 | steps:  3030 | steps_t:     0 | t: 1.164519 | r:  -502.000000 | e:   1.000000 | Q:        nan | won: False 
#  277 | steps:  3040 | steps_t:     0 | t: 1.168349 | r:  -509.000000 | e:   1.000000 | Q:        nan | won: False 
#  278 | steps:  3048 | steps_t:     0 | t: 1.171447 | r:  -507.000000 | e:   1.000000 | Q:        nan | won: False 
#  279 | steps:  3056 | steps_t:     0 | t: 1.174360 | r:  -507.000000 | e:   1.000000 | Q:        nan | won: False 
#  280 | steps:  3067 | steps_t:     0 | t: 1.178496 | r:  -510.000000 | e:   1.000000 | Q:        nan | won: False 
#  281 | steps:  3076 | steps_t:     0 | t: 1.181772 | r:  -508.000000 | e:   1.000000 | Q:        nan | won: False 
#  282 | steps:  3089 | steps_t:     0 | t: 1.186622 | r:  -512.000000 | e:   1.000000 | Q:        nan | won: False 
#  283 | steps:  3109 | steps_t:     0 | t: 1.194189 | r:  -519.000000 | e:   1.000000 | Q:        nan | won: False 
#  284 | steps:  3124 | steps_t:     0 | t: 1.199745 | r:  -514.000000 | e:   1.000000 | Q:        nan | won: False 
#  285 | steps:  3144 | steps_t:     0 | t: 1.207364 | r:  -519.000000 | e:   1.000000 | Q:        nan | won: False 
#  286 | steps:  3151 | steps_t:     0 | t: 1.209926 | r:  -506.000000 | e:   1.000000 | Q:        nan | won: False 
#  287 | steps:  3159 | steps_t:     0 | t: 1.212965 | r:  -507.000000 | e:   1.000000 | Q:        nan | won: False 
#  288 | steps:  3166 | steps_t:     0 | t: 1.215621 | r:  -506.000000 | e:   1.000000 | Q:        nan | won: False 
#  289 | steps:  3173 | steps_t:     0 | t: 1.218269 | r:  -506.000000 | e:   1.000000 | Q:        nan | won: False 
#  290 | steps:  3180 | steps_t:     0 | t: 1.220947 | r:  -506.000000 | e:   1.000000 | Q:        nan | won: False 
#  291 | steps:  3191 | steps_t:     0 | t: 1.225179 | r:  -510.000000 | e:   1.000000 | Q:        nan | won: False 
#  292 | steps:  3201 | steps_t:     0 | t: 1.228937 | r:  -509.000000 | e:   1.000000 | Q:        nan | won: False 
#  293 | steps:  3207 | steps_t:     0 | t: 1.231284 | r:  -505.000000 | e:   1.000000 | Q:        nan | won: False 
#  294 | steps:  3224 | steps_t:     0 | t: 1.237608 | r:  -516.000000 | e:   1.000000 | Q:        nan | won: False 
#  295 | steps:  3233 | steps_t:     0 | t: 1.240996 | r:  -508.000000 | e:   1.000000 | Q:        nan | won: False 
#  296 | steps:  3244 | steps_t:     0 | t: 1.245022 | r:  -510.000000 | e:   1.000000 | Q:        nan | won: False 
#  297 | steps:  3251 | steps_t:     0 | t: 1.248168 | r:  -506.000000 | e:   1.000000 | Q:        nan | won: False 
#  298 | steps:  3266 | steps_t:     0 | t: 1.253885 | r:  -514.000000 | e:   1.000000 | Q:        nan | won: False 
#  299 | steps:  3271 | steps_t:     0 | t: 1.255865 | r:  -504.000000 | e:   1.000000 | Q:        nan | won: False 
#  300 | steps:  3283 | steps_t:     0 | t: 1.260288 | r:  -511.000000 | e:   1.000000 | Q:        nan | won: False 
#  301 | steps:  3291 | steps_t:     0 | t: 1.263346 | r:  -507.000000 | e:   1.000000 | Q:        nan | won: False 
#  302 | steps:  3303 | steps_t:     0 | t: 1.267892 | r:  -511.000000 | e:   1.000000 | Q:        nan | won: False 
#  303 | steps:  3319 | steps_t:     0 | t: 1.273860 | r:  -504.000000 | e:   1.000000 | Q:        nan | won: False 
#  304 | steps:  3330 | steps_t:     0 | t: 1.278058 | r:  -510.000000 | e:   1.000000 | Q:        nan | won: False 
#  305 | steps:  3337 | steps_t:     0 | t: 1.280793 | r:  -506.000000 | e:   1.000000 | Q:        nan | won: False 
#  306 | steps:  3351 | steps_t:     0 | t: 1.286051 | r:  -513.000000 | e:   1.000000 | Q:        nan | won: False 
#  307 | steps:  3360 | steps_t:     0 | t: 1.289311 | r:  -508.000000 | e:   1.000000 | Q:        nan | won: False 
#  308 | steps:  3370 | steps_t:     0 | t: 1.293105 | r:  -509.000000 | e:   1.000000 | Q:        nan | won: False 
#  309 | steps:  3379 | steps_t:     0 | t: 1.296340 | r:  -508.000000 | e:   1.000000 | Q:        nan | won: False 
#  310 | steps:  3386 | steps_t:     0 | t: 1.298990 | r:  -506.000000 | e:   1.000000 | Q:        nan | won: False 
#  311 | steps:  3394 | steps_t:     0 | t: 1.301996 | r:  -507.000000 | e:   1.000000 | Q:        nan | won: False 
#  312 | steps:  3404 | steps_t:     0 | t: 1.305745 | r:  -509.000000 | e:   1.000000 | Q:        nan | won: False 
#  313 | steps:  3425 | steps_t:     0 | t: 1.313457 | r:  -520.000000 | e:   1.000000 | Q:        nan | won: False 
#  314 | steps:  3441 | steps_t:     0 | t: 1.319441 | r:  -515.000000 | e:   1.000000 | Q:        nan | won: False 
#  315 | steps:  3451 | steps_t:     0 | t: 1.323401 | r:  -509.000000 | e:   1.000000 | Q:        nan | won: False 
#  316 | steps:  3459 | steps_t:     0 | t: 1.326437 | r:  -507.000000 | e:   1.000000 | Q:        nan | won: False 
#  317 | steps:  3477 | steps_t:     0 | t: 1.333200 | r:  -517.000000 | e:   1.000000 | Q:        nan | won: False 
#  318 | steps:  3483 | steps_t:     0 | t: 1.335524 | r:  -505.000000 | e:   1.000000 | Q:        nan | won: False 
#  319 | steps:  3491 | steps_t:     0 | t: 1.338521 | r:  -507.000000 | e:   1.000000 | Q:        nan | won: False 
#  320 | steps:  3505 | steps_t:     0 | t: 1.343997 | r:  -513.000000 | e:   1.000000 | Q:        nan | won: False 
#  321 | steps:  3524 | steps_t:     0 | t: 1.351268 | r:  -518.000000 | e:   1.000000 | Q:        nan | won: False 
#  322 | steps:  3532 | steps_t:     0 | t: 1.354318 | r:  -507.000000 | e:   1.000000 | Q:        nan | won: False 
#  323 | steps:  3539 | steps_t:     0 | t: 1.356861 | r:  -506.000000 | e:   1.000000 | Q:        nan | won: False 
#  324 | steps:  3547 | steps_t:     0 | t: 1.359903 | r:  -507.000000 | e:   1.000000 | Q:        nan | won: False 
#  325 | steps:  3561 | steps_t:     0 | t: 1.365671 | r:  -513.000000 | e:   1.000000 | Q:        nan | won: False 
#  326 | steps:  3573 | steps_t:     0 | t: 1.370600 | r:  -511.000000 | e:   1.000000 | Q:        nan | won: False 
#  327 | steps:  3590 | steps_t:     0 | t: 1.376946 | r:  -516.000000 | e:   1.000000 | Q:        nan | won: False 
#  328 | steps:  3600 | steps_t:     0 | t: 1.380824 | r:  -509.000000 | e:   1.000000 | Q:        nan | won: False 
#  329 | steps:  3608 | steps_t:     0 | t: 1.383715 | r:  -507.000000 | e:   1.000000 | Q:        nan | won: False 
#  330 | steps:  3617 | steps_t:     0 | t: 1.387178 | r:  -508.000000 | e:   1.000000 | Q:        nan | won: False 
#  331 | steps:  3635 | steps_t:     0 | t: 1.393953 | r:  -517.000000 | e:   1.000000 | Q:        nan | won: False 
#  332 | steps:  3643 | steps_t:     0 | t: 1.397060 | r:  -507.000000 | e:   1.000000 | Q:        nan | won: False 
#  333 | steps:  3658 | steps_t:     0 | t: 1.402809 | r:  -514.000000 | e:   1.000000 | Q:        nan | won: False 
#  334 | steps:  3675 | steps_t:     0 | t: 1.409307 | r:  -516.000000 | e:   1.000000 | Q:        nan | won: False 
#  335 | steps:  3684 | steps_t:     0 | t: 1.412659 | r:  -508.000000 | e:   1.000000 | Q:        nan | won: False 
#  336 | steps:  3697 | steps_t:     0 | t: 1.417614 | r:  -512.000000 | e:   1.000000 | Q:        nan | won: False 
#  337 | steps:  3709 | steps_t:     0 | t: 1.422188 | r:  -511.000000 | e:   1.000000 | Q:        nan | won: False 
#  338 | steps:  3717 | steps_t:     0 | t: 1.425136 | r:  -507.000000 | e:   1.000000 | Q:        nan | won: False 
#  339 | steps:  3732 | steps_t:     0 | t: 1.430820 | r:  -503.000000 | e:   1.000000 | Q:        nan | won: False 
#  340 | steps:  3745 | steps_t:     0 | t: 1.435676 | r:  -512.000000 | e:   1.000000 | Q:        nan | won: False 
#  341 | steps:  3751 | steps_t:     0 | t: 1.438025 | r:  -505.000000 | e:   1.000000 | Q:        nan | won: False 
#  342 | steps:  3771 | steps_t:     0 | t: 1.445465 | r:  -508.000000 | e:   1.000000 | Q:        nan | won: False 
#  343 | steps:  3780 | steps_t:     0 | t: 1.448957 | r:  -508.000000 | e:   1.000000 | Q:        nan | won: False 
#  344 | steps:  3788 | steps_t:     0 | t: 1.452257 | r:  -507.000000 | e:   1.000000 | Q:        nan | won: False 
#  345 | steps:  3802 | steps_t:     0 | t: 1.457533 | r:  -513.000000 | e:   1.000000 | Q:        nan | won: False 
#  346 | steps:  3815 | steps_t:     0 | t: 1.462620 | r:  -512.000000 | e:   1.000000 | Q:        nan | won: False 
#  347 | steps:  3824 | steps_t:     0 | t: 1.466070 | r:  -508.000000 | e:   1.000000 | Q:        nan | won: False 
#  348 | steps:  3833 | steps_t:     0 | t: 1.469385 | r:  -508.000000 | e:   1.000000 | Q:        nan | won: False 
#  349 | steps:  3852 | steps_t:     0 | t: 1.476647 | r:  -518.000000 | e:   1.000000 | Q:        nan | won: False 
#  350 | steps:  3858 | steps_t:     0 | t: 1.479036 | r:  -505.000000 | e:   1.000000 | Q:        nan | won: False 
#  351 | steps:  3877 | steps_t:     0 | t: 1.486232 | r:  -518.000000 | e:   1.000000 | Q:        nan | won: False 
#  352 | steps:  3889 | steps_t:     0 | t: 1.490932 | r:  -511.000000 | e:   1.000000 | Q:        nan | won: False 
#  353 | steps:  3897 | steps_t:     0 | t: 1.494043 | r:  -507.000000 | e:   1.000000 | Q:        nan | won: False 
#  354 | steps:  3905 | steps_t:     0 | t: 1.497004 | r:  -507.000000 | e:   1.000000 | Q:        nan | won: False 
#  355 | steps:  3916 | steps_t:     0 | t: 1.501198 | r:  -510.000000 | e:   1.000000 | Q:        nan | won: False 
#  356 | steps:  3925 | steps_t:     0 | t: 1.504666 | r:  -508.000000 | e:   1.000000 | Q:        nan | won: False 
#  357 | steps:  3933 | steps_t:     0 | t: 1.507745 | r:  -507.000000 | e:   1.000000 | Q:        nan | won: False 
#  358 | steps:  3940 | steps_t:     0 | t: 1.510279 | r:  -506.000000 | e:   1.000000 | Q:        nan | won: False 
#  359 | steps:  3959 | steps_t:     0 | t: 1.517439 | r:  -518.000000 | e:   1.000000 | Q:        nan | won: False 
#  360 | steps:  3966 | steps_t:     0 | t: 1.520161 | r:  -506.000000 | e:   1.000000 | Q:        nan | won: False 
#  361 | steps:  3991 | steps_t:     0 | t: 1.529442 | r:  -524.000000 | e:   1.000000 | Q:        nan | won: False 
#  362 | steps:  4002 | steps_t:     0 | t: 1.533562 | r:  -510.000000 | e:   1.000000 | Q:        nan | won: False 
#  363 | steps:  4021 | steps_t:     0 | t: 1.540750 | r:  -518.000000 | e:   1.000000 | Q:        nan | won: False 
#  364 | steps:  4032 | steps_t:     0 | t: 1.545060 | r:  -510.000000 | e:   1.000000 | Q:        nan | won: False 
#  365 | steps:  4046 | steps_t:     0 | t: 1.550555 | r:  -513.000000 | e:   1.000000 | Q:        nan | won: False 
#  366 | steps:  4054 | steps_t:     0 | t: 1.553659 | r:  -507.000000 | e:   1.000000 | Q:        nan | won: False 
#  367 | steps:  4082 | steps_t:     0 | t: 1.564194 | r:  -527.000000 | e:   1.000000 | Q:        nan | won: False 
#  368 | steps:  4092 | steps_t:     0 | t: 1.568142 | r:  -509.000000 | e:   1.000000 | Q:        nan | won: False 
#  369 | steps:  4101 | steps_t:     0 | t: 1.571667 | r:  -508.000000 | e:   1.000000 | Q:        nan | won: False 
#  370 | steps:  4115 | steps_t:     0 | t: 1.577063 | r:  -513.000000 | e:   1.000000 | Q:        nan | won: False 
#  371 | steps:  4120 | steps_t:     0 | t: 1.579059 | r:  -504.000000 | e:   1.000000 | Q:        nan | won: False 
#  372 | steps:  4126 | steps_t:     0 | t: 1.581381 | r:  -505.000000 | e:   1.000000 | Q:        nan | won: False 
#  373 | steps:  4134 | steps_t:     0 | t: 1.584395 | r:  -507.000000 | e:   1.000000 | Q:        nan | won: False 
#  374 | steps:  4141 | steps_t:     0 | t: 1.587025 | r:  -506.000000 | e:   1.000000 | Q:        nan | won: False 
#  375 | steps:  4147 | steps_t:     0 | t: 1.589257 | r:  -505.000000 | e:   1.000000 | Q:        nan | won: False 
#  376 | steps:  4165 | steps_t:     0 | t: 1.596067 | r:  -517.000000 | e:   1.000000 | Q:        nan | won: False 
#  377 | steps:  4175 | steps_t:     0 | t: 1.599816 | r:  -509.000000 | e:   1.000000 | Q:        nan | won: False 
#  378 | steps:  4189 | steps_t:     0 | t: 1.605005 | r:  -502.000000 | e:   1.000000 | Q:        nan | won: False 
#  379 | steps:  4195 | steps_t:     0 | t: 1.607256 | r:  -505.000000 | e:   1.000000 | Q:        nan | won: False 
#  380 | steps:  4202 | steps_t:     0 | t: 1.609789 | r:  -506.000000 | e:   1.000000 | Q:        nan | won: False 
#  381 | steps:  4210 | steps_t:     0 | t: 1.612885 | r:  -507.000000 | e:   1.000000 | Q:        nan | won: False 
#  382 | steps:  4226 | steps_t:     0 | t: 1.618957 | r:  -515.000000 | e:   1.000000 | Q:        nan | won: False 
#  383 | steps:  4244 | steps_t:     0 | t: 1.625833 | r:  -517.000000 | e:   1.000000 | Q:        nan | won: False 
#  384 | steps:  4250 | steps_t:     0 | t: 1.628231 | r:  -505.000000 | e:   1.000000 | Q:        nan | won: False 
#  385 | steps:  4258 | steps_t:     0 | t: 1.631222 | r:  -507.000000 | e:   1.000000 | Q:        nan | won: False 
#  386 | steps:  4265 | steps_t:     0 | t: 1.633918 | r:  -506.000000 | e:   1.000000 | Q:        nan | won: False 
#  387 | steps:  4271 | steps_t:     0 | t: 1.636291 | r:  -505.000000 | e:   1.000000 | Q:        nan | won: False 
#  388 | steps:  4281 | steps_t:     0 | t: 1.640149 | r:  -509.000000 | e:   1.000000 | Q:        nan | won: False 
#  389 | steps:  4286 | steps_t:     0 | t: 1.642111 | r:  -504.000000 | e:   1.000000 | Q:        nan | won: False 
#  390 | steps:  4296 | steps_t:     0 | t: 1.645952 | r:  -509.000000 | e:   1.000000 | Q:        nan | won: False 
#  391 | steps:  4305 | steps_t:     0 | t: 1.649490 | r:  -508.000000 | e:   1.000000 | Q:        nan | won: False 
#  392 | steps:  4314 | steps_t:     0 | t: 1.652985 | r:  -508.000000 | e:   1.000000 | Q:        nan | won: False 
#  393 | steps:  4323 | steps_t:     0 | t: 1.656547 | r:  -508.000000 | e:   1.000000 | Q:        nan | won: False 
#  394 | steps:  4336 | steps_t:     0 | t: 1.661560 | r:  -512.000000 | e:   1.000000 | Q:        nan | won: False 
#  395 | steps:  4346 | steps_t:     0 | t: 1.665233 | r:  -509.000000 | e:   1.000000 | Q:        nan | won: False 
#  396 | steps:  4354 | steps_t:     0 | t: 1.668295 | r:  -507.000000 | e:   1.000000 | Q:        nan | won: False 
#  397 | steps:  4362 | steps_t:     0 | t: 1.671225 | r:  -507.000000 | e:   1.000000 | Q:        nan | won: False 
#  398 | steps:  4370 | steps_t:     0 | t: 1.674216 | r:  -507.000000 | e:   1.000000 | Q:        nan | won: False 
#  399 | steps:  4389 | steps_t:     0 | t: 1.681344 | r:  -518.000000 | e:   1.000000 | Q:        nan | won: False 
#  400 | steps:  4398 | steps_t:     0 | t: 1.684792 | r:  -508.000000 | e:   1.000000 | Q:        nan | won: False 
#  401 | steps:  4406 | steps_t:     0 | t: 1.687845 | r:  -507.000000 | e:   1.000000 | Q:        nan | won: False 
#  402 | steps:  4426 | steps_t:     0 | t: 1.695377 | r:  -519.000000 | e:   1.000000 | Q:        nan | won: False 
#  403 | steps:  4434 | steps_t:     0 | t: 1.698414 | r:  -507.000000 | e:   1.000000 | Q:        nan | won: False 
#  404 | steps:  4444 | steps_t:     0 | t: 1.702329 | r:  -509.000000 | e:   1.000000 | Q:        nan | won: False 
#  405 | steps:  4451 | steps_t:     0 | t: 1.705003 | r:  -506.000000 | e:   1.000000 | Q:        nan | won: False 
#  406 | steps:  4457 | steps_t:     0 | t: 1.707158 | r:  -505.000000 | e:   1.000000 | Q:        nan | won: False 
#  407 | steps:  4468 | steps_t:     0 | t: 1.711337 | r:  -510.000000 | e:   1.000000 | Q:        nan | won: False 
#  408 | steps:  4474 | steps_t:     0 | t: 1.713611 | r:  -505.000000 | e:   1.000000 | Q:        nan | won: False 
#  409 | steps:  4485 | steps_t:     0 | t: 1.717757 | r:  -510.000000 | e:   1.000000 | Q:        nan | won: False 
#  410 | steps:  4492 | steps_t:     0 | t: 1.720441 | r:  -506.000000 | e:   1.000000 | Q:        nan | won: False 
#  411 | steps:  4499 | steps_t:     0 | t: 1.723085 | r:  -506.000000 | e:   1.000000 | Q:        nan | won: False 
#  412 | steps:  4513 | steps_t:     0 | t: 1.728351 | r:  -513.000000 | e:   1.000000 | Q:        nan | won: False 
#  413 | steps:  4525 | steps_t:     0 | t: 1.732904 | r:  -511.000000 | e:   1.000000 | Q:        nan | won: False 
#  414 | steps:  4532 | steps_t:     0 | t: 1.735554 | r:  -506.000000 | e:   1.000000 | Q:        nan | won: False 
#  415 | steps:  4539 | steps_t:     0 | t: 1.738189 | r:  -506.000000 | e:   1.000000 | Q:        nan | won: False 
#  416 | steps:  4559 | steps_t:     0 | t: 1.745697 | r:  -519.000000 | e:   1.000000 | Q:        nan | won: False 
#  417 | steps:  4566 | steps_t:     0 | t: 1.748624 | r:  -506.000000 | e:   1.000000 | Q:        nan | won: False 
#  418 | steps:  4572 | steps_t:     0 | t: 1.751103 | r:  -505.000000 | e:   1.000000 | Q:        nan | won: False 
#  419 | steps:  4596 | steps_t:     0 | t: 1.760457 | r:  -523.000000 | e:   1.000000 | Q:        nan | won: False 
#  420 | steps:  4616 | steps_t:     0 | t: 1.768857 | r:  -519.000000 | e:   1.000000 | Q:        nan | won: False 
#  421 | steps:  4628 | steps_t:     0 | t: 1.773390 | r:  -511.000000 | e:   1.000000 | Q:        nan | won: False 
#  422 | steps:  4635 | steps_t:     0 | t: 1.776854 | r:  -506.000000 | e:   1.000000 | Q:        nan | won: False 
#  423 | steps:  4649 | steps_t:     0 | t: 1.782190 | r:  -513.000000 | e:   1.000000 | Q:        nan | won: False 
#  424 | steps:  4658 | steps_t:     0 | t: 1.785633 | r:  -508.000000 | e:   1.000000 | Q:        nan | won: False 
#  425 | steps:  4665 | steps_t:     0 | t: 1.788183 | r:  -506.000000 | e:   1.000000 | Q:        nan | won: False 
#  426 | steps:  4674 | steps_t:     0 | t: 1.791648 | r:  -508.000000 | e:   1.000000 | Q:        nan | won: False 
#  427 | steps:  4686 | steps_t:     0 | t: 1.796030 | r:  -511.000000 | e:   1.000000 | Q:        nan | won: False 
#  428 | steps:  4707 | steps_t:     0 | t: 1.803874 | r:  -520.000000 | e:   1.000000 | Q:        nan | won: False 
#  429 | steps:  4717 | steps_t:     0 | t: 1.807709 | r:  -509.000000 | e:   1.000000 | Q:        nan | won: False 
#  430 | steps:  4723 | steps_t:     0 | t: 1.810036 | r:  -505.000000 | e:   1.000000 | Q:        nan | won: False 
#  431 | steps:  4733 | steps_t:     0 | t: 1.813803 | r:  -509.000000 | e:   1.000000 | Q:        nan | won: False 
#  432 | steps:  4753 | steps_t:     0 | t: 1.821324 | r:  -519.000000 | e:   1.000000 | Q:        nan | won: False 
#  433 | steps:  4761 | steps_t:     0 | t: 1.824371 | r:  -507.000000 | e:   1.000000 | Q:        nan | won: False 
#  434 | steps:  4768 | steps_t:     0 | t: 1.827029 | r:  -506.000000 | e:   1.000000 | Q:        nan | won: False 
#  435 | steps:  4781 | steps_t:     0 | t: 1.831904 | r:  -512.000000 | e:   1.000000 | Q:        nan | won: False 
#  436 | steps:  4789 | steps_t:     0 | t: 1.834910 | r:  -507.000000 | e:   1.000000 | Q:        nan | won: False 
#  437 | steps:  4807 | steps_t:     0 | t: 1.841468 | r:  -517.000000 | e:   1.000000 | Q:        nan | won: False 
#  438 | steps:  4817 | steps_t:     0 | t: 1.845256 | r:  -509.000000 | e:   1.000000 | Q:        nan | won: False 
#  439 | steps:  4827 | steps_t:     0 | t: 1.848947 | r:  -509.000000 | e:   1.000000 | Q:        nan | won: False 
#  440 | steps:  4854 | steps_t:     0 | t: 1.858790 | r:  -515.000000 | e:   1.000000 | Q:        nan | won: False 
#  441 | steps:  4870 | steps_t:     0 | t: 1.865844 | r:  -515.000000 | e:   1.000000 | Q:        nan | won: False 
#  442 | steps:  4880 | steps_t:     0 | t: 1.869917 | r:  -509.000000 | e:   1.000000 | Q:        nan | won: False 
#  443 | steps:  4889 | steps_t:     0 | t: 1.873665 | r:  -508.000000 | e:   1.000000 | Q:        nan | won: False 
#  444 | steps:  4895 | steps_t:     0 | t: 1.876135 | r:  -505.000000 | e:   1.000000 | Q:        nan | won: False 
#  445 | steps:  4905 | steps_t:     0 | t: 1.880218 | r:  -509.000000 | e:   1.000000 | Q:        nan | won: False 
#  446 | steps:  4916 | steps_t:     0 | t: 1.884485 | r:  -510.000000 | e:   1.000000 | Q:        nan | won: False 
#  447 | steps:  4933 | steps_t:     0 | t: 1.891161 | r:  -516.000000 | e:   1.000000 | Q:        nan | won: False 
#  448 | steps:  4944 | steps_t:     0 | t: 1.895499 | r:  -510.000000 | e:   1.000000 | Q:        nan | won: False 
#  449 | steps:  4952 | steps_t:     0 | t: 1.898821 | r:  -507.000000 | e:   1.000000 | Q:        nan | won: False 
#  450 | steps:  4969 | steps_t:     0 | t: 1.905323 | r:  -516.000000 | e:   1.000000 | Q:        nan | won: False 
#  451 | steps:  4978 | steps_t:     0 | t: 1.908883 | r:  -508.000000 | e:   1.000000 | Q:        nan | won: False 
#  452 | steps:  4994 | steps_t:     0 | t: 1.915228 | r:  -515.000000 | e:   1.000000 | Q:        nan | won: False 
#  453 | steps:  5003 | steps_t:     2 | t: 2.115161 | r:  -508.000000 | e:   0.999800 | Q:        nan | won: False 
#  454 | steps:  5013 | steps_t:    11 | t: 2.231800 | r:  -509.000000 | e:   0.998900 | Q:        nan | won: False 
#  455 | steps:  5019 | steps_t:    16 | t: 2.289123 | r:  -505.000000 | e:   0.998400 | Q:        nan | won: False 
#  456 | steps:  5029 | steps_t:    25 | t: 2.362769 | r:  -509.000000 | e:   0.997500 | Q:        nan | won: False 
#  457 | steps:  5035 | steps_t:    30 | t: 2.406509 | r:  -505.000000 | e:   0.997000 | Q:        nan | won: False 
#  458 | steps:  5058 | steps_t:    52 | t: 2.586022 | r:  -522.000000 | e:   0.994800 | Q:        nan | won: False 
#  459 | steps:  5068 | steps_t:    61 | t: 2.672704 | r:  -509.000000 | e:   0.993900 | Q:        nan | won: False 
#  460 | steps:  5077 | steps_t:    69 | t: 2.752521 | r:  -508.000000 | e:   0.993100 | Q:        nan | won: False 
#  461 | steps:  5090 | steps_t:    81 | t: 2.875505 | r:  -512.000000 | e:   0.991900 | Q:        nan | won: False 
#  462 | steps:  5101 | steps_t:    91 | t: 2.956768 | r:  -510.000000 | e:   0.990900 | Q:        nan | won: False 
#  463 | steps:  5109 | steps_t:    98 | t: 3.010016 | r:  -507.000000 | e:   0.990200 | Q:        nan | won: False 
#  464 | steps:  5116 | steps_t:   104 | t: 3.058878 | r:  -506.000000 | e:   0.989600 | Q:        nan | won: False 
#  465 | steps:  5128 | steps_t:   115 | t: 3.156469 | r:  -511.000000 | e:   0.988500 | Q:        nan | won: False 
#  466 | steps:  5139 | steps_t:   125 | t: 3.242613 | r:  -510.000000 | e:   0.987500 | Q:        nan | won: False 
#  467 | steps:  5147 | steps_t:   132 | t: 3.299310 | r:  -507.000000 | e:   0.986800 | Q: -174.143066 | won: False 
#  468 | steps:  5167 | steps_t:   151 | t: 3.446470 | r:  -519.000000 | e:   0.984900 | Q:        nan | won: False 
#  469 | steps:  5177 | steps_t:   160 | t: 3.529238 | r:  -509.000000 | e:   0.984000 | Q:        nan | won: False 
#  470 | steps:  5186 | steps_t:   168 | t: 3.602609 | r:  -508.000000 | e:   0.983200 | Q: -296.804779 | won: False 
#  471 | steps:  5194 | steps_t:   175 | t: 3.670023 | r:  -507.000000 | e:   0.982500 | Q:        nan | won: False 
#  472 | steps:  5204 | steps_t:   184 | t: 3.744952 | r:  -509.000000 | e:   0.981600 | Q:        nan | won: False 
#  473 | steps:  5214 | steps_t:   193 | t: 3.812103 | r:  -509.000000 | e:   0.980700 | Q:        nan | won: False 
#  474 | steps:  5222 | steps_t:   200 | t: 3.877979 | r:  -507.000000 | e:   0.980000 | Q:        nan | won: False 
#  475 | steps:  5234 | steps_t:   211 | t: 3.967254 | r:  -511.000000 | e:   0.978900 | Q:        nan | won: False 
#  476 | steps:  5241 | steps_t:   217 | t: 4.009182 | r:  -506.000000 | e:   0.978300 | Q:        nan | won: False 
#  477 | steps:  5252 | steps_t:   227 | t: 4.083760 | r:  -510.000000 | e:   0.977300 | Q: -307.405670 | won: False 
#  478 | steps:  5263 | steps_t:   237 | t: 4.150185 | r:  -510.000000 | e:   0.976300 | Q:        nan | won: False 
#  479 | steps:  5272 | steps_t:   245 | t: 4.204603 | r:  -508.000000 | e:   0.975500 | Q:        nan | won: False 
#  480 | steps:  5280 | steps_t:   252 | t: 4.248395 | r:  -507.000000 | e:   0.974800 | Q:        nan | won: False 
#  481 | steps:  5292 | steps_t:   263 | t: 4.319817 | r:  -511.000000 | e:   0.973700 | Q: -317.740479 | won: False 
#  482 | steps:  5302 | steps_t:   272 | t: 4.378535 | r:  -509.000000 | e:   0.972800 | Q: -322.003540 | won: False 
#  483 | steps:  5311 | steps_t:   280 | t: 4.430699 | r:  -508.000000 | e:   0.972000 | Q: -329.413513 | won: False 
#  484 | steps:  5318 | steps_t:   286 | t: 4.469061 | r:  -506.000000 | e:   0.971400 | Q:        nan | won: False 
#  485 | steps:  5326 | steps_t:   293 | t: 4.515079 | r:  -507.000000 | e:   0.970700 | Q:        nan | won: False 
#  486 | steps:  5333 | steps_t:   299 | t: 4.554761 | r:  -506.000000 | e:   0.970100 | Q:        nan | won: False 
#  487 | steps:  5347 | steps_t:   312 | t: 4.643402 | r:  -513.000000 | e:   0.968800 | Q:        nan | won: False 
#  488 | steps:  5362 | steps_t:   326 | t: 4.755524 | r:  -514.000000 | e:   0.967400 | Q:        nan | won: False 
#  489 | steps:  5372 | steps_t:   335 | t: 4.836097 | r:  -509.000000 | e:   0.966500 | Q:        nan | won: False 
#  490 | steps:  5382 | steps_t:   344 | t: 4.893636 | r:  -509.000000 | e:   0.965600 | Q:        nan | won: False 
#  491 | steps:  5388 | steps_t:   349 | t: 4.925657 | r:  -505.000000 | e:   0.965100 | Q:        nan | won: False 
#  492 | steps:  5395 | steps_t:   355 | t: 4.965799 | r:  -506.000000 | e:   0.964500 | Q:        nan | won: False 
#  493 | steps:  5406 | steps_t:   365 | t: 5.031873 | r:  -510.000000 | e:   0.963500 | Q:        nan | won: False 
#  494 | steps:  5421 | steps_t:   379 | t: 5.121956 | r:  -503.000000 | e:   0.962100 | Q:        nan | won: False 
#  495 | steps:  5428 | steps_t:   385 | t: 5.160224 | r:  -506.000000 | e:   0.961500 | Q:        nan | won: False 
#  496 | steps:  5434 | steps_t:   390 | t: 5.207629 | r:  -505.000000 | e:   0.961000 | Q:        nan | won: False 
#  497 | steps:  5446 | steps_t:   401 | t: 5.286992 | r:  -511.000000 | e:   0.959900 | Q:        nan | won: False 
#  498 | steps:  5453 | steps_t:   407 | t: 5.329402 | r:  -506.000000 | e:   0.959300 | Q:        nan | won: False 
#  499 | steps:  5463 | steps_t:   416 | t: 5.392616 | r:  -509.000000 | e:   0.958400 | Q:        nan | won: False 
#  500 | steps:  5476 | steps_t:   428 | t: 5.472306 | r:  -512.000000 | e:   0.957200 | Q: -344.318634 | won: False 
#  501 | steps:  5483 | steps_t:   434 | t: 5.510337 | r:  -506.000000 | e:   0.956600 | Q:        nan | won: False 
#  502 | steps:  5494 | steps_t:   444 | t: 5.576869 | r:  -510.000000 | e:   0.955600 | Q: -316.365601 | won: False 
#  503 | steps:  5504 | steps_t:   453 | t: 5.633497 | r:  -509.000000 | e:   0.954700 | Q:        nan | won: False 
#  504 | steps:  5516 | steps_t:   464 | t: 5.708125 | r:  -511.000000 | e:   0.953600 | Q:        nan | won: False 
#  505 | steps:  5523 | steps_t:   470 | t: 5.749074 | r:  -506.000000 | e:   0.953000 | Q:        nan | won: False 
#  506 | steps:  5530 | steps_t:   476 | t: 5.795369 | r:  -506.000000 | e:   0.952400 | Q: -331.227814 | won: False 
#  507 | steps:  5544 | steps_t:   489 | t: 5.881108 | r:  -513.000000 | e:   0.951100 | Q:        nan | won: False 
#  508 | steps:  5550 | steps_t:   494 | t: 5.913367 | r:  -505.000000 | e:   0.950600 | Q:        nan | won: False 
#  509 | steps:  5559 | steps_t:   502 | t: 5.975721 | r:  -508.000000 | e:   0.949800 | Q:        nan | won: False 
#  510 | steps:  5565 | steps_t:   507 | t: 6.018110 | r:  -505.000000 | e:   0.949300 | Q:        nan | won: False 
#  511 | steps:  5574 | steps_t:   515 | t: 6.072387 | r:  -508.000000 | e:   0.948500 | Q:        nan | won: False 
#  512 | steps:  5585 | steps_t:   525 | t: 6.142069 | r:  -510.000000 | e:   0.947500 | Q:        nan | won: False 
#  513 | steps:  5591 | steps_t:   530 | t: 6.176430 | r:  -505.000000 | e:   0.947000 | Q:        nan | won: False 
#  514 | steps:  5598 | steps_t:   536 | t: 6.219224 | r:  -506.000000 | e:   0.946400 | Q:        nan | won: False 
#  515 | steps:  5605 | steps_t:   542 | t: 6.261492 | r:  -506.000000 | e:   0.945800 | Q:        nan | won: False 
#  516 | steps:  5619 | steps_t:   555 | t: 6.358701 | r:  -513.000000 | e:   0.944500 | Q:        nan | won: False 
#  517 | steps:  5627 | steps_t:   562 | t: 6.409795 | r:  -507.000000 | e:   0.943800 | Q:        nan | won: False 
#  518 | steps:  5644 | steps_t:   578 | t: 6.530334 | r:  -516.000000 | e:   0.942200 | Q: -301.298828 | won: False 
#  519 | steps:  5654 | steps_t:   587 | t: 6.592988 | r:  -509.000000 | e:   0.941300 | Q:        nan | won: False 
#  520 | steps:  5660 | steps_t:   592 | t: 6.634780 | r:  -505.000000 | e:   0.940800 | Q:        nan | won: False 
#  521 | steps:  5666 | steps_t:   597 | t: 6.678051 | r:  -505.000000 | e:   0.940300 | Q:        nan | won: False 
#  522 | steps:  5675 | steps_t:   605 | t: 6.732668 | r:  -508.000000 | e:   0.939500 | Q:        nan | won: False 
#  523 | steps:  5680 | steps_t:   609 | t: 6.766139 | r:  -504.000000 | e:   0.939100 | Q:        nan | won: False 
#  524 | steps:  5687 | steps_t:   615 | t: 6.814714 | r:  -506.000000 | e:   0.938500 | Q: -302.671234 | won: False 
#  525 | steps:  5696 | steps_t:   623 | t: 6.869654 | r:  -508.000000 | e:   0.937700 | Q: -303.692261 | won: False 
#  526 | steps:  5702 | steps_t:   628 | t: 6.911267 | r:  -505.000000 | e:   0.937200 | Q:        nan | won: False 
#  527 | steps:  5710 | steps_t:   635 | t: 6.961014 | r:  -507.000000 | e:   0.936500 | Q: -318.109375 | won: False 
#  528 | steps:  5716 | steps_t:   640 | t: 6.994765 | r:  -505.000000 | e:   0.936000 | Q:        nan | won: False 
#  529 | steps:  5726 | steps_t:   649 | t: 7.057796 | r:  -509.000000 | e:   0.935100 | Q:        nan | won: False 
#  530 | steps:  5736 | steps_t:   658 | t: 7.117896 | r:  -509.000000 | e:   0.934200 | Q:        nan | won: False 
#  531 | steps:  5745 | steps_t:   666 | t: 7.166949 | r:  -508.000000 | e:   0.933400 | Q:        nan | won: False 
#  532 | steps:  5752 | steps_t:   672 | t: 7.210224 | r:  -506.000000 | e:   0.932800 | Q:        nan | won: False 
#  533 | steps:  5760 | steps_t:   679 | t: 7.257240 | r:  -507.000000 | e:   0.932100 | Q:        nan | won: False 
#  534 | steps:  5769 | steps_t:   687 | t: 7.313706 | r:  -508.000000 | e:   0.931300 | Q:        nan | won: False 
#  535 | steps:  5779 | steps_t:   696 | t: 7.379766 | r:  -509.000000 | e:   0.930400 | Q: -281.604797 | won: False 
#  536 | steps:  5800 | steps_t:   716 | t: 7.514371 | r:  -520.000000 | e:   0.928400 | Q: -278.795654 | won: False 
#  537 | steps:  5817 | steps_t:   732 | t: 7.619005 | r:  -505.000000 | e:   0.926800 | Q: -286.127045 | won: False 
#  538 | steps:  5824 | steps_t:   738 | t: 7.659054 | r:  -506.000000 | e:   0.926200 | Q:        nan | won: False 
#  539 | steps:  5846 | steps_t:   759 | t: 7.814045 | r:  -521.000000 | e:   0.924100 | Q: -337.572571 | won: False 
#  540 | steps:  5855 | steps_t:   767 | t: 7.874206 | r:  -508.000000 | e:   0.923300 | Q: -352.969635 | won: False 
#  541 | steps:  5866 | steps_t:   777 | t: 7.948595 | r:  -510.000000 | e:   0.922300 | Q: -347.895996 | won: False 
#  542 | steps:  5884 | steps_t:   794 | t: 8.066981 | r:  -517.000000 | e:   0.920600 | Q:        nan | won: False 
#  543 | steps:  5893 | steps_t:   802 | t: 8.119188 | r:  -508.000000 | e:   0.919800 | Q: -292.180023 | won: False 
#  544 | steps:  5910 | steps_t:   818 | t: 8.244222 | r:  -516.000000 | e:   0.918200 | Q:        nan | won: False 
#  545 | steps:  5920 | steps_t:   827 | t: 8.305285 | r:  -509.000000 | e:   0.917300 | Q:        nan | won: False 
#  546 | steps:  5927 | steps_t:   833 | t: 8.346516 | r:  -506.000000 | e:   0.916700 | Q: -299.411163 | won: False 
#  547 | steps:  5936 | steps_t:   841 | t: 8.399791 | r:  -508.000000 | e:   0.915900 | Q: -319.324493 | won: False 
#  548 | steps:  5960 | steps_t:   864 | t: 8.571558 | r:  -523.000000 | e:   0.913600 | Q: -325.862457 | won: False 
#  549 | steps:  5968 | steps_t:   871 | t: 8.620382 | r:  -507.000000 | e:   0.912900 | Q: -313.110474 | won: False 
#  550 | steps:  5982 | steps_t:   884 | t: 8.706806 | r:  -513.000000 | e:   0.911600 | Q: -313.699921 | won: False 
#  551 | steps:  5992 | steps_t:   893 | t: 8.767008 | r:  -509.000000 | e:   0.910700 | Q: -311.109863 | won: False 
#  552 | steps:  6005 | steps_t:   905 | t: 8.849686 | r:  -512.000000 | e:   0.909500 | Q: -311.003113 | won: False 
#  553 | steps:  6013 | steps_t:   912 | t: 8.897915 | r:  -507.000000 | e:   0.908800 | Q:        nan | won: False 
#  554 | steps:  6024 | steps_t:   922 | t: 8.972150 | r:  -510.000000 | e:   0.907800 | Q:        nan | won: False 
#  555 | steps:  6034 | steps_t:   931 | t: 9.043098 | r:  -509.000000 | e:   0.906900 | Q: -322.258453 | won: False 
#  556 | steps:  6040 | steps_t:   936 | t: 9.100752 | r:  -505.000000 | e:   0.906400 | Q: -331.967163 | won: False 
#  557 | steps:  6052 | steps_t:   947 | t: 9.194141 | r:  -511.000000 | e:   0.905300 | Q: -322.986023 | won: False 
#  558 | steps:  6063 | steps_t:   957 | t: 9.270974 | r:  -510.000000 | e:   0.904300 | Q: -310.905090 | won: False 
#  559 | steps:  6071 | steps_t:   964 | t: 9.324966 | r:  -507.000000 | e:   0.903600 | Q:        nan | won: False 
#  560 | steps:  6088 | steps_t:   980 | t: 9.441402 | r:  -516.000000 | e:   0.902000 | Q: -288.150787 | won: False 
#  561 | steps:  6111 | steps_t:  1002 | t: 9.590376 | r:  -522.000000 | e:   0.899800 | Q: -270.192627 | won: False 
#  562 | steps:  6122 | steps_t:  1012 | t: 9.655204 | r:  -510.000000 | e:   0.898800 | Q: -297.235291 | won: False 
#  563 | steps:  6136 | steps_t:  1025 | t: 9.742554 | r:  -513.000000 | e:   0.897500 | Q:        nan | won: False 
#  564 | steps:  6143 | steps_t:  1031 | t: 9.781714 | r:  -506.000000 | e:   0.896900 | Q: -299.065613 | won: False 
#  565 | steps:  6152 | steps_t:  1039 | t: 9.840136 | r:  -508.000000 | e:   0.896100 | Q: -301.311829 | won: False 
#  566 | steps:  6179 | steps_t:  1065 | t: 10.031969 | r:  -526.000000 | e:   0.893500 | Q: -305.396973 | won: False 
#  567 | steps:  6188 | steps_t:  1073 | t: 10.092797 | r:  -508.000000 | e:   0.892700 | Q: -304.961395 | won: False 
#  568 | steps:  6194 | steps_t:  1078 | t: 10.133127 | r:  -505.000000 | e:   0.892200 | Q: -313.164764 | won: False 
#  569 | steps:  6204 | steps_t:  1087 | t: 10.211285 | r:  -509.000000 | e:   0.891300 | Q: -323.790924 | won: False 
#  570 | steps:  6211 | steps_t:  1093 | t: 10.256355 | r:  -506.000000 | e:   0.890700 | Q: -326.825439 | won: False 
#  571 | steps:  6219 | steps_t:  1100 | t: 10.303461 | r:  -507.000000 | e:   0.890000 | Q: -339.438965 | won: False 
#  572 | steps:  6228 | steps_t:  1108 | t: 10.357509 | r:  -508.000000 | e:   0.889200 | Q:        nan | won: False 
#  573 | steps:  6238 | steps_t:  1117 | t: 10.421160 | r:  -509.000000 | e:   0.888300 | Q: -335.166626 | won: False 
#  574 | steps:  6247 | steps_t:  1125 | t: 10.479122 | r:  -508.000000 | e:   0.887500 | Q: -309.449432 | won: False 
#  575 | steps:  6254 | steps_t:  1131 | t: 10.518366 | r:  -506.000000 | e:   0.886900 | Q: -294.752594 | won: False 
#  576 | steps:  6263 | steps_t:  1139 | t: 10.573064 | r:  -508.000000 | e:   0.886100 | Q:        nan | won: False 
#  577 | steps:  6271 | steps_t:  1146 | t: 10.617221 | r:  -507.000000 | e:   0.885400 | Q: -273.771942 | won: False 
#  578 | steps:  6285 | steps_t:  1159 | t: 10.701538 | r:  -491.000000 | e:   0.884100 | Q: -290.253815 | won: False 
#  579 | steps:  6332 | steps_t:  1205 | t: 10.995202 | r:  -535.000000 | e:   0.879500 | Q: -265.781281 | won: False 
#  580 | steps:  6342 | steps_t:  1214 | t: 11.060199 | r:  -509.000000 | e:   0.878600 | Q: -285.718811 | won: False 
#  581 | steps:  6354 | steps_t:  1225 | t: 11.135629 | r:  -511.000000 | e:   0.877500 | Q: -271.334808 | won: False 
#  582 | steps:  6363 | steps_t:  1233 | t: 11.186885 | r:  -508.000000 | e:   0.876700 | Q:        nan | won: False 
#  583 | steps:  6374 | steps_t:  1243 | t: 11.252472 | r:  -510.000000 | e:   0.875700 | Q: -311.867493 | won: False 
#  584 | steps:  6381 | steps_t:  1249 | t: 11.291976 | r:  -506.000000 | e:   0.875100 | Q:        nan | won: False 
#  585 | steps:  6391 | steps_t:  1258 | t: 11.348799 | r:  -509.000000 | e:   0.874200 | Q:        nan | won: False 
#  586 | steps:  6410 | steps_t:  1276 | t: 11.466085 | r:  -518.000000 | e:   0.872400 | Q: -300.817932 | won: False 
#  587 | steps:  6421 | steps_t:  1286 | t: 11.529397 | r:  -510.000000 | e:   0.871400 | Q: -295.056366 | won: False 
#  588 | steps:  6431 | steps_t:  1295 | t: 11.586931 | r:  -509.000000 | e:   0.870500 | Q: -316.516785 | won: False 
#  589 | steps:  6439 | steps_t:  1302 | t: 11.628608 | r:  -507.000000 | e:   0.869800 | Q: -323.078094 | won: False 
#  590 | steps:  6451 | steps_t:  1313 | t: 11.697659 | r:  -511.000000 | e:   0.868700 | Q: -319.289825 | won: False 
#  591 | steps:  6459 | steps_t:  1320 | t: 11.749084 | r:  -507.000000 | e:   0.868000 | Q: -304.752655 | won: False 
#  592 | steps:  6470 | steps_t:  1330 | t: 11.818115 | r:  -510.000000 | e:   0.867000 | Q:        nan | won: False 
#  593 | steps:  6477 | steps_t:  1336 | t: 11.859551 | r:  -506.000000 | e:   0.866400 | Q: -306.094910 | won: False 
#  594 | steps:  6485 | steps_t:  1343 | t: 11.911403 | r:  -507.000000 | e:   0.865700 | Q: -328.145874 | won: False 
#  595 | steps:  6502 | steps_t:  1359 | t: 12.022556 | r:  -516.000000 | e:   0.864100 | Q: -333.411285 | won: False 
#  596 | steps:  6524 | steps_t:  1380 | t: 12.170350 | r:  -521.000000 | e:   0.862000 | Q: -313.559631 | won: False 
#  597 | steps:  6530 | steps_t:  1385 | t: 12.209456 | r:  -505.000000 | e:   0.861500 | Q:        nan | won: False 
#  598 | steps:  6538 | steps_t:  1392 | t: 12.257834 | r:  -507.000000 | e:   0.860800 | Q:        nan | won: False 
#  599 | steps:  6550 | steps_t:  1403 | t: 12.327144 | r:  -511.000000 | e:   0.859700 | Q: -296.004333 | won: False 
#  600 | steps:  6581 | steps_t:  1433 | t: 12.522478 | r:  -519.000000 | e:   0.856700 | Q: -282.296814 | won: False 
#  601 | steps:  6595 | steps_t:  1446 | t: 12.608427 | r:  -513.000000 | e:   0.855400 | Q: -288.483002 | won: False 
#  602 | steps:  6604 | steps_t:  1454 | t: 12.660948 | r:  -508.000000 | e:   0.854600 | Q: -313.327911 | won: False 
#  603 | steps:  6611 | steps_t:  1460 | t: 12.697950 | r:  -506.000000 | e:   0.854000 | Q: -311.210449 | won: False 
#  604 | steps:  6636 | steps_t:  1484 | t: 12.846366 | r:  -524.000000 | e:   0.851600 | Q: -320.869080 | won: False 
#  605 | steps:  6642 | steps_t:  1489 | t: 12.876552 | r:  -505.000000 | e:   0.851100 | Q: -308.918823 | won: False 
#  606 | steps:  6649 | steps_t:  1495 | t: 12.919691 | r:  -506.000000 | e:   0.850500 | Q: -314.139526 | won: False 
#  607 | steps:  6665 | steps_t:  1510 | t: 13.008709 | r:  -515.000000 | e:   0.849000 | Q: -304.359894 | won: False 
#  608 | steps:  6672 | steps_t:  1516 | t: 13.046196 | r:  -506.000000 | e:   0.848400 | Q: -310.067596 | won: False 
#  609 | steps:  6680 | steps_t:  1523 | t: 13.091162 | r:  -507.000000 | e:   0.847700 | Q: -315.623077 | won: False 
#  610 | steps:  6690 | steps_t:  1532 | t: 13.155200 | r:  -509.000000 | e:   0.846800 | Q: -364.390015 | won: False 
#  611 | steps:  6698 | steps_t:  1539 | t: 13.198199 | r:  -507.000000 | e:   0.846100 | Q: -366.257812 | won: False 
#  612 | steps:  6708 | steps_t:  1548 | t: 13.251131 | r:  -509.000000 | e:   0.845200 | Q: -339.613342 | won: False 
#  613 | steps:  6719 | steps_t:  1558 | t: 13.310574 | r:  -510.000000 | e:   0.844200 | Q: -327.239990 | won: False 
#  614 | steps:  6729 | steps_t:  1567 | t: 13.363490 | r:  -509.000000 | e:   0.843300 | Q: -319.672180 | won: False 
#  615 | steps:  6768 | steps_t:  1605 | t: 13.596509 | r:  -527.000000 | e:   0.839500 | Q: -305.098480 | won: False 
#  616 | steps:  6775 | steps_t:  1611 | t: 13.634441 | r:  -506.000000 | e:   0.838900 | Q:        nan | won: False 
#  617 | steps:  6797 | steps_t:  1632 | t: 13.762935 | r:  -521.000000 | e:   0.836800 | Q: -297.058380 | won: False 
#  618 | steps:  6817 | steps_t:  1651 | t: 13.886741 | r:  -508.000000 | e:   0.834900 | Q: -294.294159 | won: False 
#  619 | steps:  6829 | steps_t:  1662 | t: 13.958649 | r:  -511.000000 | e:   0.833800 | Q: -321.276459 | won: False 
#  620 | steps:  6837 | steps_t:  1669 | t: 14.013638 | r:  -507.000000 | e:   0.833100 | Q: -326.570251 | won: False 
#  621 | steps:  6860 | steps_t:  1691 | t: 14.151008 | r:  -522.000000 | e:   0.830900 | Q: -308.917328 | won: False 
#  622 | steps:  6867 | steps_t:  1697 | t: 14.189902 | r:  -506.000000 | e:   0.830300 | Q: -299.918549 | won: False 
#  623 | steps:  6874 | steps_t:  1703 | t: 14.228013 | r:  -506.000000 | e:   0.829700 | Q:        nan | won: False 
#  624 | steps:  6884 | steps_t:  1712 | t: 14.291391 | r:  -509.000000 | e:   0.828800 | Q: -343.075470 | won: False 
#  625 | steps:  6894 | steps_t:  1721 | t: 14.352215 | r:  -509.000000 | e:   0.827900 | Q: -323.332062 | won: False 
#  626 | steps:  6902 | steps_t:  1728 | t: 14.397505 | r:  -507.000000 | e:   0.827200 | Q:        nan | won: False 
#  627 | steps:  6913 | steps_t:  1738 | t: 14.477557 | r:  -510.000000 | e:   0.826200 | Q:        nan | won: False 
#  628 | steps:  6921 | steps_t:  1745 | t: 14.529207 | r:  -507.000000 | e:   0.825500 | Q: -286.358490 | won: False 
#  629 | steps:  6953 | steps_t:  1776 | t: 14.740932 | r:  -520.000000 | e:   0.822400 | Q: -288.960663 | won: False 
#  630 | steps:  6970 | steps_t:  1792 | t: 14.848579 | r:  -516.000000 | e:   0.820800 | Q: -326.211975 | won: False 
#  631 | steps:  6975 | steps_t:  1796 | t: 14.878505 | r:  -504.000000 | e:   0.820400 | Q: -346.710114 | won: False 
#  632 | steps:  6982 | steps_t:  1802 | t: 14.922385 | r:  -506.000000 | e:   0.819800 | Q: -324.892792 | won: False 
#  633 | steps:  6989 | steps_t:  1808 | t: 14.962257 | r:  -506.000000 | e:   0.819200 | Q:        nan | won: False 
#  634 | steps:  7012 | steps_t:  1830 | t: 15.123221 | r:  -522.000000 | e:   0.817000 | Q: -304.475952 | won: False 
#  635 | steps:  7020 | steps_t:  1837 | t: 15.175042 | r:  -507.000000 | e:   0.816300 | Q: -297.061707 | won: False 
#  636 | steps:  7026 | steps_t:  1842 | t: 15.211354 | r:  -505.000000 | e:   0.815800 | Q: -310.125427 | won: False 
#  637 | steps:  7032 | steps_t:  1847 | t: 15.244941 | r:  -505.000000 | e:   0.815300 | Q:        nan | won: False 
#  638 | steps:  7042 | steps_t:  1856 | t: 15.312971 | r:  -509.000000 | e:   0.814400 | Q:        nan | won: False 
#  639 | steps:  7054 | steps_t:  1867 | t: 15.411127 | r:  -511.000000 | e:   0.813300 | Q: -319.090424 | won: False 
#  640 | steps:  7063 | steps_t:  1875 | t: 15.476484 | r:  -508.000000 | e:   0.812500 | Q: -324.996124 | won: False 
#  641 | steps:  7071 | steps_t:  1882 | t: 15.528367 | r:  -507.000000 | e:   0.811800 | Q: -322.675903 | won: False 
#  642 | steps:  7082 | steps_t:  1892 | t: 15.599700 | r:  -510.000000 | e:   0.810800 | Q: -331.672516 | won: False 
#  643 | steps:  7090 | steps_t:  1899 | t: 15.650079 | r:  -507.000000 | e:   0.810100 | Q: -300.764923 | won: False 
#  644 | steps:  7099 | steps_t:  1907 | t: 15.704159 | r:  -508.000000 | e:   0.809300 | Q: -293.648773 | won: False 
#  645 | steps:  7109 | steps_t:  1916 | t: 15.780411 | r:  -509.000000 | e:   0.808400 | Q: -291.572540 | won: False 
#  646 | steps:  7122 | steps_t:  1928 | t: 15.877504 | r:  -512.000000 | e:   0.807200 | Q:        nan | won: False 
#  647 | steps:  7132 | steps_t:  1937 | t: 15.940230 | r:  -509.000000 | e:   0.806300 | Q:        nan | won: False 
#  648 | steps:  7157 | steps_t:  1961 | t: 16.116010 | r:  -524.000000 | e:   0.803900 | Q: -286.378876 | won: False 
#  649 | steps:  7167 | steps_t:  1970 | t: 16.176380 | r:  -509.000000 | e:   0.803000 | Q: -364.548370 | won: False 
#  650 | steps:  7175 | steps_t:  1977 | t: 16.232252 | r:  -507.000000 | e:   0.802300 | Q: -314.037292 | won: False 
#  651 | steps:  7185 | steps_t:  1986 | t: 16.290962 | r:  -509.000000 | e:   0.801400 | Q: -353.389404 | won: False 
#  652 | steps:  7193 | steps_t:  1993 | t: 16.340290 | r:  -507.000000 | e:   0.800700 | Q: -350.014252 | won: False 
#  653 | steps:  7209 | steps_t:  2008 | t: 16.434182 | r:  -515.000000 | e:   0.799200 | Q: -323.810242 | won: False 
#  654 | steps:  7216 | steps_t:  2014 | t: 16.473180 | r:  -506.000000 | e:   0.798600 | Q: -335.197327 | won: False 
#  655 | steps:  7226 | steps_t:  2023 | t: 16.527896 | r:  -509.000000 | e:   0.797700 | Q: -375.487488 | won: False 
#  656 | steps:  7238 | steps_t:  2034 | t: 16.598297 | r:  -511.000000 | e:   0.796600 | Q: -333.947662 | won: False 
#  657 | steps:  7280 | steps_t:  2075 | t: 16.851635 | r:  -530.000000 | e:   0.792500 | Q: -307.024048 | won: False 
#  658 | steps:  7290 | steps_t:  2084 | t: 16.912057 | r:  -509.000000 | e:   0.791600 | Q: -315.160065 | won: False 
#  659 | steps:  7300 | steps_t:  2093 | t: 16.968544 | r:  -509.000000 | e:   0.790700 | Q: -290.559296 | won: False 
#  660 | steps:  7309 | steps_t:  2101 | t: 17.020239 | r:  -508.000000 | e:   0.789900 | Q: -291.030365 | won: False 
#  661 | steps:  7321 | steps_t:  2112 | t: 17.093204 | r:  -511.000000 | e:   0.788800 | Q: -312.233063 | won: False 
#  662 | steps:  7340 | steps_t:  2130 | t: 17.203856 | r:  -518.000000 | e:   0.787000 | Q: -296.763641 | won: False 
#  663 | steps:  7357 | steps_t:  2146 | t: 17.302660 | r:  -516.000000 | e:   0.785400 | Q:        nan | won: False 
#  664 | steps:  7364 | steps_t:  2152 | t: 17.346169 | r:  -506.000000 | e:   0.784800 | Q: -304.021667 | won: False 
#  665 | steps:  7373 | steps_t:  2160 | t: 17.404255 | r:  -508.000000 | e:   0.784000 | Q: -321.037811 | won: False 
#  666 | steps:  7393 | steps_t:  2179 | t: 17.531969 | r:  -519.000000 | e:   0.782100 | Q: -295.007935 | won: False 
#  667 | steps:  7403 | steps_t:  2188 | t: 17.592327 | r:  -509.000000 | e:   0.781200 | Q:        nan | won: False 
#  668 | steps:  7410 | steps_t:  2194 | t: 17.633049 | r:  -506.000000 | e:   0.780600 | Q: -263.348450 | won: False 
#  669 | steps:  7418 | steps_t:  2201 | t: 17.678287 | r:  -507.000000 | e:   0.779900 | Q: -255.111069 | won: False 
#  670 | steps:  7426 | steps_t:  2208 | t: 17.720611 | r:  -507.000000 | e:   0.779200 | Q: -274.302094 | won: False 
#  671 | steps:  7433 | steps_t:  2214 | t: 17.758071 | r:  -506.000000 | e:   0.778600 | Q: -315.036591 | won: False 
#  672 | steps:  7440 | steps_t:  2220 | t: 17.796880 | r:  -506.000000 | e:   0.778000 | Q: -304.822113 | won: False 
#  673 | steps:  7451 | steps_t:  2230 | t: 17.857359 | r:  -510.000000 | e:   0.777000 | Q: -330.676819 | won: False 
#  674 | steps:  7461 | steps_t:  2239 | t: 17.914721 | r:  -509.000000 | e:   0.776100 | Q:        nan | won: False 
#  675 | steps:  7480 | steps_t:  2257 | t: 18.037074 | r:  -518.000000 | e:   0.774300 | Q: -314.599609 | won: False 
#  676 | steps:  7489 | steps_t:  2265 | t: 18.093163 | r:  -508.000000 | e:   0.773500 | Q: -311.493256 | won: False 
#  677 | steps:  7498 | steps_t:  2273 | t: 18.148487 | r:  -508.000000 | e:   0.772700 | Q: -362.512146 | won: False 
#  678 | steps:  7506 | steps_t:  2280 | t: 18.200335 | r:  -507.000000 | e:   0.772000 | Q: -300.803436 | won: False 
#  679 | steps:  7517 | steps_t:  2290 | t: 18.268096 | r:  -510.000000 | e:   0.771000 | Q: -267.335693 | won: False 
#  680 | steps:  7538 | steps_t:  2310 | t: 18.401645 | r:  -520.000000 | e:   0.769000 | Q: -284.423462 | won: False 
#  681 | steps:  7548 | steps_t:  2319 | t: 18.459738 | r:  -509.000000 | e:   0.768100 | Q: -306.365234 | won: False 
#  682 | steps:  7572 | steps_t:  2342 | t: 18.615775 | r:  -523.000000 | e:   0.765800 | Q: -322.205994 | won: False 
#  683 | steps:  7590 | steps_t:  2359 | t: 18.727014 | r:  -517.000000 | e:   0.764100 | Q: -324.262543 | won: False 
#  684 | steps:  7601 | steps_t:  2369 | t: 18.795993 | r:  -510.000000 | e:   0.763100 | Q: -294.235260 | won: False 
#  685 | steps:  7661 | steps_t:  2428 | t: 19.195868 | r:  -548.000000 | e:   0.757200 | Q: -262.035767 | won: False 
#  686 | steps:  7672 | steps_t:  2438 | t: 19.260565 | r:  -510.000000 | e:   0.756200 | Q: -387.098694 | won: False 
#  687 | steps:  7679 | steps_t:  2444 | t: 19.316955 | r:  -506.000000 | e:   0.755600 | Q: -355.517853 | won: False 
#  688 | steps:  7689 | steps_t:  2453 | t: 19.407479 | r:  -509.000000 | e:   0.754700 | Q: -366.294800 | won: False 
#  689 | steps:  7698 | steps_t:  2461 | t: 19.471599 | r:  -508.000000 | e:   0.753900 | Q:        nan | won: False 
#  690 | steps:  7705 | steps_t:  2467 | t: 19.525222 | r:  -506.000000 | e:   0.753300 | Q: -320.339478 | won: False 
#  691 | steps:  7712 | steps_t:  2473 | t: 19.578628 | r:  -506.000000 | e:   0.752700 | Q: -284.639526 | won: False 
#  692 | steps:  7722 | steps_t:  2482 | t: 19.652878 | r:  -509.000000 | e:   0.751800 | Q: -332.757233 | won: False 
