#    1 | steps:   165 | steps_t:     0 | t: 1.066996 | r:  -499.000000 | e:   1.000000 | Q:        nan | won: False 
#    2 | steps:   205 | steps_t:     0 | t: 1.192997 | r:  -484.000000 | e:   1.000000 | Q:        nan | won: False 
#    3 | steps:   268 | steps_t:     0 | t: 1.406998 | r:  -441.000000 | e:   1.000000 | Q:        nan | won: False 
#    4 | steps:   316 | steps_t:     0 | t: 1.569001 | r:  -514.000000 | e:   1.000000 | Q:        nan | won: False 
#    5 | steps:   376 | steps_t:     0 | t: 1.765000 | r:  -515.000000 | e:   1.000000 | Q:        nan | won: False 
#    6 | steps:   521 | steps_t:     0 | t: 2.181996 | r:  -479.000000 | e:   1.000000 | Q:        nan | won: False 
#    7 | steps:   548 | steps_t:     0 | t: 2.252000 | r:  -493.000000 | e:   1.000000 | Q:        nan | won: False 
#    8 | steps:   592 | steps_t:     0 | t: 2.421001 | r:  -477.000000 | e:   1.000000 | Q:        nan | won: False 
#    9 | steps:   697 | steps_t:     0 | t: 2.756998 | r:  -527.000000 | e:   1.000000 | Q:        nan | won: False 
#   10 | steps:   837 | steps_t:     0 | t: 3.168997 | r:  -408.000000 | e:   1.000000 | Q:        nan | won: False 
#   11 | steps:   917 | steps_t:     0 | t: 3.409998 | r:  -458.000000 | e:   1.000000 | Q:        nan | won: False 
#   12 | steps:   970 | steps_t:     0 | t: 3.571997 | r:  -431.000000 | e:   1.000000 | Q:        nan | won: False 
#   13 | steps:   988 | steps_t:     0 | t: 3.627997 | r:  -484.000000 | e:   1.000000 | Q:        nan | won: False 
#   14 | steps:  1004 | steps_t:     0 | t: 3.668997 | r:  -493.000000 | e:   1.000000 | Q:        nan | won: False 
#   15 | steps:  1059 | steps_t:     0 | t: 3.842994 | r:  -499.000000 | e:   1.000000 | Q:        nan | won: False 
#   16 | steps:  1160 | steps_t:     0 | t: 4.156999 | r:  -501.000000 | e:   1.000000 | Q:        nan | won: False 
#   17 | steps:  1187 | steps_t:     0 | t: 4.235000 | r:  -482.000000 | e:   1.000000 | Q:        nan | won: False 
#   18 | steps:  1228 | steps_t:     0 | t: 4.353999 | r:  -441.000000 | e:   1.000000 | Q:        nan | won: False 
#   19 | steps:  1251 | steps_t:     0 | t: 4.421001 | r:  -478.000000 | e:   1.000000 | Q:        nan | won: False 
#   20 | steps:  1273 | steps_t:     0 | t: 4.597002 | r:  -488.000000 | e:   1.000000 | Q:        nan | won: False 
#   21 | steps:  1290 | steps_t:     0 | t: 4.667000 | r:  -472.000000 | e:   1.000000 | Q:        nan | won: False 
#   22 | steps:  1328 | steps_t:     0 | t: 4.797003 | r:  -449.000000 | e:   1.000000 | Q:        nan | won: False 
#   23 | steps:  1449 | steps_t:     0 | t: 5.333042 | r:  -422.000000 | e:   1.000000 | Q:        nan | won: False 
#   24 | steps:  1523 | steps_t:     0 | t: 5.607032 | r:  -518.000000 | e:   1.000000 | Q:        nan | won: False 
#   25 | steps:  1575 | steps_t:     0 | t: 5.769026 | r:  -397.000000 | e:   1.000000 | Q:        nan | won: False 
#   26 | steps:  1661 | steps_t:     0 | t: 6.217134 | r:  -398.000000 | e:   1.000000 | Q:        nan | won: False 
#   27 | steps:  1812 | steps_t:     0 | t: 6.688663 | r:  -529.000000 | e:   1.000000 | Q:        nan | won: False 
#   28 | steps:  1850 | steps_t:     0 | t: 6.804670 | r:  -416.000000 | e:   1.000000 | Q:        nan | won: False 
#   29 | steps:  1936 | steps_t:     0 | t: 7.070684 | r:  -409.000000 | e:   1.000000 | Q:        nan | won: False 
#   30 | steps:  2023 | steps_t:     0 | t: 7.359669 | r:  -531.000000 | e:   1.000000 | Q:        nan | won: False 
#   31 | steps:  2064 | steps_t:     0 | t: 7.509668 | r:  -441.000000 | e:   1.000000 | Q:        nan | won: False 
#   32 | steps:  2114 | steps_t:     0 | t: 7.676665 | r:  -494.000000 | e:   1.000000 | Q:        nan | won: False 
#   33 | steps:  2146 | steps_t:     0 | t: 7.759665 | r:  -410.000000 | e:   1.000000 | Q:        nan | won: False 
#   34 | steps:  2187 | steps_t:     0 | t: 7.875672 | r:  -507.000000 | e:   1.000000 | Q:        nan | won: False 
#   35 | steps:  2245 | steps_t:     0 | t: 8.074202 | r:  -502.000000 | e:   1.000000 | Q:        nan | won: False 
#   36 | steps:  2321 | steps_t:     0 | t: 8.299714 | r:  -520.000000 | e:   1.000000 | Q:        nan | won: False 
#   37 | steps:  2361 | steps_t:     0 | t: 8.555587 | r:  -473.000000 | e:   1.000000 | Q:        nan | won: False 
#   38 | steps:  2427 | steps_t:     0 | t: 8.807585 | r:  -499.000000 | e:   1.000000 | Q:        nan | won: False 
#   39 | steps:  2461 | steps_t:     0 | t: 8.909585 | r:  -478.000000 | e:   1.000000 | Q:        nan | won: False 
#   40 | steps:  2511 | steps_t:     0 | t: 9.134584 | r:  -483.000000 | e:   1.000000 | Q:        nan | won: False 
#   41 | steps:  2554 | steps_t:     0 | t: 9.348583 | r:  -454.000000 | e:   1.000000 | Q:        nan | won: False 
#   42 | steps:  2668 | steps_t:     0 | t: 9.858589 | r:  -448.000000 | e:   1.000000 | Q:        nan | won: False 
#   43 | steps:  2799 | steps_t:     0 | t: 10.441585 | r:  -498.000000 | e:   1.000000 | Q:        nan | won: False 
#   44 | steps:  2840 | steps_t:     0 | t: 10.617582 | r:  -485.000000 | e:   1.000000 | Q:        nan | won: False 
#   45 | steps:  2881 | steps_t:     0 | t: 10.781605 | r:  -386.000000 | e:   1.000000 | Q:        nan | won: False 
#   46 | steps:  3177 | steps_t:     0 | t: 12.633177 | r:  -586.000000 | e:   1.000000 | Q:        nan | won: False 
#   47 | steps:  3203 | steps_t:     0 | t: 12.708174 | r:  -448.000000 | e:   1.000000 | Q:        nan | won: False 
#   48 | steps:  3229 | steps_t:     0 | t: 12.782180 | r:  -459.000000 | e:   1.000000 | Q:        nan | won: False 
#   49 | steps:  3253 | steps_t:     0 | t: 12.879176 | r:  -501.000000 | e:   1.000000 | Q:        nan | won: False 
#   50 | steps:  3350 | steps_t:     0 | t: 13.173176 | r:  -453.000000 | e:   1.000000 | Q:        nan | won: False 
#   51 | steps:  3402 | steps_t:     0 | t: 13.329200 | r:  -507.000000 | e:   1.000000 | Q:        nan | won: False 
#   52 | steps:  3457 | steps_t:     0 | t: 13.510175 | r:  -488.000000 | e:   1.000000 | Q:        nan | won: False 
#   53 | steps:  3526 | steps_t:     0 | t: 13.700175 | r:  -491.000000 | e:   1.000000 | Q:        nan | won: False 
#   54 | steps:  3601 | steps_t:     0 | t: 13.923177 | r:  -409.000000 | e:   1.000000 | Q:        nan | won: False 
#   55 | steps:  3692 | steps_t:     0 | t: 14.223176 | r:  -502.000000 | e:   1.000000 | Q:        nan | won: False 
#   56 | steps:  3806 | steps_t:     0 | t: 14.600176 | r:  -393.000000 | e:   1.000000 | Q:        nan | won: False 
#   57 | steps:  3823 | steps_t:     0 | t: 14.714212 | r:  -494.000000 | e:   1.000000 | Q:        nan | won: False 
#   58 | steps:  3838 | steps_t:     0 | t: 14.807222 | r:  -481.000000 | e:   1.000000 | Q:        nan | won: False 
#   59 | steps:  3905 | steps_t:     0 | t: 15.014211 | r:  -467.000000 | e:   1.000000 | Q:        nan | won: False 
#   60 | steps:  4045 | steps_t:     0 | t: 15.456317 | r:  -430.000000 | e:   1.000000 | Q:        nan | won: False 
#   61 | steps:  4319 | steps_t:     0 | t: 16.308799 | r:  -476.000000 | e:   1.000000 | Q:        nan | won: False 
#   62 | steps:  4348 | steps_t:     0 | t: 16.395797 | r:  -495.000000 | e:   1.000000 | Q:        nan | won: False 
#   63 | steps:  4461 | steps_t:     0 | t: 16.741802 | r:  -392.000000 | e:   1.000000 | Q:        nan | won: False 
#   64 | steps:  4505 | steps_t:     0 | t: 16.866798 | r:  -488.000000 | e:   1.000000 | Q:        nan | won: False 
#   65 | steps:  4536 | steps_t:     0 | t: 16.952325 | r:  -464.000000 | e:   1.000000 | Q:        nan | won: False 
#   66 | steps:  4592 | steps_t:     0 | t: 17.126328 | r:  -500.000000 | e:   1.000000 | Q:        nan | won: False 
#   67 | steps:  4713 | steps_t:     0 | t: 17.621327 | r:  -510.000000 | e:   1.000000 | Q:        nan | won: False 
#   68 | steps:  4733 | steps_t:     0 | t: 17.701328 | r:  -442.000000 | e:   1.000000 | Q:        nan | won: False 
#   69 | steps:  4751 | steps_t:     0 | t: 17.763324 | r:  -418.000000 | e:   1.000000 | Q:        nan | won: False 
#   70 | steps:  4811 | steps_t:     0 | t: 17.988374 | r:  -504.000000 | e:   1.000000 | Q:        nan | won: False 
#   71 | steps:  4892 | steps_t:     0 | t: 18.428376 | r:  -448.000000 | e:   1.000000 | Q:        nan | won: False 
#   72 | steps:  4919 | steps_t:     0 | t: 18.550372 | r:  -438.000000 | e:   1.000000 | Q:        nan | won: False 
#   73 | steps:  4967 | steps_t:     0 | t: 18.709376 | r:  -525.000000 | e:   1.000000 | Q:        nan | won: False 
#   74 | steps:  5021 | steps_t:    20 | t: 19.565385 | r:  -388.000000 | e:   0.998000 | Q:        nan | won: False 
#   75 | steps:  5045 | steps_t:    43 | t: 20.201376 | r:  -457.000000 | e:   0.995700 | Q:        nan | won: False 
#   76 | steps:  5108 | steps_t:   105 | t: 22.304412 | r:  -397.000000 | e:   0.989500 | Q:  -2.052410 | won: False 
#   77 | steps:  5141 | steps_t:   137 | t: 23.376409 | r:  -488.000000 | e:   0.986300 | Q:  -5.584300 | won: False 
#   78 | steps:  5232 | steps_t:   227 | t: 26.455329 | r:  -425.000000 | e:   0.977300 | Q: -16.359045 | won: False 
#   79 | steps:  5326 | steps_t:   320 | t: 29.715328 | r:  -450.000000 | e:   0.968000 | Q: -27.291584 | won: False 
#   80 | steps:  5397 | steps_t:   390 | t: 32.500618 | r:  -438.000000 | e:   0.961000 | Q: -24.518713 | won: False 
#   81 | steps:  5453 | steps_t:   445 | t: 34.369407 | r:  -500.000000 | e:   0.955500 | Q: -36.896931 | won: False 
#   82 | steps:  5551 | steps_t:   542 | t: 37.396408 | r:  -531.000000 | e:   0.945800 | Q: -41.262703 | won: False 
#   83 | steps:  5584 | steps_t:   574 | t: 38.390410 | r:  -477.000000 | e:   0.942600 | Q: -37.748005 | won: False 
#   84 | steps:  5689 | steps_t:   678 | t: 41.392410 | r:  -395.000000 | e:   0.932200 | Q: -38.893185 | won: False 
#   85 | steps:  5737 | steps_t:   725 | t: 42.759409 | r:  -481.000000 | e:   0.927500 | Q: -38.817528 | won: False 
#   86 | steps:  5770 | steps_t:   757 | t: 43.832933 | r:  -477.000000 | e:   0.924300 | Q: -50.842339 | won: False 
#   87 | steps:  5879 | steps_t:   865 | t: 47.485023 | r:  -498.000000 | e:   0.913500 | Q: -29.040836 | won: False 
#   88 | steps:  5914 | steps_t:   899 | t: 48.588984 | r:  -424.000000 | e:   0.910100 | Q: -44.664959 | won: False 
#   89 | steps:  5949 | steps_t:   933 | t: 50.074341 | r:  -402.000000 | e:   0.906700 | Q: -31.083681 | won: False 
#   90 | steps:  6008 | steps_t:   991 | t: 52.098096 | r:  -371.000000 | e:   0.900900 | Q: -28.464180 | won: False 
#   91 | steps:  6116 | steps_t:  1098 | t: 56.866683 | r:  -497.000000 | e:   0.890200 | Q: -34.688511 | won: False 
#   92 | steps:  6178 | steps_t:  1159 | t: 59.304668 | r:  -473.000000 | e:   0.884100 | Q: -39.563904 | won: False 
#   93 | steps:  6304 | steps_t:  1284 | t: 62.905674 | r:  -438.000000 | e:   0.871600 | Q: -39.569267 | won: False 
#   94 | steps:  6440 | steps_t:  1419 | t: 66.688670 | r:  -514.000000 | e:   0.858100 | Q: -33.153835 | won: False 
#   95 | steps:  6537 | steps_t:  1515 | t: 69.719726 | r:  -453.000000 | e:   0.848500 | Q: -45.574348 | won: False 
#   96 | steps:  6609 | steps_t:  1586 | t: 71.630726 | r:  -428.000000 | e:   0.841400 | Q: -52.371620 | won: False 
#   97 | steps:  6660 | steps_t:  1636 | t: 72.779724 | r:  -473.000000 | e:   0.836400 | Q: -50.468731 | won: False 
#   98 | steps:  6757 | steps_t:  1732 | t: 74.969436 | r:  -420.000000 | e:   0.826800 | Q: -28.531443 | won: False 
#   99 | steps:  6799 | steps_t:  1773 | t: 75.991439 | r:  -409.000000 | e:   0.822700 | Q: -38.884140 | won: False 
#  100 | steps:  6835 | steps_t:  1808 | t: 76.826441 | r:  -502.000000 | e:   0.819200 | Q: -40.386200 | won: False 
#  101 | steps:  6867 | steps_t:  1839 | t: 77.678442 | r:  -399.000000 | e:   0.816100 | Q: -40.399479 | won: False 
#  102 | steps:  6882 | steps_t:  1853 | t: 78.081437 | r:  -481.000000 | e:   0.814700 | Q: -42.009537 | won: False 
#  103 | steps:  6947 | steps_t:  1917 | t: 79.982439 | r:  -399.000000 | e:   0.808300 | Q: -40.558735 | won: False 
#  104 | steps:  7001 | steps_t:  1970 | t: 81.446437 | r:  -454.000000 | e:   0.803000 | Q: -35.320091 | won: False 
#  105 | steps:  7047 | steps_t:  2015 | t: 82.552437 | r:  -501.000000 | e:   0.798500 | Q: -51.953762 | won: False 
#  106 | steps:  7285 | steps_t:  2252 | t: 88.699439 | r:  -484.000000 | e:   0.774800 | Q: -38.253868 | won: False 
#  107 | steps:  7447 | steps_t:  2413 | t: 92.452441 | r:  -496.000000 | e:   0.758700 | Q: -35.629295 | won: False 
#  108 | steps:  7500 | steps_t:  2465 | t: 93.787442 | r:  -475.000000 | e:   0.753500 | Q: -57.856258 | won: False 
#  109 | steps:  7658 | steps_t:  2622 | t: 97.830438 | r:  -415.000000 | e:   0.737800 | Q: -37.077217 | won: False 
#  110 | steps:  7683 | steps_t:  2646 | t: 98.423437 | r:  -436.000000 | e:   0.735400 | Q: -37.118027 | won: False 
#  111 | steps:  7736 | steps_t:  2698 | t: 99.667437 | r:  -354.000000 | e:   0.730200 | Q: -38.398575 | won: False 
#  112 | steps:  7763 | steps_t:  2724 | t: 100.298439 | r:  -438.000000 | e:   0.727600 | Q: -40.928425 | won: False 
#  113 | steps:  7841 | steps_t:  2801 | t: 102.377437 | r:  -390.000000 | e:   0.719900 | Q: -34.166145 | won: False 
#  114 | steps:  7925 | steps_t:  2884 | t: 104.258436 | r:  -440.000000 | e:   0.711600 | Q: -34.166084 | won: False 
#  115 | steps:  8012 | steps_t:  2970 | t: 106.645438 | r:  -355.000000 | e:   0.703000 | Q: -31.474377 | won: False 
#  116 | steps:  8044 | steps_t:  3001 | t: 107.423436 | r:  -476.000000 | e:   0.699900 | Q: -35.739174 | won: False 
#  117 | steps:  8070 | steps_t:  3026 | t: 108.029439 | r:  -459.000000 | e:   0.697400 | Q: -36.333958 | won: False 
#  118 | steps:  8458 | steps_t:  3413 | t: 118.439439 | r:  -557.000000 | e:   0.658700 | Q: -38.598915 | won: False 
#  119 | steps:  8514 | steps_t:  3468 | t: 120.190439 | r:  -489.000000 | e:   0.653200 | Q: -48.506886 | won: False 
#  120 | steps:  8541 | steps_t:  3494 | t: 120.827440 | r:  -493.000000 | e:   0.650600 | Q: -45.480297 | won: False 
#  121 | steps:  8560 | steps_t:  3512 | t: 121.294440 | r:  -496.000000 | e:   0.648800 | Q: -43.711369 | won: False 
#  122 | steps:  8675 | steps_t:  3626 | t: 124.718438 | r:  -471.000000 | e:   0.637400 | Q: -33.583206 | won: False 
#  123 | steps:  8715 | steps_t:  3665 | t: 126.047442 | r:  -440.000000 | e:   0.633500 | Q: -36.091599 | won: False 
#  124 | steps:  8776 | steps_t:  3725 | t: 127.674438 | r:  -461.000000 | e:   0.627500 | Q: -29.322250 | won: False 
#  125 | steps:  8819 | steps_t:  3767 | t: 128.669436 | r:  -399.000000 | e:   0.623300 | Q: -41.989620 | won: False 
#  126 | steps:  8931 | steps_t:  3878 | t: 131.577440 | r:  -424.000000 | e:   0.612200 | Q: -42.007469 | won: False 
#  127 | steps:  8976 | steps_t:  3922 | t: 132.695439 | r:  -434.000000 | e:   0.607800 | Q: -29.099569 | won: False 
#  128 | steps:  9020 | steps_t:  3965 | t: 133.754439 | r:  -422.000000 | e:   0.603500 | Q: -29.773993 | won: False 
#  129 | steps:  9046 | steps_t:  3990 | t: 134.478440 | r:  -426.000000 | e:   0.601000 | Q: -41.514542 | won: False 
#  130 | steps:  9071 | steps_t:  4014 | t: 135.179708 | r:  -480.000000 | e:   0.598600 | Q: -40.646660 | won: False 
#  131 | steps:  9101 | steps_t:  4043 | t: 136.031704 | r:  -496.000000 | e:   0.595700 | Q: -51.981945 | won: False 
#  132 | steps:  9169 | steps_t:  4110 | t: 137.786703 | r:  -479.000000 | e:   0.589000 | Q: -49.956562 | won: False 
#  133 | steps:  9320 | steps_t:  4260 | t: 141.547702 | r:  -419.000000 | e:   0.574000 | Q: -39.402939 | won: False 
#  134 | steps:  9341 | steps_t:  4280 | t: 142.048704 | r:  -476.000000 | e:   0.572000 | Q: -42.731480 | won: False 
#  135 | steps:  9377 | steps_t:  4315 | t: 143.071711 | r:  -381.000000 | e:   0.568500 | Q: -39.875393 | won: False 
#  136 | steps:  9404 | steps_t:  4341 | t: 143.739708 | r:  -438.000000 | e:   0.565900 | Q: -38.640484 | won: False 
#  137 | steps:  9484 | steps_t:  4420 | t: 145.670704 | r:  -414.000000 | e:   0.558000 | Q: -36.548931 | won: False 
#  138 | steps:  9507 | steps_t:  4442 | t: 146.214704 | r:  -412.000000 | e:   0.555800 | Q: -61.023937 | won: False 
#  139 | steps:  9570 | steps_t:  4504 | t: 147.812708 | r:  -408.000000 | e:   0.549600 | Q: -60.223965 | won: False 
#  140 | steps:  9590 | steps_t:  4523 | t: 148.305705 | r:  -442.000000 | e:   0.547700 | Q: -57.169346 | won: False 
#  141 | steps:  9650 | steps_t:  4582 | t: 149.890704 | r:  -394.000000 | e:   0.541800 | Q: -53.595642 | won: False 
#  142 | steps:  9677 | steps_t:  4608 | t: 150.549703 | r:  -427.000000 | e:   0.539200 | Q: -46.089275 | won: False 
#  143 | steps:  9770 | steps_t:  4700 | t: 153.104702 | r:  -405.000000 | e:   0.530000 | Q: -48.440136 | won: False 
#  144 | steps:  9786 | steps_t:  4715 | t: 153.524704 | r:  -416.000000 | e:   0.528500 | Q: -61.144974 | won: False 
#  145 | steps:  9811 | steps_t:  4739 | t: 154.285703 | r:  -502.000000 | e:   0.526100 | Q: -66.946808 | won: False 
#  146 | steps:  9895 | steps_t:  4822 | t: 156.804715 | r:  -297.000000 | e:   0.517800 | Q: -44.467785 | won: False 
#  147 | steps:  9939 | steps_t:  4865 | t: 158.574704 | r:  -411.000000 | e:   0.513500 | Q: -37.976952 | won: False 
#  148 | steps: 10080 | steps_t:  5005 | t: 163.323704 | r:  -424.000000 | e:   0.499500 | Q: -41.260979 | won: False 
#  149 | steps: 10123 | steps_t:  5047 | t: 164.639702 | r:  -432.000000 | e:   0.495300 | Q: -51.269428 | won: False 
#  150 | steps: 10155 | steps_t:  5078 | t: 165.566706 | r:  -443.000000 | e:   0.492200 | Q: -45.421703 | won: False 
#  151 | steps: 10184 | steps_t:  5106 | t: 166.541703 | r:  -473.000000 | e:   0.489400 | Q: -41.563587 | won: False 
#  152 | steps: 10218 | steps_t:  5139 | t: 167.599706 | r:  -434.000000 | e:   0.486100 | Q: -38.371304 | won: False 
#  153 | steps: 10246 | steps_t:  5166 | t: 168.466712 | r:  -483.000000 | e:   0.483400 | Q: -37.042809 | won: False 
#  154 | steps: 10296 | steps_t:  5215 | t: 170.120708 | r:  -505.000000 | e:   0.478500 | Q: -38.098953 | won: False 
#  155 | steps: 10385 | steps_t:  5303 | t: 172.858248 | r:  -434.000000 | e:   0.469700 | Q: -38.845276 | won: False 
#  156 | steps: 10455 | steps_t:  5372 | t: 174.954248 | r:  -426.000000 | e:   0.462800 | Q: -56.823421 | won: False 
#  157 | steps: 10502 | steps_t:  5418 | t: 176.312249 | r:  -414.000000 | e:   0.458200 | Q: -61.745270 | won: False 
#  158 | steps: 10833 | steps_t:  5748 | t: 185.860249 | r:  -247.000000 | e:   0.425200 | Q: -47.894272 | won: False 
#  159 | steps: 10866 | steps_t:  5780 | t: 187.201250 | r:  -378.000000 | e:   0.422000 | Q: -45.827137 | won: False 
#  160 | steps: 10886 | steps_t:  5799 | t: 187.845251 | r:  -475.000000 | e:   0.420100 | Q: -49.629478 | won: False 
#  161 | steps: 10925 | steps_t:  5837 | t: 189.073774 | r:  -450.000000 | e:   0.416300 | Q: -46.768745 | won: False 
#  162 | steps: 10995 | steps_t:  5906 | t: 191.531775 | r:  -481.000000 | e:   0.409400 | Q: -50.964600 | won: False 
#  163 | steps: 11040 | steps_t:  5950 | t: 193.047774 | r:  -511.000000 | e:   0.405000 | Q: -43.125942 | won: False 
#  164 | steps: 11132 | steps_t:  6041 | t: 196.052209 | r:  -393.000000 | e:   0.395900 | Q: -41.432552 | won: False 
#  165 | steps: 11158 | steps_t:  6066 | t: 197.041230 | r:  -448.000000 | e:   0.393400 | Q: -56.064434 | won: False 
#  166 | steps: 11261 | steps_t:  6168 | t: 200.484911 | r:  -338.000000 | e:   0.383200 | Q: -50.658646 | won: False 
#  167 | steps: 11286 | steps_t:  6192 | t: 201.180911 | r:  -447.000000 | e:   0.380800 | Q: -45.072796 | won: False 
#  168 | steps: 11323 | steps_t:  6228 | t: 202.149908 | r:  -481.000000 | e:   0.377200 | Q: -43.701530 | won: False 
#  169 | steps: 11373 | steps_t:  6277 | t: 203.403908 | r:  -417.000000 | e:   0.372300 | Q: -58.752731 | won: False 
#  170 | steps: 11472 | steps_t:  6375 | t: 205.759908 | r:  -389.000000 | e:   0.362500 | Q: -40.698025 | won: False 
#  171 | steps: 11650 | steps_t:  6552 | t: 210.812906 | r:  -435.000000 | e:   0.344800 | Q: -31.474781 | won: False 
#  172 | steps: 11696 | steps_t:  6597 | t: 212.090909 | r:  -446.000000 | e:   0.340300 | Q: -54.240139 | won: False 
#  173 | steps: 11722 | steps_t:  6622 | t: 212.730908 | r:  -404.000000 | e:   0.337800 | Q: -52.773823 | won: False 
#  174 | steps: 11738 | steps_t:  6637 | t: 213.084910 | r:  -482.000000 | e:   0.336300 | Q: -54.857693 | won: False 
#  175 | steps: 11796 | steps_t:  6694 | t: 214.659910 | r:  -436.000000 | e:   0.330600 | Q: -51.404942 | won: False 
#  176 | steps: 11872 | steps_t:  6769 | t: 217.259909 | r:  -531.000000 | e:   0.323100 | Q: -45.640327 | won: False 
#  177 | steps: 12018 | steps_t:  6914 | t: 221.694910 | r:  -418.000000 | e:   0.308600 | Q: -43.148586 | won: False 
#  178 | steps: 12046 | steps_t:  6941 | t: 222.596910 | r:  -428.000000 | e:   0.305900 | Q: -51.999931 | won: False 
#  179 | steps: 12143 | steps_t:  7037 | t: 226.080444 | r:  -332.000000 | e:   0.296300 | Q: -43.346752 | won: False 
#  180 | steps: 12249 | steps_t:  7142 | t: 229.077436 | r:  -396.000000 | e:   0.285800 | Q: -56.026051 | won: False 
#  181 | steps: 12362 | steps_t:  7254 | t: 231.896437 | r:  -469.000000 | e:   0.274600 | Q: -34.862000 | won: False 
#  182 | steps: 12430 | steps_t:  7321 | t: 233.839182 | r:  -435.000000 | e:   0.267900 | Q: -24.890936 | won: False 
#  183 | steps: 12460 | steps_t:  7350 | t: 234.617180 | r:  -441.000000 | e:   0.265000 | Q: -41.826752 | won: False 
#  184 | steps: 12559 | steps_t:  7448 | t: 237.232179 | r:  -444.000000 | e:   0.255200 | Q: -27.913893 | won: False 
#  185 | steps: 12582 | steps_t:  7470 | t: 237.852184 | r:  -467.000000 | e:   0.253000 | Q: -26.027464 | won: False 
#  186 | steps: 12612 | steps_t:  7499 | t: 238.618182 | r:  -474.000000 | e:   0.250100 | Q: -18.932011 | won: False 
#  187 | steps: 12867 | steps_t:  7753 | t: 244.943180 | r:  -556.000000 | e:   0.224700 | Q: -17.036341 | won: False 
#  188 | steps: 12928 | steps_t:  7813 | t: 246.502180 | r:  -351.000000 | e:   0.218700 | Q:  -2.131188 | won: False 
#  189 | steps: 13050 | steps_t:  7934 | t: 249.605180 | r:  -291.000000 | e:   0.206600 | Q: -18.116837 | won: False 
#  190 | steps: 13115 | steps_t:  7998 | t: 251.220179 | r:  -487.000000 | e:   0.200200 | Q:  -2.549826 | won: False 
#  191 | steps: 13150 | steps_t:  8032 | t: 252.207180 | r:  -501.000000 | e:   0.196800 | Q:   0.096560 | won: False 
#  192 | steps: 13174 | steps_t:  8055 | t: 252.813181 | r:  -490.000000 | e:   0.194500 | Q:   1.173233 | won: False 
#  193 | steps: 13232 | steps_t:  8112 | t: 254.490179 | r:  -502.000000 | e:   0.188800 | Q:  -0.365243 | won: False 
#  194 | steps: 13327 | steps_t:  8206 | t: 257.020546 | r:  -396.000000 | e:   0.179400 | Q:  -1.440582 | won: False 
#  195 | steps: 13373 | steps_t:  8251 | t: 258.157543 | r:  -512.000000 | e:   0.174900 | Q:   2.144479 | won: False 
#  196 | steps: 13500 | steps_t:  8377 | t: 261.356546 | r:  -450.000000 | e:   0.162300 | Q:   3.766860 | won: False 
#  197 | steps: 13554 | steps_t:  8430 | t: 262.865547 | r:  -476.000000 | e:   0.157000 | Q:   3.781543 | won: False 
#  198 | steps: 13582 | steps_t:  8457 | t: 263.580545 | r:  -395.000000 | e:   0.154300 | Q:   3.806731 | won: False 
#  199 | steps: 13626 | steps_t:  8500 | t: 264.830543 | r:  -499.000000 | e:   0.150000 | Q:   3.629236 | won: False 
#  200 | steps: 13690 | steps_t:  8563 | t: 266.531543 | r:  -453.000000 | e:   0.143700 | Q:   3.440440 | won: False 
#  201 | steps: 13720 | steps_t:  8592 | t: 267.323544 | r:  -452.000000 | e:   0.140800 | Q:   4.424047 | won: False 
#  202 | steps: 13792 | steps_t:  8663 | t: 269.559544 | r:  -439.000000 | e:   0.133700 | Q:   5.274602 | won: False 
#  203 | steps: 13819 | steps_t:  8689 | t: 270.612545 | r:  -482.000000 | e:   0.131100 | Q:   4.662626 | won: False 
#  204 | steps: 13874 | steps_t:  8743 | t: 273.159033 | r:  -510.000000 | e:   0.125700 | Q:   3.409170 | won: False 
#  205 | steps: 13975 | steps_t:  8843 | t: 276.736036 | r:  -435.000000 | e:   0.115700 | Q:   5.277411 | won: False 
#  206 | steps: 13996 | steps_t:  8863 | t: 277.506033 | r:  -421.000000 | e:   0.113700 | Q:   5.490020 | won: False 
#  207 | steps: 14023 | steps_t:  8889 | t: 278.673034 | r:  -471.000000 | e:   0.111100 | Q:   5.493471 | won: False 
#  208 | steps: 14078 | steps_t:  8943 | t: 280.717033 | r:  -279.000000 | e:   0.105700 | Q:   4.771998 | won: False 
#  209 | steps: 14148 | steps_t:  9012 | t: 283.393032 | r:  -338.000000 | e:   0.100000 | Q:   5.784081 | won: False 
#  210 | steps: 14434 | steps_t:  9297 | t: 292.670034 | r:  -411.000000 | e:   0.100000 | Q:   6.233316 | won: False 
#  211 | steps: 14482 | steps_t:  9344 | t: 294.251030 | r:  -371.000000 | e:   0.100000 | Q:   7.519142 | won: False 
#  212 | steps: 14529 | steps_t:  9390 | t: 295.615033 | r:  -304.000000 | e:   0.100000 | Q:   7.007834 | won: False 
#  213 | steps: 14638 | steps_t:  9498 | t: 298.755031 | r:  -520.000000 | e:   0.100000 | Q:   7.808093 | won: False 
#  214 | steps: 14680 | steps_t:  9539 | t: 299.834029 | r:  -376.000000 | e:   0.100000 | Q:   9.468410 | won: False 
#  215 | steps: 14717 | steps_t:  9575 | t: 301.035029 | r:  -415.000000 | e:   0.100000 | Q:   9.372895 | won: False 
#  216 | steps: 14742 | steps_t:  9599 | t: 301.865034 | r:  -447.000000 | e:   0.100000 | Q:   3.546990 | won: False 
#  217 | steps: 14777 | steps_t:  9633 | t: 302.948032 | r:  -369.000000 | e:   0.100000 | Q:   7.987591 | won: False 
#  218 | steps: 14805 | steps_t:  9660 | t: 303.845030 | r:  -362.000000 | e:   0.100000 | Q:   8.817568 | won: False 
#  219 | steps: 14836 | steps_t:  9690 | t: 304.803029 | r:  -475.000000 | e:   0.100000 | Q:   8.492032 | won: False 
#  220 | steps: 14847 | steps_t:  9700 | t: 305.128030 | r:  -433.000000 | e:   0.100000 | Q:   8.742621 | won: False 
#  221 | steps: 14905 | steps_t:  9757 | t: 306.864027 | r:  -436.000000 | e:   0.100000 | Q:   8.768166 | won: False 
#  222 | steps: 14915 | steps_t:  9766 | t: 307.103029 | r:  -421.000000 | e:   0.100000 | Q:   8.042753 | won: False 
#  223 | steps: 14966 | steps_t:  9816 | t: 308.559028 | r:  -429.000000 | e:   0.100000 | Q:   7.892485 | won: False 
#  224 | steps: 15212 | steps_t: 10061 | t: 314.852606 | r:  -514.000000 | e:   0.100000 | Q:   7.879809 | won: False 
#  225 | steps: 15266 | steps_t: 10114 | t: 316.327604 | r:  -432.000000 | e:   0.100000 | Q:   9.176778 | won: False 
#  226 | steps: 15334 | steps_t: 10181 | t: 318.058607 | r:  -391.000000 | e:   0.100000 | Q:   9.374775 | won: False 
#  227 | steps: 15380 | steps_t: 10226 | t: 319.315604 | r:  -369.000000 | e:   0.100000 | Q:   8.689276 | won: False 
#  228 | steps: 15617 | steps_t: 10462 | t: 325.570606 | r:  -395.000000 | e:   0.100000 | Q:   6.964827 | won: False 
#  229 | steps: 15643 | steps_t: 10487 | t: 326.399608 | r:  -481.000000 | e:   0.100000 | Q:   8.635512 | won: False 
#  230 | steps: 15669 | steps_t: 10512 | t: 327.129606 | r:  -459.000000 | e:   0.100000 | Q:   6.062083 | won: False 
#  231 | steps: 15694 | steps_t: 10536 | t: 327.784607 | r:  -458.000000 | e:   0.100000 | Q:   8.870524 | won: False 
#  232 | steps: 15756 | steps_t: 10597 | t: 329.603609 | r:  -396.000000 | e:   0.100000 | Q:   8.392936 | won: False 
#  233 | steps: 15781 | steps_t: 10621 | t: 330.419607 | r:  -491.000000 | e:   0.100000 | Q:   8.828032 | won: False 
#  234 | steps: 15887 | steps_t: 10726 | t: 333.779606 | r:  -385.000000 | e:   0.100000 | Q:   8.977073 | won: False 
#  235 | steps: 15966 | steps_t: 10804 | t: 335.824605 | r:  -512.000000 | e:   0.100000 | Q:   9.258249 | won: False 
#  236 | steps: 16134 | steps_t: 10971 | t: 340.268605 | r:  -249.000000 | e:   0.100000 | Q:   9.339821 | won: False 
#  237 | steps: 16179 | steps_t: 11015 | t: 341.595605 | r:  -467.000000 | e:   0.100000 | Q:   7.855667 | won: False 
#  238 | steps: 16246 | steps_t: 11081 | t: 343.490609 | r:  -478.000000 | e:   0.100000 | Q:  -0.006209 | won: False 
#  239 | steps: 16328 | steps_t: 11162 | t: 345.827605 | r:  -515.000000 | e:   0.100000 | Q:   9.020530 | won: False 
#  240 | steps: 16482 | steps_t: 11315 | t: 350.862611 | r:  -378.000000 | e:   0.100000 | Q:   7.201203 | won: False 
#  241 | steps: 16509 | steps_t: 11341 | t: 351.844608 | r:  -438.000000 | e:   0.100000 | Q:   5.997223 | won: False 
#  242 | steps: 16563 | steps_t: 11394 | t: 353.463607 | r:  -432.000000 | e:   0.100000 | Q:   5.430297 | won: False 
#  243 | steps: 16597 | steps_t: 11427 | t: 354.553606 | r:  -390.000000 | e:   0.100000 | Q:   6.833049 | won: False 
#  244 | steps: 16645 | steps_t: 11474 | t: 355.938612 | r:  -349.000000 | e:   0.100000 | Q:   6.721079 | won: False 
#  245 | steps: 16687 | steps_t: 11515 | t: 357.850887 | r:  -464.000000 | e:   0.100000 | Q:   9.836249 | won: False 
#  246 | steps: 16729 | steps_t: 11556 | t: 359.437889 | r:  -475.000000 | e:   0.100000 | Q:   8.673323 | won: False 
#  247 | steps: 16793 | steps_t: 11619 | t: 361.980896 | r:  -376.000000 | e:   0.100000 | Q:   4.409236 | won: False 
#  248 | steps: 16940 | steps_t: 11765 | t: 366.947421 | r:  -206.000000 | e:   0.100000 | Q:   4.936284 | won: False 
#  249 | steps: 16962 | steps_t: 11786 | t: 368.241313 | r:  -466.000000 | e:   0.100000 | Q:   2.560950 | won: False 
#  250 | steps: 16975 | steps_t: 11798 | t: 368.757323 | r:  -479.000000 | e:   0.100000 | Q:   5.299112 | won: False 
#  251 | steps: 17051 | steps_t: 11873 | t: 372.165249 | r:  -399.000000 | e:   0.100000 | Q:   4.172419 | won: False 
#  252 | steps: 17096 | steps_t: 11917 | t: 373.832267 | r:  -500.000000 | e:   0.100000 | Q:   3.533475 | won: False 
#  253 | steps: 17126 | steps_t: 11946 | t: 374.825796 | r:  -452.000000 | e:   0.100000 | Q:   2.003742 | won: False 
#  254 | steps: 17150 | steps_t: 11969 | t: 375.689795 | r:  -479.000000 | e:   0.100000 | Q:  -1.168950 | won: False 
#  255 | steps: 17217 | steps_t: 12035 | t: 377.833377 | r:  -500.000000 | e:   0.100000 | Q:   4.707047 | won: False 
#  256 | steps: 17412 | steps_t: 12229 | t: 384.096897 | r:  -551.000000 | e:   0.100000 | Q:   4.502396 | won: False 
#  257 | steps: 17496 | steps_t: 12312 | t: 386.589898 | r:  -396.000000 | e:   0.100000 | Q:   1.118668 | won: False 
#  258 | steps: 17548 | steps_t: 12363 | t: 388.065900 | r:  -474.000000 | e:   0.100000 | Q:   4.798821 | won: False 
#  259 | steps: 17643 | steps_t: 12457 | t: 390.607900 | r:  -506.000000 | e:   0.100000 | Q:   3.933457 | won: False 
#  260 | steps: 17675 | steps_t: 12488 | t: 391.525899 | r:  -465.000000 | e:   0.100000 | Q:   2.193878 | won: False 
#  261 | steps: 17765 | steps_t: 12577 | t: 394.017899 | r:  -490.000000 | e:   0.100000 | Q:  -6.356028 | won: False 
#  262 | steps: 17819 | steps_t: 12630 | t: 395.624900 | r:  -388.000000 | e:   0.100000 | Q:   5.079452 | won: False 
#  263 | steps: 17892 | steps_t: 12702 | t: 397.496897 | r:  -418.000000 | e:   0.100000 | Q:   1.731095 | won: False 
#  264 | steps: 17947 | steps_t: 12756 | t: 398.885900 | r:  -466.000000 | e:   0.100000 | Q:  -0.800841 | won: False 
#  265 | steps: 17968 | steps_t: 12776 | t: 399.475903 | r:  -454.000000 | e:   0.100000 | Q:  -2.705535 | won: False 
#  266 | steps: 18025 | steps_t: 12832 | t: 401.232901 | r:  -479.000000 | e:   0.100000 | Q:   1.093315 | won: False 
#  267 | steps: 18111 | steps_t: 12917 | t: 404.251903 | r:  -387.000000 | e:   0.100000 | Q:   1.967947 | won: False 
#  268 | steps: 18141 | steps_t: 12946 | t: 405.110899 | r:  -375.000000 | e:   0.100000 | Q:  -6.240669 | won: False 
#  269 | steps: 18230 | steps_t: 13034 | t: 407.318897 | r:  -467.000000 | e:   0.100000 | Q:   0.255886 | won: False 
#  270 | steps: 18288 | steps_t: 13091 | t: 408.773896 | r:  -414.000000 | e:   0.100000 | Q:   2.659976 | won: False 
#  271 | steps: 18424 | steps_t: 13226 | t: 413.430896 | r:  -393.000000 | e:   0.100000 | Q:   0.168809 | won: False 
#  272 | steps: 18444 | steps_t: 13245 | t: 413.988896 | r:  -354.000000 | e:   0.100000 | Q:  -2.252372 | won: False 
#  273 | steps: 18506 | steps_t: 13306 | t: 415.865899 | r:  -506.000000 | e:   0.100000 | Q:   0.730573 | won: False 
#  274 | steps: 18538 | steps_t: 13337 | t: 416.869911 | r:  -465.000000 | e:   0.100000 | Q:  -1.414015 | won: False 
#  275 | steps: 18580 | steps_t: 13378 | t: 418.396901 | r:  -486.000000 | e:   0.100000 | Q:  -2.235757 | won: False 
#  276 | steps: 18607 | steps_t: 13404 | t: 419.463630 | r:  -493.000000 | e:   0.100000 | Q:  -0.142507 | won: False 
#  277 | steps: 18675 | steps_t: 13471 | t: 421.891628 | r:  -358.000000 | e:   0.100000 | Q:   1.439749 | won: False 
#  278 | steps: 18768 | steps_t: 13563 | t: 424.520629 | r:  -339.000000 | e:   0.100000 | Q:  -0.851342 | won: False 
#  279 | steps: 18811 | steps_t: 13605 | t: 425.741631 | r:  -487.000000 | e:   0.100000 | Q:   1.495744 | won: False 
#  280 | steps: 18855 | steps_t: 13648 | t: 427.034632 | r:  -477.000000 | e:   0.100000 | Q:   5.380826 | won: False 
#  281 | steps: 18871 | steps_t: 13663 | t: 427.568628 | r:  -383.000000 | e:   0.100000 | Q:   3.198640 | won: False 
#  282 | steps: 19040 | steps_t: 13831 | t: 433.888628 | r:  -404.000000 | e:   0.100000 | Q:   1.828523 | won: False 
#  283 | steps: 19095 | steps_t: 13885 | t: 435.766527 | r:  -499.000000 | e:   0.100000 | Q:   1.763787 | won: False 
#  284 | steps: 19119 | steps_t: 13908 | t: 436.462527 | r:  -479.000000 | e:   0.100000 | Q:   0.621778 | won: False 
#  285 | steps: 19145 | steps_t: 13933 | t: 437.268530 | r:  -459.000000 | e:   0.100000 | Q:  -1.818885 | won: False 
#  286 | steps: 19236 | steps_t: 14023 | t: 439.872523 | r:  -436.000000 | e:   0.100000 | Q:  -3.853876 | won: False 
#  287 | steps: 19252 | steps_t: 14038 | t: 440.331536 | r:  -471.000000 | e:   0.100000 | Q:  -5.356991 | won: False 
#  288 | steps: 19309 | steps_t: 14094 | t: 441.986524 | r:  -391.000000 | e:   0.100000 | Q:  -3.409024 | won: False 
#  289 | steps: 19360 | steps_t: 14144 | t: 443.398533 | r:  -352.000000 | e:   0.100000 | Q:  -0.881040 | won: False 
#  290 | steps: 19398 | steps_t: 14181 | t: 444.463522 | r:  -493.000000 | e:   0.100000 | Q: -13.389955 | won: False 
#  291 | steps: 19462 | steps_t: 14244 | t: 446.494522 | r:  -453.000000 | e:   0.100000 | Q:  -2.303493 | won: False 
#  292 | steps: 19537 | steps_t: 14318 | t: 448.567523 | r:  -398.000000 | e:   0.100000 | Q:  -1.652200 | won: False 
#  293 | steps: 19770 | steps_t: 14550 | t: 455.371547 | r:  -479.000000 | e:   0.100000 | Q:   1.240692 | won: False 
#  294 | steps: 19791 | steps_t: 14570 | t: 456.081524 | r:  -377.000000 | e:   0.100000 | Q:   0.453201 | won: False 
#  295 | steps: 19888 | steps_t: 14666 | t: 459.389522 | r:  -442.000000 | e:   0.100000 | Q:  -2.372270 | won: False 
#  296 | steps: 19924 | steps_t: 14701 | t: 460.909055 | r:  -359.000000 | e:   0.100000 | Q:  -5.791843 | won: False 
#  297 | steps: 20054 | steps_t: 14830 | t: 465.150056 | r:  -420.000000 | e:   0.100000 | Q:  -5.229221 | won: False 
#  298 | steps: 20200 | steps_t: 14975 | t: 470.382169 | r:  -414.000000 | e:   0.100000 | Q:  -2.934625 | won: False 
#  299 | steps: 20219 | steps_t: 14993 | t: 471.137746 | r:  -386.000000 | e:   0.100000 | Q:   2.535813 | won: False 
#  300 | steps: 20358 | steps_t: 15131 | t: 476.799273 | r:  -374.000000 | e:   0.100000 | Q:   3.849640 | won: False 
#  301 | steps: 20417 | steps_t: 15189 | t: 478.512283 | r:  -481.000000 | e:   0.100000 | Q:   0.247161 | won: False 
#  302 | steps: 20485 | steps_t: 15256 | t: 480.378269 | r:  -369.000000 | e:   0.100000 | Q:  -9.586945 | won: False 
#  303 | steps: 20576 | steps_t: 15346 | t: 482.974268 | r:  -524.000000 | e:   0.100000 | Q:  -6.021946 | won: False 
#  304 | steps: 20624 | steps_t: 15393 | t: 484.244270 | r:  -349.000000 | e:   0.100000 | Q: -10.720947 | won: False 
#  305 | steps: 20718 | steps_t: 15486 | t: 486.609271 | r:  -329.000000 | e:   0.100000 | Q:  -8.019674 | won: False 
#  306 | steps: 20747 | steps_t: 15514 | t: 487.323274 | r:  -385.000000 | e:   0.100000 | Q:   1.981010 | won: False 
#  307 | steps: 20776 | steps_t: 15542 | t: 488.046276 | r:  -385.000000 | e:   0.100000 | Q:   1.158570 | won: False 
#  308 | steps: 20906 | steps_t: 15671 | t: 492.121272 | r:  -299.000000 | e:   0.100000 | Q:   2.961076 | won: False 
#  309 | steps: 20986 | steps_t: 15750 | t: 494.562273 | r:  -469.000000 | e:   0.100000 | Q:  -8.321860 | won: False 
#  310 | steps: 21033 | steps_t: 15796 | t: 496.064077 | r:  -414.000000 | e:   0.100000 | Q:   1.590165 | won: False 
#  311 | steps: 21101 | steps_t: 15863 | t: 498.470078 | r:  -237.000000 | e:   0.100000 | Q:   3.193963 | won: False 
#  312 | steps: 21158 | steps_t: 15919 | t: 500.458075 | r:  -413.000000 | e:   0.100000 | Q:  -0.105756 | won: False 
#  313 | steps: 21203 | steps_t: 15963 | t: 501.948081 | r:  -423.000000 | e:   0.100000 | Q:   1.181082 | won: False 
#  314 | steps: 21315 | steps_t: 16074 | t: 505.008075 | r:  -402.000000 | e:   0.100000 | Q:   3.066974 | won: False 
#  315 | steps: 21493 | steps_t: 16251 | t: 509.558074 | r:  -545.000000 | e:   0.100000 | Q:   1.349051 | won: False 
#  316 | steps: 21550 | steps_t: 16307 | t: 510.979084 | r:  -490.000000 | e:   0.100000 | Q:  -2.107434 | won: False 
#  317 | steps: 21722 | steps_t: 16478 | t: 515.708075 | r:  -429.000000 | e:   0.100000 | Q:  10.858380 | won: False 
#  318 | steps: 21912 | steps_t: 16667 | t: 520.840075 | r:  -447.000000 | e:   0.100000 | Q:   6.407548 | won: False 
#  319 | steps: 22021 | steps_t: 16775 | t: 523.511075 | r:  -399.000000 | e:   0.100000 | Q:   3.036531 | won: False 
#  320 | steps: 22087 | steps_t: 16840 | t: 525.788074 | r:  -367.000000 | e:   0.100000 | Q:   1.563191 | won: False 
#  321 | steps: 22112 | steps_t: 16864 | t: 526.429078 | r:  -480.000000 | e:   0.100000 | Q:  -0.084861 | won: False 
#  322 | steps: 22153 | steps_t: 16904 | t: 527.430075 | r:  -507.000000 | e:   0.100000 | Q:  -0.240856 | won: False 
#  323 | steps: 22189 | steps_t: 16939 | t: 528.305080 | r:  -480.000000 | e:   0.100000 | Q:  -3.066461 | won: False 
#  324 | steps: 22237 | steps_t: 16986 | t: 529.612077 | r:  -393.000000 | e:   0.100000 | Q:  -0.904038 | won: False 
#  325 | steps: 22270 | steps_t: 17018 | t: 530.763078 | r:  -389.000000 | e:   0.100000 | Q:  -0.071583 | won: False 
#  326 | steps: 22414 | steps_t: 17161 | t: 535.311075 | r:  -390.000000 | e:   0.100000 | Q:  26.624630 | won: False 
#  327 | steps: 22468 | steps_t: 17214 | t: 536.979080 | r:  -366.000000 | e:   0.100000 | Q:  -8.361906 | won: False 
#  328 | steps: 22496 | steps_t: 17241 | t: 537.874074 | r:  -483.000000 | e:   0.100000 | Q:  -4.563306 | won: False 
#  329 | steps: 22525 | steps_t: 17269 | t: 538.663077 | r:  -473.000000 | e:   0.100000 | Q:  -6.602698 | won: False 
#  330 | steps: 22551 | steps_t: 17294 | t: 539.434078 | r:  -426.000000 | e:   0.100000 | Q: -11.799314 | won: False 
#  331 | steps: 22631 | steps_t: 17373 | t: 542.810083 | r:  -491.000000 | e:   0.100000 | Q: -24.333868 | won: False 
#  332 | steps: 22695 | steps_t: 17436 | t: 545.667606 | r:  -409.000000 | e:   0.100000 | Q:  -4.435369 | won: False 
#  333 | steps: 22718 | steps_t: 17458 | t: 546.535602 | r:  -445.000000 | e:   0.100000 | Q: -10.561857 | won: False 
#  334 | steps: 22765 | steps_t: 17504 | t: 547.906608 | r:  -392.000000 | e:   0.100000 | Q:  -1.058025 | won: False 
#  335 | steps: 22803 | steps_t: 17541 | t: 549.202736 | r:  -383.000000 | e:   0.100000 | Q: -13.380653 | won: False 
#  336 | steps: 23002 | steps_t: 17739 | t: 555.544119 | r:  -467.000000 | e:   0.100000 | Q:   0.274199 | won: False 
#  337 | steps: 23105 | steps_t: 17841 | t: 558.604645 | r:  -239.000000 | e:   0.100000 | Q:   3.267942 | won: False 
#  338 | steps: 23152 | steps_t: 17887 | t: 560.255645 | r:  -381.000000 | e:   0.100000 | Q:  -4.429948 | won: False 
#  339 | steps: 23352 | steps_t: 18086 | t: 565.491645 | r:  -512.000000 | e:   0.100000 | Q:   5.580048 | won: False 
#  340 | steps: 23382 | steps_t: 18115 | t: 566.266648 | r:  -419.000000 | e:   0.100000 | Q:  -8.689446 | won: False 
#  341 | steps: 23453 | steps_t: 18185 | t: 568.247646 | r:  -427.000000 | e:   0.100000 | Q:  -0.733496 | won: False 
#  342 | steps: 23494 | steps_t: 18225 | t: 569.613645 | r:  -419.000000 | e:   0.100000 | Q:  -7.575696 | won: False 
#  343 | steps: 23582 | steps_t: 18312 | t: 571.923643 | r:  -345.000000 | e:   0.100000 | Q:  -3.236244 | won: False 
#  344 | steps: 23664 | steps_t: 18393 | t: 573.896646 | r:  -394.000000 | e:   0.100000 | Q:   4.691803 | won: False 
#  345 | steps: 23876 | steps_t: 18604 | t: 580.489643 | r:  -165.000000 | e:   0.100000 | Q:   5.614067 | won: False 
#  346 | steps: 23931 | steps_t: 18658 | t: 581.861656 | r:  -422.000000 | e:   0.100000 | Q:  -5.755564 | won: False 
#  347 | steps: 23944 | steps_t: 18670 | t: 582.202647 | r:  -435.000000 | e:   0.100000 | Q:   6.116411 | won: False 
#  348 | steps: 24060 | steps_t: 18785 | t: 586.182646 | r:  -461.000000 | e:   0.100000 | Q:   5.627712 | won: False 
#  349 | steps: 24185 | steps_t: 18909 | t: 590.316695 | r:  -327.000000 | e:   0.100000 | Q:   5.590323 | won: False 
#  350 | steps: 24458 | steps_t: 19181 | t: 599.117631 | r:  -321.000000 | e:   0.100000 | Q:   9.939205 | won: False 
#  351 | steps: 24621 | steps_t: 19343 | t: 603.930629 | r:  -332.000000 | e:   0.100000 | Q:   8.389052 | won: False 
#  352 | steps: 24757 | steps_t: 19478 | t: 607.608627 | r:  -404.000000 | e:   0.100000 | Q:   7.889477 | won: False 
#  353 | steps: 24906 | steps_t: 19626 | t: 611.759635 | r:  -373.000000 | e:   0.100000 | Q:   7.394251 | won: False 
#  354 | steps: 24929 | steps_t: 19648 | t: 612.475630 | r:  -434.000000 | e:   0.100000 | Q:   4.234811 | won: False 
#  355 | steps: 25017 | steps_t: 19735 | t: 615.190497 | r:  -367.000000 | e:   0.100000 | Q:   0.323423 | won: False 
#  356 | steps: 25175 | steps_t: 19892 | t: 619.871498 | r:  -404.000000 | e:   0.100000 | Q:   6.698989 | won: False 
#  357 | steps: 25292 | steps_t: 20008 | t: 624.478080 | r:  -396.000000 | e:   0.100000 | Q:   1.177357 | won: False 
#  358 | steps: 25335 | steps_t: 20050 | t: 626.501462 | r:  -388.000000 | e:   0.100000 | Q:   4.428275 | won: False 
#  359 | steps: 25358 | steps_t: 20072 | t: 627.360481 | r:  -445.000000 | e:   0.100000 | Q:   6.592955 | won: False 
#  360 | steps: 25443 | steps_t: 20156 | t: 630.914158 | r:  -375.000000 | e:   0.100000 | Q:   6.597775 | won: False 
#  361 | steps: 25496 | steps_t: 20208 | t: 632.413154 | r:  -376.000000 | e:   0.100000 | Q:  -2.438810 | won: False 
#  362 | steps: 25728 | steps_t: 20439 | t: 639.199283 | r:  -456.000000 | e:   0.100000 | Q:  13.341710 | won: False 
#  363 | steps: 25803 | steps_t: 20513 | t: 641.596466 | r:  -398.000000 | e:   0.100000 | Q:  11.681629 | won: False 
#  364 | steps: 25830 | steps_t: 20539 | t: 642.280048 | r:  -394.000000 | e:   0.100000 | Q:  -0.401105 | won: False 
#  365 | steps: 25881 | steps_t: 20589 | t: 643.437004 | r:  -429.000000 | e:   0.100000 | Q:   7.767808 | won: False 
#  366 | steps: 25895 | steps_t: 20602 | t: 643.754004 | r:  -469.000000 | e:   0.100000 | Q:   5.818833 | won: False 
#  367 | steps: 25920 | steps_t: 20626 | t: 644.525109 | r:  -447.000000 | e:   0.100000 | Q:   6.559309 | won: False 
#  368 | steps: 26002 | steps_t: 20707 | t: 1033.749355 | r:  -394.000000 | e:   0.100000 | Q:   7.012759 | won: False 
#  369 | steps: 26062 | steps_t: 20766 | t: 1038.491655 | r:  -306.000000 | e:   0.100000 | Q: -12.142258 | won: False 
#  370 | steps: 26239 | steps_t: 20942 | t: 1051.095387 | r:  -280.000000 | e:   0.100000 | Q:  17.064257 | won: False 
#  371 | steps: 26255 | steps_t: 20957 | t: 1051.967148 | r:  -449.000000 | e:   0.100000 | Q:  15.447639 | won: False 
#  372 | steps: 26337 | steps_t: 21038 | t: 1057.597512 | r:  -328.000000 | e:   0.100000 | Q:  12.565162 | won: False 
#  373 | steps: 26374 | steps_t: 21074 | t: 1060.138925 | r:  -393.000000 | e:   0.100000 | Q:   8.467069 | won: False 
#  374 | steps: 26406 | steps_t: 21105 | t: 1062.550011 | r:  -487.000000 | e:   0.100000 | Q:   2.522423 | won: False 
