#  100 | steps:  1119 | steps_t:     0 | t: 0.397704 | r:  -505.000000 | e:   1.000000 | Q:        nan | won: False 
#  200 | steps:  2259 | steps_t:     0 | t: 0.779059 | r:  -510.000000 | e:   1.000000 | Q:        nan | won: False 
#  300 | steps:  3392 | steps_t:     0 | t: 1.178293 | r:  -507.000000 | e:   1.000000 | Q:        nan | won: False 
#  400 | steps:  4489 | steps_t:     0 | t: 1.561611 | r:  -519.000000 | e:   1.000000 | Q:        nan | won: False 
#  500 | steps:  5631 | steps_t:   573 | t: 5.778026 | r:  -505.000000 | e:   0.942700 | Q:        nan | won: False 
#  600 | steps:  6740 | steps_t:  1582 | t: 12.536567 | r:  -506.000000 | e:   0.841800 | Q:        nan | won: False 
#  700 | steps:  7847 | steps_t:  2589 | t: 19.527616 | r:  -508.000000 | e:   0.741100 | Q: -367.073395 | won: False 
#  800 | steps:  8866 | steps_t:  3508 | t: 25.846703 | r:  -519.000000 | e:   0.649200 | Q: -289.348877 | won: False 
#  900 | steps: 10029 | steps_t:  4571 | t: 33.068201 | r:  -502.000000 | e:   0.542900 | Q: -271.662659 | won: False 
# 1000 | steps: 11206 | steps_t:  5648 | t: 40.539567 | r:  -512.000000 | e:   0.435200 | Q: -254.691681 | won: False 
# 1100 | steps: 12727 | steps_t:  7069 | t: 52.482984 | r:  -507.000000 | e:   0.293100 | Q: -297.388153 | won: False 
# 1200 | steps: 14515 | steps_t:  8757 | t: 67.901714 | r:  -528.000000 | e:   0.124300 | Q: -256.420013 | won: False 
# 1300 | steps: 16317 | steps_t: 10459 | t: 83.011401 | r:  -513.000000 | e:   0.100000 | Q: -212.081940 | won: False 
# 1400 | steps: 17973 | steps_t: 12015 | t: 96.728596 | r:  -507.000000 | e:   0.100000 | Q: -200.598251 | won: False 
# 1500 | steps: 19700 | steps_t: 13642 | t: 112.300771 | r:  -517.000000 | e:   0.100000 | Q: -216.722458 | won: False 
# 1600 | steps: 21369 | steps_t: 15211 | t: 126.258202 | r:  -509.000000 | e:   0.100000 | Q: -239.150955 | won: False 
# 1700 | steps: 23120 | steps_t: 16862 | t: 141.147734 | r:  -514.000000 | e:   0.100000 | Q: -228.245483 | won: False 
# 1800 | steps: 24995 | steps_t: 18637 | t: 156.952602 | r:  -531.000000 | e:   0.100000 | Q: -200.469971 | won: False 
# 1900 | steps: 26839 | steps_t: 20381 | t: 172.904359 | r:  -509.000000 | e:   0.100000 | Q: -184.520248 | won: False 
# 2000 | steps: 28744 | steps_t: 22186 | t: 191.685444 | r:  -507.000000 | e:   0.100000 | Q: -190.408737 | won: False 
# 2100 | steps: 30725 | steps_t: 24067 | t: 204.920507 | r:  -516.000000 | e:   0.100000 | Q: -236.906570 | won: False 
# 2200 | steps: 32741 | steps_t: 25983 | t: 218.365197 | r:  -513.000000 | e:   0.100000 | Q: -193.488281 | won: False 
# 2300 | steps: 34724 | steps_t: 27866 | t: 231.769410 | r:  -527.000000 | e:   0.100000 | Q: -188.197952 | won: False 
# 2400 | steps: 36651 | steps_t: 29693 | t: 244.562803 | r:  -510.000000 | e:   0.100000 | Q: -173.206116 | won: False 
# 2500 | steps: 38747 | steps_t: 31689 | t: 258.050506 | r:  -509.000000 | e:   0.100000 | Q: -161.405380 | won: False 
# 2600 | steps: 41005 | steps_t: 33847 | t: 273.255362 | r:  -513.000000 | e:   0.100000 | Q: -136.766556 | won: False 
# 2700 | steps: 43251 | steps_t: 35993 | t: 289.194415 | r:  -518.000000 | e:   0.100000 | Q: -145.774979 | won: False 
# 2800 | steps: 45753 | steps_t: 38395 | t: 306.406290 | r:  -531.000000 | e:   0.100000 | Q: -100.885216 | won: False 
# 2900 | steps: 48203 | steps_t: 40745 | t: 323.203980 | r:  -539.000000 | e:   0.100000 | Q:  71.208969 | won: False 
# 3000 | steps: 50508 | steps_t: 42950 | t: 339.976626 | r:  -520.000000 | e:   0.100000 | Q: -42.037369 | won: False 
# 3100 | steps: 53205 | steps_t: 45547 | t: 713.665289 | r:  -549.000000 | e:   0.100000 | Q:  16.219158 | won: False 
# 3200 | steps: 55840 | steps_t: 48082 | t: 7561.105483 | r:  -532.000000 | e:   0.100000 | Q:  34.345963 | won: False 
# 3300 | steps: 58777 | steps_t: 50919 | t: 10262.537493 | r:  -547.000000 | e:   0.100000 | Q: 155.240738 | won: False 
# 3400 | steps: 62095 | steps_t: 54137 | t: 23818.574048 | r:  -521.000000 | e:   0.100000 | Q:  37.237694 | won: False 
# 3500 | steps: 66309 | steps_t: 58251 | t: 24690.638814 | r:  -496.000000 | e:   0.100000 | Q: 210.088638 | won: False 
# 3600 | steps: 70306 | steps_t: 62148 | t: 43624.926341 | r:    43.000000 | e:   0.100000 | Q: 278.048431 | won: True 
# 3700 | steps: 74083 | steps_t: 65825 | t: 51699.317334 | r:  -515.000000 | e:   0.100000 | Q: 248.003845 | won: False 
# 3800 | steps: 77275 | steps_t: 68917 | t: 71487.618893 | r:  -492.000000 | e:   0.100000 | Q: 245.264694 | won: False 
# 3900 | steps: 80086 | steps_t: 71628 | t: 73082.765441 | r:  -503.000000 | e:   0.100000 | Q: 249.407303 | won: False 
# 4000 | steps: 82990 | steps_t: 74432 | t: 73112.790233 | r:    80.000000 | e:   0.100000 | Q: 503.810516 | won: True 
# 4100 | steps: 85927 | steps_t: 77269 | t: 73134.546062 | r:    79.000000 | e:   0.100000 | Q: 233.846283 | won: True 
# 4200 | steps: 88826 | steps_t: 80068 | t: 73158.511038 | r:  -503.000000 | e:   0.100000 | Q: 225.808517 | won: False 
# 4300 | steps: 91900 | steps_t: 83042 | t: 73185.040337 | r:  -513.000000 | e:   0.100000 | Q: 195.492081 | won: False 
# 4400 | steps: 95251 | steps_t: 86293 | t: 73215.186005 | r:    78.000000 | e:   0.100000 | Q: 272.304993 | won: True 
# 4500 | steps: 98738 | steps_t: 89680 | t: 73247.420721 | r:    88.000000 | e:   0.100000 | Q: 274.610504 | won: True 
# 4600 | steps: 102379 | steps_t: 93221 | t: 73276.559257 | r:    87.000000 | e:   0.100000 | Q: 324.729095 | won: True 
# 4700 | steps: 106102 | steps_t: 96844 | t: 73305.799517 | r:  -526.000000 | e:   0.100000 | Q: 230.208572 | won: False 
# 4800 | steps: 109751 | steps_t: 100393 | t: 73336.015158 | r:    70.000000 | e:   0.100000 | Q: 257.854523 | won: True 
# 4900 | steps: 113690 | steps_t: 104232 | t: 73366.392004 | r:    58.000000 | e:   0.100000 | Q: 323.951508 | won: True 
# 5000 | steps: 116924 | steps_t: 107366 | t: 73389.907575 | r:    55.000000 | e:   0.100000 | Q: 172.202957 | won: True 
