#    1 | steps:    15 | steps_t:     0 | t: 0.139105 | r:  -514.000000 | e:   1.000000 | Q:        nan | won: False 
#    2 | steps:    27 | steps_t:     0 | t: 0.160706 | r:  -511.000000 | e:   1.000000 | Q:        nan | won: False 
#    3 | steps:    36 | steps_t:     0 | t: 0.175778 | r:  -508.000000 | e:   1.000000 | Q:        nan | won: False 
#    4 | steps:    43 | steps_t:     0 | t: 0.186668 | r:  -506.000000 | e:   1.000000 | Q:        nan | won: False 
#    5 | steps:    51 | steps_t:     0 | t: 0.237708 | r:  -507.000000 | e:   1.000000 | Q:        nan | won: False 
#    6 | steps:    61 | steps_t:     0 | t: 0.291727 | r:  -509.000000 | e:   1.000000 | Q:        nan | won: False 
#    7 | steps:    69 | steps_t:     0 | t: 0.314008 | r:  -507.000000 | e:   1.000000 | Q:        nan | won: False 
#    8 | steps:    83 | steps_t:     0 | t: 0.339695 | r:  -513.000000 | e:   1.000000 | Q:        nan | won: False 
#    9 | steps:    92 | steps_t:     0 | t: 0.369973 | r:  -508.000000 | e:   1.000000 | Q:        nan | won: False 
#   10 | steps:   102 | steps_t:     0 | t: 0.402094 | r:  -509.000000 | e:   1.000000 | Q:        nan | won: False 
#   11 | steps:   111 | steps_t:     0 | t: 0.417272 | r:  -508.000000 | e:   1.000000 | Q:        nan | won: False 
#   12 | steps:   120 | steps_t:     0 | t: 0.433907 | r:  -508.000000 | e:   1.000000 | Q:        nan | won: False 
#   13 | steps:   130 | steps_t:     0 | t: 0.448756 | r:  -509.000000 | e:   1.000000 | Q:        nan | won: False 
#   14 | steps:   140 | steps_t:     0 | t: 0.471352 | r:  -509.000000 | e:   1.000000 | Q:        nan | won: False 
#   15 | steps:   151 | steps_t:     0 | t: 0.500275 | r:  -510.000000 | e:   1.000000 | Q:        nan | won: False 
#   16 | steps:   160 | steps_t:     0 | t: 0.521856 | r:  -508.000000 | e:   1.000000 | Q:        nan | won: False 
#   17 | steps:   174 | steps_t:     0 | t: 0.555130 | r:  -502.000000 | e:   1.000000 | Q:        nan | won: False 
#   18 | steps:   183 | steps_t:     0 | t: 0.581871 | r:  -508.000000 | e:   1.000000 | Q:        nan | won: False 
#   19 | steps:   189 | steps_t:     0 | t: 0.598145 | r:  -505.000000 | e:   1.000000 | Q:        nan | won: False 
#   20 | steps:   201 | steps_t:     0 | t: 0.615694 | r:  -511.000000 | e:   1.000000 | Q:        nan | won: False 
#   21 | steps:   211 | steps_t:     0 | t: 0.634059 | r:  -509.000000 | e:   1.000000 | Q:        nan | won: False 
#   22 | steps:   229 | steps_t:     0 | t: 0.661761 | r:  -506.000000 | e:   1.000000 | Q:        nan | won: False 
#   23 | steps:   237 | steps_t:     0 | t: 0.678699 | r:  -507.000000 | e:   1.000000 | Q:        nan | won: False 
#   24 | steps:   251 | steps_t:     0 | t: 0.693773 | r:  -513.000000 | e:   1.000000 | Q:        nan | won: False 
#   25 | steps:   262 | steps_t:     0 | t: 0.713110 | r:  -510.000000 | e:   1.000000 | Q:        nan | won: False 
#   26 | steps:   271 | steps_t:     0 | t: 0.730292 | r:  -508.000000 | e:   1.000000 | Q:        nan | won: False 
#   27 | steps:   283 | steps_t:     0 | t: 0.749430 | r:  -511.000000 | e:   1.000000 | Q:        nan | won: False 
#   28 | steps:   301 | steps_t:     0 | t: 0.793251 | r:  -517.000000 | e:   1.000000 | Q:        nan | won: False 
#   29 | steps:   308 | steps_t:     0 | t: 0.821679 | r:  -506.000000 | e:   1.000000 | Q:        nan | won: False 
#   30 | steps:   327 | steps_t:     0 | t: 0.872059 | r:  -518.000000 | e:   1.000000 | Q:        nan | won: False 
#   31 | steps:   338 | steps_t:     0 | t: 0.904161 | r:  -510.000000 | e:   1.000000 | Q:        nan | won: False 
#   32 | steps:   358 | steps_t:     0 | t: 0.948729 | r:  -508.000000 | e:   1.000000 | Q:        nan | won: False 
#   33 | steps:   374 | steps_t:     0 | t: 0.973542 | r:  -515.000000 | e:   1.000000 | Q:        nan | won: False 
#   34 | steps:   387 | steps_t:     0 | t: 1.004426 | r:  -501.000000 | e:   1.000000 | Q:        nan | won: False 
#   35 | steps:   406 | steps_t:     0 | t: 1.040310 | r:  -518.000000 | e:   1.000000 | Q:        nan | won: False 
#   36 | steps:   416 | steps_t:     0 | t: 1.082942 | r:  -509.000000 | e:   1.000000 | Q:        nan | won: False 
#   37 | steps:   423 | steps_t:     0 | t: 1.111794 | r:  -506.000000 | e:   1.000000 | Q:        nan | won: False 
#   38 | steps:   432 | steps_t:     0 | t: 1.131595 | r:  -508.000000 | e:   1.000000 | Q:        nan | won: False 
#   39 | steps:   442 | steps_t:     0 | t: 1.164081 | r:  -509.000000 | e:   1.000000 | Q:        nan | won: False 
#   40 | steps:   449 | steps_t:     0 | t: 1.179717 | r:  -506.000000 | e:   1.000000 | Q:        nan | won: False 
#   41 | steps:   455 | steps_t:     0 | t: 1.188281 | r:  -505.000000 | e:   1.000000 | Q:        nan | won: False 
#   42 | steps:   464 | steps_t:     0 | t: 1.210792 | r:  -508.000000 | e:   1.000000 | Q:        nan | won: False 
#   43 | steps:   473 | steps_t:     0 | t: 1.224868 | r:  -508.000000 | e:   1.000000 | Q:        nan | won: False 
#   44 | steps:   488 | steps_t:     0 | t: 1.246615 | r:  -503.000000 | e:   1.000000 | Q:        nan | won: False 
#   45 | steps:   497 | steps_t:     0 | t: 1.263094 | r:  -508.000000 | e:   1.000000 | Q:        nan | won: False 
#   46 | steps:   508 | steps_t:     0 | t: 1.281544 | r:  -510.000000 | e:   1.000000 | Q:        nan | won: False 
#   47 | steps:   516 | steps_t:     0 | t: 1.296749 | r:  -507.000000 | e:   1.000000 | Q:        nan | won: False 
#   48 | steps:   521 | steps_t:     0 | t: 1.306713 | r:  -504.000000 | e:   1.000000 | Q:        nan | won: False 
#   49 | steps:   530 | steps_t:     0 | t: 1.317801 | r:  -508.000000 | e:   1.000000 | Q:        nan | won: False 
#   50 | steps:   540 | steps_t:     0 | t: 1.333832 | r:  -509.000000 | e:   1.000000 | Q:        nan | won: False 
#   51 | steps:   554 | steps_t:     0 | t: 1.352168 | r:  -513.000000 | e:   1.000000 | Q:        nan | won: False 
#   52 | steps:   572 | steps_t:     0 | t: 1.402535 | r:  -517.000000 | e:   1.000000 | Q:        nan | won: False 
#   53 | steps:   578 | steps_t:     0 | t: 1.419911 | r:  -505.000000 | e:   1.000000 | Q:        nan | won: False 
#   54 | steps:   588 | steps_t:     0 | t: 1.444458 | r:  -509.000000 | e:   1.000000 | Q:        nan | won: False 
#   55 | steps:   594 | steps_t:     0 | t: 1.460833 | r:  -505.000000 | e:   1.000000 | Q:        nan | won: False 
#   56 | steps:   605 | steps_t:     0 | t: 1.480806 | r:  -510.000000 | e:   1.000000 | Q:        nan | won: False 
#   57 | steps:   622 | steps_t:     0 | t: 1.515259 | r:  -516.000000 | e:   1.000000 | Q:        nan | won: False 
#   58 | steps:   632 | steps_t:     0 | t: 1.539616 | r:  -509.000000 | e:   1.000000 | Q:        nan | won: False 
#   59 | steps:   643 | steps_t:     0 | t: 1.553561 | r:  -510.000000 | e:   1.000000 | Q:        nan | won: False 
#   60 | steps:   651 | steps_t:     0 | t: 1.566355 | r:  -507.000000 | e:   1.000000 | Q:        nan | won: False 
#   61 | steps:   657 | steps_t:     0 | t: 1.573360 | r:  -505.000000 | e:   1.000000 | Q:        nan | won: False 
#   62 | steps:   667 | steps_t:     0 | t: 1.584471 | r:  -509.000000 | e:   1.000000 | Q:        nan | won: False 
#   63 | steps:   674 | steps_t:     0 | t: 1.599163 | r:  -506.000000 | e:   1.000000 | Q:        nan | won: False 
#   64 | steps:   685 | steps_t:     0 | t: 1.614019 | r:  -510.000000 | e:   1.000000 | Q:        nan | won: False 
#   65 | steps:   691 | steps_t:     0 | t: 1.624899 | r:  -505.000000 | e:   1.000000 | Q:        nan | won: False 
#   66 | steps:   699 | steps_t:     0 | t: 1.636083 | r:  -507.000000 | e:   1.000000 | Q:        nan | won: False 
#   67 | steps:   705 | steps_t:     0 | t: 1.646344 | r:  -505.000000 | e:   1.000000 | Q:        nan | won: False 
#   68 | steps:   722 | steps_t:     0 | t: 1.663376 | r:  -516.000000 | e:   1.000000 | Q:        nan | won: False 
#   69 | steps:   732 | steps_t:     0 | t: 1.678900 | r:  -509.000000 | e:   1.000000 | Q:        nan | won: False 
#   70 | steps:   742 | steps_t:     0 | t: 1.691475 | r:  -509.000000 | e:   1.000000 | Q:        nan | won: False 
#   71 | steps:   764 | steps_t:     0 | t: 1.714511 | r:  -510.000000 | e:   1.000000 | Q:        nan | won: False 
#   72 | steps:   782 | steps_t:     0 | t: 1.734433 | r:  -517.000000 | e:   1.000000 | Q:        nan | won: False 
#   73 | steps:   797 | steps_t:     0 | t: 1.756814 | r:  -514.000000 | e:   1.000000 | Q:        nan | won: False 
#   74 | steps:   811 | steps_t:     0 | t: 1.780393 | r:  -513.000000 | e:   1.000000 | Q:        nan | won: False 
#   75 | steps:   819 | steps_t:     0 | t: 1.793264 | r:  -507.000000 | e:   1.000000 | Q:        nan | won: False 
#   76 | steps:   825 | steps_t:     0 | t: 1.802271 | r:  -505.000000 | e:   1.000000 | Q:        nan | won: False 
#   77 | steps:   832 | steps_t:     0 | t: 1.813383 | r:  -506.000000 | e:   1.000000 | Q:        nan | won: False 
#   78 | steps:   853 | steps_t:     0 | t: 1.845850 | r:  -520.000000 | e:   1.000000 | Q:        nan | won: False 
#   79 | steps:   863 | steps_t:     0 | t: 1.864203 | r:  -509.000000 | e:   1.000000 | Q:        nan | won: False 
#   80 | steps:   871 | steps_t:     0 | t: 1.887026 | r:  -507.000000 | e:   1.000000 | Q:        nan | won: False 
#   81 | steps:   877 | steps_t:     0 | t: 1.939737 | r:  -505.000000 | e:   1.000000 | Q:        nan | won: False 
#   82 | steps:   883 | steps_t:     0 | t: 1.970720 | r:  -505.000000 | e:   1.000000 | Q:        nan | won: False 
#   83 | steps:   894 | steps_t:     0 | t: 1.992074 | r:  -510.000000 | e:   1.000000 | Q:        nan | won: False 
#   84 | steps:   904 | steps_t:     0 | t: 2.006056 | r:  -509.000000 | e:   1.000000 | Q:        nan | won: False 
#   85 | steps:   914 | steps_t:     0 | t: 2.023031 | r:  -509.000000 | e:   1.000000 | Q:        nan | won: False 
#   86 | steps:   921 | steps_t:     0 | t: 2.039926 | r:  -506.000000 | e:   1.000000 | Q:        nan | won: False 
#   87 | steps:   933 | steps_t:     0 | t: 2.057882 | r:  -511.000000 | e:   1.000000 | Q:        nan | won: False 
#   88 | steps:   941 | steps_t:     0 | t: 2.071924 | r:  -507.000000 | e:   1.000000 | Q:        nan | won: False 
#   89 | steps:   952 | steps_t:     0 | t: 2.086601 | r:  -510.000000 | e:   1.000000 | Q:        nan | won: False 
#   90 | steps:   964 | steps_t:     0 | t: 2.115149 | r:  -511.000000 | e:   1.000000 | Q:        nan | won: False 
#   91 | steps:   974 | steps_t:     0 | t: 2.138147 | r:  -509.000000 | e:   1.000000 | Q:        nan | won: False 
#   92 | steps:   985 | steps_t:     0 | t: 2.188796 | r:  -510.000000 | e:   1.000000 | Q:        nan | won: False 
#   93 | steps:   994 | steps_t:     0 | t: 2.235129 | r:  -508.000000 | e:   1.000000 | Q:        nan | won: False 
#   94 | steps:  1000 | steps_t:     0 | t: 2.256455 | r:  -505.000000 | e:   1.000000 | Q:        nan | won: False 
#   95 | steps:  1006 | steps_t:     0 | t: 2.271903 | r:  -505.000000 | e:   1.000000 | Q:        nan | won: False 
#   96 | steps:  1030 | steps_t:     0 | t: 2.292584 | r:  -523.000000 | e:   1.000000 | Q:        nan | won: False 
#   97 | steps:  1036 | steps_t:     0 | t: 2.307056 | r:  -505.000000 | e:   1.000000 | Q:        nan | won: False 
#   98 | steps:  1057 | steps_t:     0 | t: 2.328062 | r:  -520.000000 | e:   1.000000 | Q:        nan | won: False 
#   99 | steps:  1084 | steps_t:     0 | t: 2.363154 | r:  -526.000000 | e:   1.000000 | Q:        nan | won: False 
#  100 | steps:  1093 | steps_t:     0 | t: 2.375510 | r:  -508.000000 | e:   1.000000 | Q:        nan | won: False 
#  101 | steps:  1101 | steps_t:     0 | t: 2.384242 | r:  -507.000000 | e:   1.000000 | Q:        nan | won: False 
#  102 | steps:  1110 | steps_t:     0 | t: 2.394440 | r:  -508.000000 | e:   1.000000 | Q:        nan | won: False 
#  103 | steps:  1117 | steps_t:     0 | t: 2.401241 | r:  -506.000000 | e:   1.000000 | Q:        nan | won: False 
#  104 | steps:  1140 | steps_t:     0 | t: 2.421932 | r:  -522.000000 | e:   1.000000 | Q:        nan | won: False 
#  105 | steps:  1147 | steps_t:     0 | t: 2.432696 | r:  -506.000000 | e:   1.000000 | Q:        nan | won: False 
#  106 | steps:  1155 | steps_t:     0 | t: 2.445176 | r:  -507.000000 | e:   1.000000 | Q:        nan | won: False 
#  107 | steps:  1168 | steps_t:     0 | t: 2.461240 | r:  -512.000000 | e:   1.000000 | Q:        nan | won: False 
#  108 | steps:  1179 | steps_t:     0 | t: 2.473090 | r:  -510.000000 | e:   1.000000 | Q:        nan | won: False 
#  109 | steps:  1189 | steps_t:     0 | t: 2.486705 | r:  -509.000000 | e:   1.000000 | Q:        nan | won: False 
#  110 | steps:  1198 | steps_t:     0 | t: 2.496630 | r:  -508.000000 | e:   1.000000 | Q:        nan | won: False 
#  111 | steps:  1209 | steps_t:     0 | t: 2.510463 | r:  -510.000000 | e:   1.000000 | Q:        nan | won: False 
#  112 | steps:  1216 | steps_t:     0 | t: 2.521325 | r:  -506.000000 | e:   1.000000 | Q:        nan | won: False 
#  113 | steps:  1226 | steps_t:     0 | t: 2.536864 | r:  -509.000000 | e:   1.000000 | Q:        nan | won: False 
#  114 | steps:  1240 | steps_t:     0 | t: 2.561978 | r:  -513.000000 | e:   1.000000 | Q:        nan | won: False 
#  115 | steps:  1251 | steps_t:     0 | t: 2.576253 | r:  -510.000000 | e:   1.000000 | Q:        nan | won: False 
#  116 | steps:  1256 | steps_t:     0 | t: 2.587253 | r:  -504.000000 | e:   1.000000 | Q:        nan | won: False 
#  117 | steps:  1271 | steps_t:     0 | t: 2.599973 | r:  -503.000000 | e:   1.000000 | Q:        nan | won: False 
#  118 | steps:  1281 | steps_t:     0 | t: 2.611784 | r:  -509.000000 | e:   1.000000 | Q:        nan | won: False 
#  119 | steps:  1291 | steps_t:     0 | t: 2.619619 | r:  -509.000000 | e:   1.000000 | Q:        nan | won: False 
#  120 | steps:  1300 | steps_t:     0 | t: 2.629692 | r:  -508.000000 | e:   1.000000 | Q:        nan | won: False 
#  121 | steps:  1312 | steps_t:     0 | t: 2.643171 | r:  -511.000000 | e:   1.000000 | Q:        nan | won: False 
#  122 | steps:  1323 | steps_t:     0 | t: 2.659271 | r:  -510.000000 | e:   1.000000 | Q:        nan | won: False 
#  123 | steps:  1330 | steps_t:     0 | t: 2.670472 | r:  -506.000000 | e:   1.000000 | Q:        nan | won: False 
#  124 | steps:  1339 | steps_t:     0 | t: 2.681175 | r:  -508.000000 | e:   1.000000 | Q:        nan | won: False 
#  125 | steps:  1356 | steps_t:     0 | t: 2.695130 | r:  -505.000000 | e:   1.000000 | Q:        nan | won: False 
#  126 | steps:  1366 | steps_t:     0 | t: 2.705871 | r:  -509.000000 | e:   1.000000 | Q:        nan | won: False 
#  127 | steps:  1372 | steps_t:     0 | t: 2.716223 | r:  -505.000000 | e:   1.000000 | Q:        nan | won: False 
#  128 | steps:  1389 | steps_t:     0 | t: 2.738951 | r:  -516.000000 | e:   1.000000 | Q:        nan | won: False 
#  129 | steps:  1398 | steps_t:     0 | t: 2.751192 | r:  -508.000000 | e:   1.000000 | Q:        nan | won: False 
#  130 | steps:  1404 | steps_t:     0 | t: 2.758697 | r:  -505.000000 | e:   1.000000 | Q:        nan | won: False 
#  131 | steps:  1412 | steps_t:     0 | t: 2.766359 | r:  -507.000000 | e:   1.000000 | Q:        nan | won: False 
#  132 | steps:  1419 | steps_t:     0 | t: 2.775520 | r:  -506.000000 | e:   1.000000 | Q:        nan | won: False 
#  133 | steps:  1425 | steps_t:     0 | t: 2.786502 | r:  -505.000000 | e:   1.000000 | Q:        nan | won: False 
#  134 | steps:  1437 | steps_t:     0 | t: 2.796759 | r:  -511.000000 | e:   1.000000 | Q:        nan | won: False 
#  135 | steps:  1447 | steps_t:     0 | t: 2.806518 | r:  -509.000000 | e:   1.000000 | Q:        nan | won: False 
#  136 | steps:  1457 | steps_t:     0 | t: 2.818799 | r:  -509.000000 | e:   1.000000 | Q:        nan | won: False 
#  137 | steps:  1466 | steps_t:     0 | t: 2.829819 | r:  -508.000000 | e:   1.000000 | Q:        nan | won: False 
#  138 | steps:  1474 | steps_t:     0 | t: 2.839320 | r:  -507.000000 | e:   1.000000 | Q:        nan | won: False 
#  139 | steps:  1485 | steps_t:     0 | t: 2.851743 | r:  -510.000000 | e:   1.000000 | Q:        nan | won: False 
#  140 | steps:  1503 | steps_t:     0 | t: 2.868244 | r:  -517.000000 | e:   1.000000 | Q:        nan | won: False 
#  141 | steps:  1514 | steps_t:     0 | t: 2.883477 | r:  -510.000000 | e:   1.000000 | Q:        nan | won: False 
#  142 | steps:  1522 | steps_t:     0 | t: 2.895768 | r:  -507.000000 | e:   1.000000 | Q:        nan | won: False 
#  143 | steps:  1530 | steps_t:     0 | t: 2.917586 | r:  -507.000000 | e:   1.000000 | Q:        nan | won: False 
#  144 | steps:  1540 | steps_t:     0 | t: 2.932288 | r:  -509.000000 | e:   1.000000 | Q:        nan | won: False 
#  145 | steps:  1546 | steps_t:     0 | t: 2.940526 | r:  -505.000000 | e:   1.000000 | Q:        nan | won: False 
#  146 | steps:  1551 | steps_t:     0 | t: 2.948327 | r:  -504.000000 | e:   1.000000 | Q:        nan | won: False 
#  147 | steps:  1560 | steps_t:     0 | t: 2.958392 | r:  -508.000000 | e:   1.000000 | Q:        nan | won: False 
#  148 | steps:  1580 | steps_t:     0 | t: 2.983122 | r:  -508.000000 | e:   1.000000 | Q:        nan | won: False 
#  149 | steps:  1587 | steps_t:     0 | t: 2.993623 | r:  -506.000000 | e:   1.000000 | Q:        nan | won: False 
#  150 | steps:  1609 | steps_t:     0 | t: 3.015544 | r:  -521.000000 | e:   1.000000 | Q:        nan | won: False 
#  151 | steps:  1616 | steps_t:     0 | t: 3.023121 | r:  -506.000000 | e:   1.000000 | Q:        nan | won: False 
#  152 | steps:  1626 | steps_t:     0 | t: 3.036783 | r:  -509.000000 | e:   1.000000 | Q:        nan | won: False 
#  153 | steps:  1634 | steps_t:     0 | t: 3.047825 | r:  -507.000000 | e:   1.000000 | Q:        nan | won: False 
#  154 | steps:  1649 | steps_t:     0 | t: 3.061687 | r:  -514.000000 | e:   1.000000 | Q:        nan | won: False 
#  155 | steps:  1657 | steps_t:     0 | t: 3.072268 | r:  -507.000000 | e:   1.000000 | Q:        nan | won: False 
#  156 | steps:  1680 | steps_t:     0 | t: 3.094675 | r:  -522.000000 | e:   1.000000 | Q:        nan | won: False 
#  157 | steps:  1686 | steps_t:     0 | t: 3.105922 | r:  -505.000000 | e:   1.000000 | Q:        nan | won: False 
#  158 | steps:  1696 | steps_t:     0 | t: 3.117699 | r:  -509.000000 | e:   1.000000 | Q:        nan | won: False 
#  159 | steps:  1707 | steps_t:     0 | t: 3.142060 | r:  -510.000000 | e:   1.000000 | Q:        nan | won: False 
#  160 | steps:  1715 | steps_t:     0 | t: 3.173269 | r:  -507.000000 | e:   1.000000 | Q:        nan | won: False 
#  161 | steps:  1726 | steps_t:     0 | t: 3.197393 | r:  -510.000000 | e:   1.000000 | Q:        nan | won: False 
#  162 | steps:  1733 | steps_t:     0 | t: 3.214769 | r:  -506.000000 | e:   1.000000 | Q:        nan | won: False 
#  163 | steps:  1739 | steps_t:     0 | t: 3.230587 | r:  -505.000000 | e:   1.000000 | Q:        nan | won: False 
#  164 | steps:  1748 | steps_t:     0 | t: 3.260488 | r:  -508.000000 | e:   1.000000 | Q:        nan | won: False 
#  165 | steps:  1762 | steps_t:     0 | t: 3.279427 | r:  -513.000000 | e:   1.000000 | Q:        nan | won: False 
#  166 | steps:  1770 | steps_t:     0 | t: 3.293934 | r:  -507.000000 | e:   1.000000 | Q:        nan | won: False 
#  167 | steps:  1780 | steps_t:     0 | t: 3.312670 | r:  -509.000000 | e:   1.000000 | Q:        nan | won: False 
#  168 | steps:  1789 | steps_t:     0 | t: 3.328386 | r:  -508.000000 | e:   1.000000 | Q:        nan | won: False 
#  169 | steps:  1797 | steps_t:     0 | t: 3.341770 | r:  -507.000000 | e:   1.000000 | Q:        nan | won: False 
#  170 | steps:  1816 | steps_t:     0 | t: 3.356009 | r:  -518.000000 | e:   1.000000 | Q:        nan | won: False 
#  171 | steps:  1825 | steps_t:     0 | t: 3.370882 | r:  -508.000000 | e:   1.000000 | Q:        nan | won: False 
#  172 | steps:  1832 | steps_t:     0 | t: 3.383530 | r:  -506.000000 | e:   1.000000 | Q:        nan | won: False 
#  173 | steps:  1838 | steps_t:     0 | t: 3.394072 | r:  -505.000000 | e:   1.000000 | Q:        nan | won: False 
#  174 | steps:  1847 | steps_t:     0 | t: 3.409228 | r:  -508.000000 | e:   1.000000 | Q:        nan | won: False 
#  175 | steps:  1860 | steps_t:     0 | t: 3.418480 | r:  -512.000000 | e:   1.000000 | Q:        nan | won: False 
#  176 | steps:  1870 | steps_t:     0 | t: 3.431535 | r:  -509.000000 | e:   1.000000 | Q:        nan | won: False 
#  177 | steps:  1879 | steps_t:     0 | t: 3.444881 | r:  -508.000000 | e:   1.000000 | Q:        nan | won: False 
#  178 | steps:  1888 | steps_t:     0 | t: 3.457309 | r:  -508.000000 | e:   1.000000 | Q:        nan | won: False 
#  179 | steps:  1897 | steps_t:     0 | t: 3.465042 | r:  -508.000000 | e:   1.000000 | Q:        nan | won: False 
#  180 | steps:  1903 | steps_t:     0 | t: 3.473740 | r:  -505.000000 | e:   1.000000 | Q:        nan | won: False 
#  181 | steps:  1911 | steps_t:     0 | t: 3.488016 | r:  -507.000000 | e:   1.000000 | Q:        nan | won: False 
#  182 | steps:  1919 | steps_t:     0 | t: 3.496314 | r:  -507.000000 | e:   1.000000 | Q:        nan | won: False 
#  183 | steps:  1926 | steps_t:     0 | t: 3.504070 | r:  -506.000000 | e:   1.000000 | Q:        nan | won: False 
#  184 | steps:  1937 | steps_t:     0 | t: 3.518566 | r:  -510.000000 | e:   1.000000 | Q:        nan | won: False 
#  185 | steps:  1942 | steps_t:     0 | t: 3.524765 | r:  -504.000000 | e:   1.000000 | Q:        nan | won: False 
#  186 | steps:  1950 | steps_t:     0 | t: 3.536006 | r:  -507.000000 | e:   1.000000 | Q:        nan | won: False 
#  187 | steps:  1957 | steps_t:     0 | t: 3.544012 | r:  -506.000000 | e:   1.000000 | Q:        nan | won: False 
#  188 | steps:  1966 | steps_t:     0 | t: 3.556068 | r:  -508.000000 | e:   1.000000 | Q:        nan | won: False 
#  189 | steps:  1978 | steps_t:     0 | t: 3.570851 | r:  -511.000000 | e:   1.000000 | Q:        nan | won: False 
#  190 | steps:  1988 | steps_t:     0 | t: 3.587538 | r:  -509.000000 | e:   1.000000 | Q:        nan | won: False 
#  191 | steps:  1996 | steps_t:     0 | t: 3.600833 | r:  -507.000000 | e:   1.000000 | Q:        nan | won: False 
#  192 | steps:  2010 | steps_t:     0 | t: 3.618032 | r:  -513.000000 | e:   1.000000 | Q:        nan | won: False 
#  193 | steps:  2021 | steps_t:     0 | t: 3.629392 | r:  -510.000000 | e:   1.000000 | Q:        nan | won: False 
#  194 | steps:  2044 | steps_t:     0 | t: 3.647422 | r:  -522.000000 | e:   1.000000 | Q:        nan | won: False 
#  195 | steps:  2052 | steps_t:     0 | t: 3.655206 | r:  -507.000000 | e:   1.000000 | Q:        nan | won: False 
#  196 | steps:  2060 | steps_t:     0 | t: 3.665073 | r:  -507.000000 | e:   1.000000 | Q:        nan | won: False 
#  197 | steps:  2066 | steps_t:     0 | t: 3.675980 | r:  -505.000000 | e:   1.000000 | Q:        nan | won: False 
#  198 | steps:  2072 | steps_t:     0 | t: 3.683115 | r:  -505.000000 | e:   1.000000 | Q:        nan | won: False 
#  199 | steps:  2083 | steps_t:     0 | t: 3.697193 | r:  -510.000000 | e:   1.000000 | Q:        nan | won: False 
#  200 | steps:  2103 | steps_t:     0 | t: 3.720134 | r:  -519.000000 | e:   1.000000 | Q:        nan | won: False 
#  201 | steps:  2113 | steps_t:     0 | t: 3.732030 | r:  -509.000000 | e:   1.000000 | Q:        nan | won: False 
#  202 | steps:  2123 | steps_t:     0 | t: 3.745230 | r:  -509.000000 | e:   1.000000 | Q:        nan | won: False 
#  203 | steps:  2130 | steps_t:     0 | t: 3.757371 | r:  -506.000000 | e:   1.000000 | Q:        nan | won: False 
#  204 | steps:  2148 | steps_t:     0 | t: 3.778976 | r:  -517.000000 | e:   1.000000 | Q:        nan | won: False 
#  205 | steps:  2172 | steps_t:     0 | t: 3.795805 | r:  -523.000000 | e:   1.000000 | Q:        nan | won: False 
#  206 | steps:  2189 | steps_t:     0 | t: 3.812092 | r:  -505.000000 | e:   1.000000 | Q:        nan | won: False 
#  207 | steps:  2196 | steps_t:     0 | t: 3.821716 | r:  -506.000000 | e:   1.000000 | Q:        nan | won: False 
#  208 | steps:  2209 | steps_t:     0 | t: 3.834687 | r:  -512.000000 | e:   1.000000 | Q:        nan | won: False 
#  209 | steps:  2221 | steps_t:     0 | t: 3.846596 | r:  -511.000000 | e:   1.000000 | Q:        nan | won: False 
#  210 | steps:  2227 | steps_t:     0 | t: 3.858371 | r:  -505.000000 | e:   1.000000 | Q:        nan | won: False 
#  211 | steps:  2234 | steps_t:     0 | t: 3.867613 | r:  -506.000000 | e:   1.000000 | Q:        nan | won: False 
#  212 | steps:  2252 | steps_t:     0 | t: 3.886186 | r:  -517.000000 | e:   1.000000 | Q:        nan | won: False 
#  213 | steps:  2262 | steps_t:     0 | t: 3.913074 | r:  -509.000000 | e:   1.000000 | Q:        nan | won: False 
#  214 | steps:  2272 | steps_t:     0 | t: 3.930193 | r:  -509.000000 | e:   1.000000 | Q:        nan | won: False 
#  215 | steps:  2293 | steps_t:     0 | t: 3.952046 | r:  -520.000000 | e:   1.000000 | Q:        nan | won: False 
#  216 | steps:  2302 | steps_t:     0 | t: 3.962985 | r:  -508.000000 | e:   1.000000 | Q:        nan | won: False 
#  217 | steps:  2315 | steps_t:     0 | t: 3.977847 | r:  -512.000000 | e:   1.000000 | Q:        nan | won: False 
#  218 | steps:  2326 | steps_t:     0 | t: 3.995740 | r:  -510.000000 | e:   1.000000 | Q:        nan | won: False 
#  219 | steps:  2337 | steps_t:     0 | t: 4.017619 | r:  -510.000000 | e:   1.000000 | Q:        nan | won: False 
#  220 | steps:  2356 | steps_t:     0 | t: 4.051162 | r:  -496.000000 | e:   1.000000 | Q:        nan | won: False 
#  221 | steps:  2367 | steps_t:     0 | t: 4.062697 | r:  -510.000000 | e:   1.000000 | Q:        nan | won: False 
#  222 | steps:  2374 | steps_t:     0 | t: 4.071418 | r:  -506.000000 | e:   1.000000 | Q:        nan | won: False 
#  223 | steps:  2385 | steps_t:     0 | t: 4.088057 | r:  -510.000000 | e:   1.000000 | Q:        nan | won: False 
#  224 | steps:  2399 | steps_t:     0 | t: 4.105807 | r:  -513.000000 | e:   1.000000 | Q:        nan | won: False 
#  225 | steps:  2408 | steps_t:     0 | t: 4.121741 | r:  -508.000000 | e:   1.000000 | Q:        nan | won: False 
#  226 | steps:  2422 | steps_t:     0 | t: 4.142205 | r:  -513.000000 | e:   1.000000 | Q:        nan | won: False 
#  227 | steps:  2428 | steps_t:     0 | t: 4.152613 | r:  -505.000000 | e:   1.000000 | Q:        nan | won: False 
#  228 | steps:  2434 | steps_t:     0 | t: 4.161309 | r:  -505.000000 | e:   1.000000 | Q:        nan | won: False 
#  229 | steps:  2442 | steps_t:     0 | t: 4.175431 | r:  -507.000000 | e:   1.000000 | Q:        nan | won: False 
#  230 | steps:  2451 | steps_t:     0 | t: 4.189815 | r:  -508.000000 | e:   1.000000 | Q:        nan | won: False 
#  231 | steps:  2457 | steps_t:     0 | t: 4.202070 | r:  -505.000000 | e:   1.000000 | Q:        nan | won: False 
#  232 | steps:  2471 | steps_t:     0 | t: 4.215337 | r:  -513.000000 | e:   1.000000 | Q:        nan | won: False 
#  233 | steps:  2477 | steps_t:     0 | t: 4.291803 | r:  -505.000000 | e:   1.000000 | Q:        nan | won: False 
#  234 | steps:  2493 | steps_t:     0 | t: 4.320431 | r:  -504.000000 | e:   1.000000 | Q:        nan | won: False 
#  235 | steps:  2508 | steps_t:     0 | t: 4.334777 | r:  -514.000000 | e:   1.000000 | Q:        nan | won: False 
#  236 | steps:  2517 | steps_t:     0 | t: 4.350535 | r:  -508.000000 | e:   1.000000 | Q:        nan | won: False 
#  237 | steps:  2524 | steps_t:     0 | t: 4.362882 | r:  -506.000000 | e:   1.000000 | Q:        nan | won: False 
#  238 | steps:  2541 | steps_t:     0 | t: 4.385564 | r:  -516.000000 | e:   1.000000 | Q:        nan | won: False 
#  239 | steps:  2548 | steps_t:     0 | t: 4.400360 | r:  -506.000000 | e:   1.000000 | Q:        nan | won: False 
#  240 | steps:  2556 | steps_t:     0 | t: 4.419724 | r:  -507.000000 | e:   1.000000 | Q:        nan | won: False 
#  241 | steps:  2564 | steps_t:     0 | t: 4.435796 | r:  -507.000000 | e:   1.000000 | Q:        nan | won: False 
#  242 | steps:  2582 | steps_t:     0 | t: 4.462101 | r:  -517.000000 | e:   1.000000 | Q:        nan | won: False 
#  243 | steps:  2607 | steps_t:     0 | t: 4.520481 | r:  -524.000000 | e:   1.000000 | Q:        nan | won: False 
#  244 | steps:  2614 | steps_t:     0 | t: 4.539399 | r:  -506.000000 | e:   1.000000 | Q:        nan | won: False 
#  245 | steps:  2621 | steps_t:     0 | t: 4.553557 | r:  -506.000000 | e:   1.000000 | Q:        nan | won: False 
#  246 | steps:  2637 | steps_t:     0 | t: 4.579741 | r:  -515.000000 | e:   1.000000 | Q:        nan | won: False 
#  247 | steps:  2645 | steps_t:     0 | t: 4.596075 | r:  -507.000000 | e:   1.000000 | Q:        nan | won: False 
#  248 | steps:  2656 | steps_t:     0 | t: 4.610486 | r:  -510.000000 | e:   1.000000 | Q:        nan | won: False 
#  249 | steps:  2671 | steps_t:     0 | t: 4.632943 | r:  -503.000000 | e:   1.000000 | Q:        nan | won: False 
#  250 | steps:  2683 | steps_t:     0 | t: 4.651942 | r:  -511.000000 | e:   1.000000 | Q:        nan | won: False 
#  251 | steps:  2702 | steps_t:     0 | t: 4.685440 | r:  -518.000000 | e:   1.000000 | Q:        nan | won: False 
#  252 | steps:  2715 | steps_t:     0 | t: 4.705017 | r:  -512.000000 | e:   1.000000 | Q:        nan | won: False 
#  253 | steps:  2722 | steps_t:     0 | t: 4.719165 | r:  -506.000000 | e:   1.000000 | Q:        nan | won: False 
#  254 | steps:  2731 | steps_t:     0 | t: 4.728887 | r:  -508.000000 | e:   1.000000 | Q:        nan | won: False 
#  255 | steps:  2741 | steps_t:     0 | t: 4.749153 | r:  -509.000000 | e:   1.000000 | Q:        nan | won: False 
#  256 | steps:  2752 | steps_t:     0 | t: 4.770563 | r:  -510.000000 | e:   1.000000 | Q:        nan | won: False 
#  257 | steps:  2758 | steps_t:     0 | t: 4.784571 | r:  -505.000000 | e:   1.000000 | Q:        nan | won: False 
#  258 | steps:  2768 | steps_t:     0 | t: 4.794394 | r:  -509.000000 | e:   1.000000 | Q:        nan | won: False 
#  259 | steps:  2787 | steps_t:     0 | t: 4.821796 | r:  -518.000000 | e:   1.000000 | Q:        nan | won: False 
#  260 | steps:  2799 | steps_t:     0 | t: 4.864995 | r:  -511.000000 | e:   1.000000 | Q:        nan | won: False 
#  261 | steps:  2813 | steps_t:     0 | t: 4.897814 | r:  -502.000000 | e:   1.000000 | Q:        nan | won: False 
#  262 | steps:  2822 | steps_t:     0 | t: 4.916589 | r:  -508.000000 | e:   1.000000 | Q:        nan | won: False 
#  263 | steps:  2838 | steps_t:     0 | t: 4.943842 | r:  -515.000000 | e:   1.000000 | Q:        nan | won: False 
#  264 | steps:  2847 | steps_t:     0 | t: 4.963863 | r:  -508.000000 | e:   1.000000 | Q:        nan | won: False 
#  265 | steps:  2858 | steps_t:     0 | t: 4.979879 | r:  -510.000000 | e:   1.000000 | Q:        nan | won: False 
#  266 | steps:  2864 | steps_t:     0 | t: 4.995759 | r:  -505.000000 | e:   1.000000 | Q:        nan | won: False 
#  267 | steps:  2889 | steps_t:     0 | t: 5.020914 | r:  -524.000000 | e:   1.000000 | Q:        nan | won: False 
#  268 | steps:  2903 | steps_t:     0 | t: 5.033442 | r:  -513.000000 | e:   1.000000 | Q:        nan | won: False 
#  269 | steps:  2911 | steps_t:     0 | t: 5.045981 | r:  -507.000000 | e:   1.000000 | Q:        nan | won: False 
#  270 | steps:  2921 | steps_t:     0 | t: 5.064571 | r:  -509.000000 | e:   1.000000 | Q:        nan | won: False 
#  271 | steps:  2928 | steps_t:     0 | t: 5.075900 | r:  -506.000000 | e:   1.000000 | Q:        nan | won: False 
#  272 | steps:  2947 | steps_t:     0 | t: 5.096806 | r:  -507.000000 | e:   1.000000 | Q:        nan | won: False 
#  273 | steps:  2956 | steps_t:     0 | t: 5.108765 | r:  -508.000000 | e:   1.000000 | Q:        nan | won: False 
#  274 | steps:  2976 | steps_t:     0 | t: 5.136714 | r:  -519.000000 | e:   1.000000 | Q:        nan | won: False 
#  275 | steps:  2984 | steps_t:     0 | t: 5.151297 | r:  -507.000000 | e:   1.000000 | Q:        nan | won: False 
#  276 | steps:  3003 | steps_t:     0 | t: 5.186677 | r:  -507.000000 | e:   1.000000 | Q:        nan | won: False 
#  277 | steps:  3014 | steps_t:     0 | t: 5.209362 | r:  -510.000000 | e:   1.000000 | Q:        nan | won: False 
#  278 | steps:  3034 | steps_t:     0 | t: 5.232875 | r:  -508.000000 | e:   1.000000 | Q:        nan | won: False 
#  279 | steps:  3046 | steps_t:     0 | t: 5.248113 | r:  -511.000000 | e:   1.000000 | Q:        nan | won: False 
#  280 | steps:  3053 | steps_t:     0 | t: 5.261491 | r:  -506.000000 | e:   1.000000 | Q:        nan | won: False 
#  281 | steps:  3062 | steps_t:     0 | t: 5.271801 | r:  -508.000000 | e:   1.000000 | Q:        nan | won: False 
#  282 | steps:  3071 | steps_t:     0 | t: 5.288147 | r:  -508.000000 | e:   1.000000 | Q:        nan | won: False 
#  283 | steps:  3087 | steps_t:     0 | t: 5.307743 | r:  -515.000000 | e:   1.000000 | Q:        nan | won: False 
#  284 | steps:  3104 | steps_t:     0 | t: 5.329088 | r:  -516.000000 | e:   1.000000 | Q:        nan | won: False 
#  285 | steps:  3111 | steps_t:     0 | t: 5.337534 | r:  -506.000000 | e:   1.000000 | Q:        nan | won: False 
#  286 | steps:  3128 | steps_t:     0 | t: 5.363266 | r:  -516.000000 | e:   1.000000 | Q:        nan | won: False 
#  287 | steps:  3140 | steps_t:     0 | t: 5.374008 | r:  -511.000000 | e:   1.000000 | Q:        nan | won: False 
#  288 | steps:  3156 | steps_t:     0 | t: 5.388446 | r:  -515.000000 | e:   1.000000 | Q:        nan | won: False 
#  289 | steps:  3167 | steps_t:     0 | t: 5.405679 | r:  -510.000000 | e:   1.000000 | Q:        nan | won: False 
#  290 | steps:  3175 | steps_t:     0 | t: 5.429126 | r:  -507.000000 | e:   1.000000 | Q:        nan | won: False 
#  291 | steps:  3183 | steps_t:     0 | t: 5.445722 | r:  -507.000000 | e:   1.000000 | Q:        nan | won: False 
#  292 | steps:  3191 | steps_t:     0 | t: 5.460391 | r:  -507.000000 | e:   1.000000 | Q:        nan | won: False 
#  293 | steps:  3201 | steps_t:     0 | t: 5.469309 | r:  -509.000000 | e:   1.000000 | Q:        nan | won: False 
#  294 | steps:  3210 | steps_t:     0 | t: 5.482702 | r:  -508.000000 | e:   1.000000 | Q:        nan | won: False 
#  295 | steps:  3221 | steps_t:     0 | t: 5.498363 | r:  -510.000000 | e:   1.000000 | Q:        nan | won: False 
#  296 | steps:  3233 | steps_t:     0 | t: 5.511512 | r:  -511.000000 | e:   1.000000 | Q:        nan | won: False 
#  297 | steps:  3238 | steps_t:     0 | t: 5.522306 | r:  -504.000000 | e:   1.000000 | Q:        nan | won: False 
#  298 | steps:  3249 | steps_t:     0 | t: 5.539629 | r:  -510.000000 | e:   1.000000 | Q:        nan | won: False 
#  299 | steps:  3269 | steps_t:     0 | t: 5.566769 | r:  -519.000000 | e:   1.000000 | Q:        nan | won: False 
#  300 | steps:  3277 | steps_t:     0 | t: 5.578656 | r:  -507.000000 | e:   1.000000 | Q:        nan | won: False 
#  301 | steps:  3286 | steps_t:     0 | t: 5.589555 | r:  -508.000000 | e:   1.000000 | Q:        nan | won: False 
#  302 | steps:  3294 | steps_t:     0 | t: 5.602758 | r:  -507.000000 | e:   1.000000 | Q:        nan | won: False 
#  303 | steps:  3306 | steps_t:     0 | t: 5.620463 | r:  -511.000000 | e:   1.000000 | Q:        nan | won: False 
#  304 | steps:  3317 | steps_t:     0 | t: 5.730292 | r:  -510.000000 | e:   1.000000 | Q:        nan | won: False 
#  305 | steps:  3327 | steps_t:     0 | t: 5.777040 | r:  -509.000000 | e:   1.000000 | Q:        nan | won: False 
#  306 | steps:  3336 | steps_t:     0 | t: 5.799527 | r:  -508.000000 | e:   1.000000 | Q:        nan | won: False 
#  307 | steps:  3343 | steps_t:     0 | t: 5.823378 | r:  -506.000000 | e:   1.000000 | Q:        nan | won: False 
#  308 | steps:  3350 | steps_t:     0 | t: 5.849488 | r:  -506.000000 | e:   1.000000 | Q:        nan | won: False 
#  309 | steps:  3358 | steps_t:     0 | t: 5.868819 | r:  -507.000000 | e:   1.000000 | Q:        nan | won: False 
#  310 | steps:  3364 | steps_t:     0 | t: 5.889889 | r:  -505.000000 | e:   1.000000 | Q:        nan | won: False 
#  311 | steps:  3375 | steps_t:     0 | t: 5.935127 | r:  -510.000000 | e:   1.000000 | Q:        nan | won: False 
#  312 | steps:  3386 | steps_t:     0 | t: 5.965901 | r:  -510.000000 | e:   1.000000 | Q:        nan | won: False 
#  313 | steps:  3397 | steps_t:     0 | t: 5.990013 | r:  -510.000000 | e:   1.000000 | Q:        nan | won: False 
#  314 | steps:  3410 | steps_t:     0 | t: 6.018990 | r:  -512.000000 | e:   1.000000 | Q:        nan | won: False 
#  315 | steps:  3420 | steps_t:     0 | t: 6.036042 | r:  -509.000000 | e:   1.000000 | Q:        nan | won: False 
#  316 | steps:  3427 | steps_t:     0 | t: 6.046913 | r:  -506.000000 | e:   1.000000 | Q:        nan | won: False 
#  317 | steps:  3433 | steps_t:     0 | t: 6.065027 | r:  -505.000000 | e:   1.000000 | Q:        nan | won: False 
#  318 | steps:  3442 | steps_t:     0 | t: 6.078688 | r:  -508.000000 | e:   1.000000 | Q:        nan | won: False 
#  319 | steps:  3469 | steps_t:     0 | t: 6.134604 | r:  -526.000000 | e:   1.000000 | Q:        nan | won: False 
#  320 | steps:  3480 | steps_t:     0 | t: 6.154714 | r:  -510.000000 | e:   1.000000 | Q:        nan | won: False 
#  321 | steps:  3490 | steps_t:     0 | t: 6.177789 | r:  -509.000000 | e:   1.000000 | Q:        nan | won: False 
#  322 | steps:  3498 | steps_t:     0 | t: 6.191442 | r:  -507.000000 | e:   1.000000 | Q:        nan | won: False 
#  323 | steps:  3518 | steps_t:     0 | t: 6.223522 | r:  -519.000000 | e:   1.000000 | Q:        nan | won: False 
#  324 | steps:  3537 | steps_t:     0 | t: 6.261909 | r:  -518.000000 | e:   1.000000 | Q:        nan | won: False 
#  325 | steps:  3551 | steps_t:     0 | t: 6.282782 | r:  -513.000000 | e:   1.000000 | Q:        nan | won: False 
#  326 | steps:  3563 | steps_t:     0 | t: 6.302799 | r:  -511.000000 | e:   1.000000 | Q:        nan | won: False 
#  327 | steps:  3576 | steps_t:     0 | t: 6.316167 | r:  -512.000000 | e:   1.000000 | Q:        nan | won: False 
#  328 | steps:  3585 | steps_t:     0 | t: 6.335726 | r:  -508.000000 | e:   1.000000 | Q:        nan | won: False 
#  329 | steps:  3602 | steps_t:     0 | t: 6.351200 | r:  -516.000000 | e:   1.000000 | Q:        nan | won: False 
#  330 | steps:  3607 | steps_t:     0 | t: 6.361877 | r:  -504.000000 | e:   1.000000 | Q:        nan | won: False 
#  331 | steps:  3621 | steps_t:     0 | t: 6.377108 | r:  -502.000000 | e:   1.000000 | Q:        nan | won: False 
#  332 | steps:  3626 | steps_t:     0 | t: 6.385087 | r:  -504.000000 | e:   1.000000 | Q:        nan | won: False 
#  333 | steps:  3644 | steps_t:     0 | t: 6.406080 | r:  -517.000000 | e:   1.000000 | Q:        nan | won: False 
#  334 | steps:  3653 | steps_t:     0 | t: 6.419908 | r:  -508.000000 | e:   1.000000 | Q:        nan | won: False 
#  335 | steps:  3664 | steps_t:     0 | t: 6.434544 | r:  -510.000000 | e:   1.000000 | Q:        nan | won: False 
#  336 | steps:  3674 | steps_t:     0 | t: 6.445254 | r:  -509.000000 | e:   1.000000 | Q:        nan | won: False 
#  337 | steps:  3681 | steps_t:     0 | t: 6.454792 | r:  -506.000000 | e:   1.000000 | Q:        nan | won: False 
#  338 | steps:  3688 | steps_t:     0 | t: 6.473470 | r:  -506.000000 | e:   1.000000 | Q:        nan | won: False 
#  339 | steps:  3697 | steps_t:     0 | t: 6.495224 | r:  -508.000000 | e:   1.000000 | Q:        nan | won: False 
#  340 | steps:  3710 | steps_t:     0 | t: 6.522309 | r:  -512.000000 | e:   1.000000 | Q:        nan | won: False 
#  341 | steps:  3730 | steps_t:     0 | t: 6.565843 | r:  -519.000000 | e:   1.000000 | Q:        nan | won: False 
#  342 | steps:  3738 | steps_t:     0 | t: 6.579033 | r:  -507.000000 | e:   1.000000 | Q:        nan | won: False 
#  343 | steps:  3745 | steps_t:     0 | t: 6.591565 | r:  -506.000000 | e:   1.000000 | Q:        nan | won: False 
#  344 | steps:  3761 | steps_t:     0 | t: 6.611382 | r:  -515.000000 | e:   1.000000 | Q:        nan | won: False 
#  345 | steps:  3768 | steps_t:     0 | t: 6.623379 | r:  -506.000000 | e:   1.000000 | Q:        nan | won: False 
#  346 | steps:  3779 | steps_t:     0 | t: 6.639411 | r:  -510.000000 | e:   1.000000 | Q:        nan | won: False 
#  347 | steps:  3789 | steps_t:     0 | t: 6.653879 | r:  -509.000000 | e:   1.000000 | Q:        nan | won: False 
#  348 | steps:  3798 | steps_t:     0 | t: 6.663805 | r:  -508.000000 | e:   1.000000 | Q:        nan | won: False 
#  349 | steps:  3807 | steps_t:     0 | t: 6.680904 | r:  -508.000000 | e:   1.000000 | Q:        nan | won: False 
#  350 | steps:  3815 | steps_t:     0 | t: 6.696958 | r:  -507.000000 | e:   1.000000 | Q:        nan | won: False 
#  351 | steps:  3822 | steps_t:     0 | t: 6.710353 | r:  -506.000000 | e:   1.000000 | Q:        nan | won: False 
#  352 | steps:  3830 | steps_t:     0 | t: 6.725264 | r:  -507.000000 | e:   1.000000 | Q:        nan | won: False 
#  353 | steps:  3839 | steps_t:     0 | t: 6.745867 | r:  -508.000000 | e:   1.000000 | Q:        nan | won: False 
#  354 | steps:  3857 | steps_t:     0 | t: 6.784803 | r:  -517.000000 | e:   1.000000 | Q:        nan | won: False 
#  355 | steps:  3869 | steps_t:     0 | t: 6.819232 | r:  -511.000000 | e:   1.000000 | Q:        nan | won: False 
#  356 | steps:  3889 | steps_t:     0 | t: 6.851078 | r:  -508.000000 | e:   1.000000 | Q:        nan | won: False 
#  357 | steps:  3896 | steps_t:     0 | t: 6.865891 | r:  -506.000000 | e:   1.000000 | Q:        nan | won: False 
#  358 | steps:  3909 | steps_t:     0 | t: 6.899006 | r:  -512.000000 | e:   1.000000 | Q:        nan | won: False 
#  359 | steps:  3918 | steps_t:     0 | t: 6.931648 | r:  -508.000000 | e:   1.000000 | Q:        nan | won: False 
#  360 | steps:  3928 | steps_t:     0 | t: 6.964617 | r:  -509.000000 | e:   1.000000 | Q:        nan | won: False 
#  361 | steps:  3937 | steps_t:     0 | t: 6.984653 | r:  -508.000000 | e:   1.000000 | Q:        nan | won: False 
#  362 | steps:  3947 | steps_t:     0 | t: 7.018740 | r:  -509.000000 | e:   1.000000 | Q:        nan | won: False 
#  363 | steps:  3956 | steps_t:     0 | t: 7.043043 | r:  -508.000000 | e:   1.000000 | Q:        nan | won: False 
#  364 | steps:  3965 | steps_t:     0 | t: 7.069812 | r:  -508.000000 | e:   1.000000 | Q:        nan | won: False 
#  365 | steps:  3973 | steps_t:     0 | t: 7.088138 | r:  -507.000000 | e:   1.000000 | Q:        nan | won: False 
#  366 | steps:  3990 | steps_t:     0 | t: 7.124628 | r:  -516.000000 | e:   1.000000 | Q:        nan | won: False 
#  367 | steps:  4016 | steps_t:     0 | t: 7.179945 | r:  -514.000000 | e:   1.000000 | Q:        nan | won: False 
#  368 | steps:  4026 | steps_t:     0 | t: 7.205858 | r:  -509.000000 | e:   1.000000 | Q:        nan | won: False 
#  369 | steps:  4034 | steps_t:     0 | t: 7.217036 | r:  -507.000000 | e:   1.000000 | Q:        nan | won: False 
#  370 | steps:  4047 | steps_t:     0 | t: 7.238273 | r:  -512.000000 | e:   1.000000 | Q:        nan | won: False 
#  371 | steps:  4065 | steps_t:     0 | t: 7.262321 | r:  -495.000000 | e:   1.000000 | Q:        nan | won: False 
#  372 | steps:  4075 | steps_t:     0 | t: 7.278129 | r:  -509.000000 | e:   1.000000 | Q:        nan | won: False 
#  373 | steps:  4084 | steps_t:     0 | t: 7.289786 | r:  -508.000000 | e:   1.000000 | Q:        nan | won: False 
#  374 | steps:  4094 | steps_t:     0 | t: 7.319433 | r:  -509.000000 | e:   1.000000 | Q:        nan | won: False 
#  375 | steps:  4102 | steps_t:     0 | t: 7.349063 | r:  -507.000000 | e:   1.000000 | Q:        nan | won: False 
#  376 | steps:  4123 | steps_t:     0 | t: 7.412112 | r:  -509.000000 | e:   1.000000 | Q:        nan | won: False 
#  377 | steps:  4131 | steps_t:     0 | t: 7.430900 | r:  -507.000000 | e:   1.000000 | Q:        nan | won: False 
#  378 | steps:  4140 | steps_t:     0 | t: 7.454409 | r:  -508.000000 | e:   1.000000 | Q:        nan | won: False 
#  379 | steps:  4154 | steps_t:     0 | t: 7.487439 | r:  -513.000000 | e:   1.000000 | Q:        nan | won: False 
#  380 | steps:  4163 | steps_t:     0 | t: 7.506918 | r:  -508.000000 | e:   1.000000 | Q:        nan | won: False 
#  381 | steps:  4171 | steps_t:     0 | t: 7.518379 | r:  -507.000000 | e:   1.000000 | Q:        nan | won: False 
#  382 | steps:  4184 | steps_t:     0 | t: 7.534989 | r:  -512.000000 | e:   1.000000 | Q:        nan | won: False 
#  383 | steps:  4203 | steps_t:     0 | t: 7.568002 | r:  -518.000000 | e:   1.000000 | Q:        nan | won: False 
#  384 | steps:  4210 | steps_t:     0 | t: 7.606397 | r:  -506.000000 | e:   1.000000 | Q:        nan | won: False 
#  385 | steps:  4230 | steps_t:     0 | t: 7.643453 | r:  -519.000000 | e:   1.000000 | Q:        nan | won: False 
#  386 | steps:  4235 | steps_t:     0 | t: 7.662724 | r:  -504.000000 | e:   1.000000 | Q:        nan | won: False 
#  387 | steps:  4242 | steps_t:     0 | t: 7.677511 | r:  -506.000000 | e:   1.000000 | Q:        nan | won: False 
#  388 | steps:  4259 | steps_t:     0 | t: 7.701812 | r:  -516.000000 | e:   1.000000 | Q:        nan | won: False 
#  389 | steps:  4268 | steps_t:     0 | t: 7.719416 | r:  -508.000000 | e:   1.000000 | Q:        nan | won: False 
