#  100 | steps:  1097 | steps_t:     0 | t: 0.417106 | r:  -512.000000 | e:   1.000000 | Q:        nan | won: False 
#  200 | steps:  2219 | steps_t:     0 | t: 0.817212 | r:  -510.000000 | e:   1.000000 | Q:        nan | won: False 
#  300 | steps:  3351 | steps_t:     0 | t: 1.222197 | r:  -541.000000 | e:   1.000000 | Q:        nan | won: False 
#  400 | steps:  4451 | steps_t:     0 | t: 1.615062 | r:  -504.000000 | e:   1.000000 | Q:        nan | won: False 
#  500 | steps:  5581 | steps_t:   530 | t: 5.854541 | r:  -508.000000 | e:   0.947000 | Q: -300.663849 | won: False 
#  600 | steps:  6716 | steps_t:  1565 | t: 13.921577 | r:  -506.000000 | e:   0.843500 | Q:        nan | won: False 
#  700 | steps:  7819 | steps_t:  2568 | t: 23.104830 | r:  -505.000000 | e:   0.743200 | Q: -347.472351 | won: False 
#  800 | steps:  8940 | steps_t:  3589 | t: 31.471243 | r:  -509.000000 | e:   0.641100 | Q: -308.695831 | won: False 
#  900 | steps: 10134 | steps_t:  4683 | t: 39.820288 | r:  -513.000000 | e:   0.531700 | Q: -346.354095 | won: False 
# 1000 | steps: 11469 | steps_t:  5918 | t: 49.448475 | r:  -512.000000 | e:   0.408200 | Q: -242.298737 | won: False 
# 1100 | steps: 12951 | steps_t:  7300 | t: 61.048946 | r:  -508.000000 | e:   0.270000 | Q: -263.823914 | won: False 
# 1200 | steps: 14762 | steps_t:  9011 | t: 76.157789 | r:  -514.000000 | e:   0.100000 | Q: -194.053009 | won: False 
# 1300 | steps: 16526 | steps_t: 10675 | t: 92.223391 | r:  -508.000000 | e:   0.100000 | Q: -223.893494 | won: False 
# 1400 | steps: 18319 | steps_t: 12368 | t: 105.773227 | r:  -522.000000 | e:   0.100000 | Q: -204.209793 | won: False 
# 1500 | steps: 19997 | steps_t: 13946 | t: 117.236476 | r:  -514.000000 | e:   0.100000 | Q: -213.114441 | won: False 
# 1600 | steps: 21731 | steps_t: 15580 | t: 131.446743 | r:  -509.000000 | e:   0.100000 | Q: -239.095184 | won: False 
# 1700 | steps: 23697 | steps_t: 17446 | t: 148.055702 | r:  -514.000000 | e:   0.100000 | Q: -192.301254 | won: False 
# 1800 | steps: 25801 | steps_t: 19450 | t: 165.062920 | r:  -492.000000 | e:   0.100000 | Q: -189.753235 | won: False 
# 1900 | steps: 27732 | steps_t: 21281 | t: 181.467713 | r:  -513.000000 | e:   0.100000 | Q: -209.037430 | won: False 
# 2000 | steps: 29701 | steps_t: 23150 | t: 196.241043 | r:  -509.000000 | e:   0.100000 | Q: -205.390167 | won: False 
# 2100 | steps: 31773 | steps_t: 25122 | t: 215.373076 | r:  -495.000000 | e:   0.100000 | Q: -188.296494 | won: False 
# 2200 | steps: 33936 | steps_t: 27185 | t: 235.958571 | r:  -515.000000 | e:   0.100000 | Q: -157.696136 | won: False 
# 2300 | steps: 36064 | steps_t: 29213 | t: 252.797776 | r:  -530.000000 | e:   0.100000 | Q: -176.311661 | won: False 
# 2400 | steps: 38370 | steps_t: 31419 | t: 273.386575 | r:  -509.000000 | e:   0.100000 | Q: -149.684891 | won: False 
# 2500 | steps: 40578 | steps_t: 33527 | t: 291.331823 | r:  -511.000000 | e:   0.100000 | Q: -91.348236 | won: False 
# 2600 | steps: 43094 | steps_t: 35943 | t: 311.103075 | r:  -513.000000 | e:   0.100000 | Q: -86.896545 | won: False 
# 2700 | steps: 45721 | steps_t: 38470 | t: 334.687076 | r:  -510.000000 | e:   0.100000 | Q:  -3.591027 | won: False 
# 2800 | steps: 48625 | steps_t: 41274 | t: 357.553831 | r:  -511.000000 | e:   0.100000 | Q: -22.348150 | won: False 
# 2900 | steps: 51723 | steps_t: 44272 | t: 387.235290 | r:  -553.000000 | e:   0.100000 | Q:  75.938171 | won: False 
# 3000 | steps: 55655 | steps_t: 48104 | t: 425.522630 | r:  -521.000000 | e:   0.100000 | Q:  49.479221 | won: False 
# 3100 | steps: 60206 | steps_t: 52555 | t: 471.105571 | r:    18.000000 | e:   0.100000 | Q: 185.046478 | won: True 
# 3200 | steps: 65877 | steps_t: 58126 | t: 527.033026 | r:  -511.000000 | e:   0.100000 | Q: 168.359497 | won: False 
# 3300 | steps: 70715 | steps_t: 62864 | t: 577.206203 | r:    90.000000 | e:   0.100000 | Q: 237.246353 | won: True 
# 3400 | steps: 74804 | steps_t: 66853 | t: 616.708723 | r:    81.000000 | e:   0.100000 | Q: 376.871338 | won: True 
# 3500 | steps: 78276 | steps_t: 70225 | t: 652.609560 | r:    49.000000 | e:   0.100000 | Q: 424.038696 | won: True 
# 3600 | steps: 81675 | steps_t: 73524 | t: 687.947140 | r:  -523.000000 | e:   0.100000 | Q: 299.318970 | won: False 
# 3700 | steps: 85130 | steps_t: 76879 | t: 728.605322 | r:    92.000000 | e:   0.100000 | Q: 190.376099 | won: True 
# 3800 | steps: 88486 | steps_t: 80135 | t: 766.019293 | r:    83.000000 | e:   0.100000 | Q: 375.065887 | won: True 
# 3900 | steps: 92187 | steps_t: 83736 | t: 804.008004 | r:    83.000000 | e:   0.100000 | Q: 163.991135 | won: True 
# 4000 | steps: 95796 | steps_t: 87245 | t: 846.302863 | r:    80.000000 | e:   0.100000 | Q: 336.958435 | won: True 
