#  100 | steps:  1134 | steps_t:     0 | t: 0.487003 | r:  -506.000000 | e:   1.000000 | Q:        nan | won: False 
#  200 | steps:  2148 | steps_t:     0 | t: 0.841327 | r:  -506.000000 | e:   1.000000 | Q:        nan | won: False 
#  300 | steps:  3323 | steps_t:     0 | t: 1.336131 | r:  -510.000000 | e:   1.000000 | Q:        nan | won: False 
#  400 | steps:  4406 | steps_t:     0 | t: 1.774138 | r:  -507.000000 | e:   1.000000 | Q:        nan | won: False 
#  500 | steps:  5524 | steps_t:   473 | t: 5.327095 | r:  -504.000000 | e:   0.952700 | Q:        nan | won: False 
#  600 | steps:  6745 | steps_t:  1594 | t: 13.290152 | r:  -510.000000 | e:   0.840600 | Q: -304.598022 | won: False 
#  700 | steps:  7970 | steps_t:  2719 | t: 21.113351 | r:  -518.000000 | e:   0.728100 | Q: -338.717560 | won: False 
#  800 | steps:  9232 | steps_t:  3881 | t: 30.067734 | r:  -522.000000 | e:   0.611900 | Q: -278.889069 | won: False 
#  900 | steps: 10408 | steps_t:  4957 | t: 38.330521 | r:  -509.000000 | e:   0.504300 | Q: -278.495453 | won: False 
# 1000 | steps: 11914 | steps_t:  6363 | t: 48.535192 | r:  -509.000000 | e:   0.363700 | Q: -268.282867 | won: False 
# 1100 | steps: 13497 | steps_t:  7846 | t: 59.753270 | r:  -508.000000 | e:   0.215400 | Q: -224.286118 | won: False 
# 1200 | steps: 15181 | steps_t:  9430 | t: 72.133741 | r:  -507.000000 | e:   0.100000 | Q: -233.769012 | won: False 
# 1300 | steps: 16838 | steps_t: 10987 | t: 84.210815 | r:  -514.000000 | e:   0.100000 | Q: -208.529404 | won: False 
# 1400 | steps: 18615 | steps_t: 12664 | t: 100.590739 | r:  -509.000000 | e:   0.100000 | Q: -178.321121 | won: False 
# 1500 | steps: 20416 | steps_t: 14365 | t: 119.118319 | r:  -495.000000 | e:   0.100000 | Q: -227.477997 | won: False 
# 1600 | steps: 22190 | steps_t: 16039 | t: 133.786250 | r:  -505.000000 | e:   0.100000 | Q: -214.215775 | won: False 
# 1700 | steps: 24389 | steps_t: 18138 | t: 150.511846 | r:  -513.000000 | e:   0.100000 | Q: -198.729523 | won: False 
# 1800 | steps: 26426 | steps_t: 20075 | t: 165.590716 | r:  -513.000000 | e:   0.100000 | Q: -215.817322 | won: False 
# 1900 | steps: 28510 | steps_t: 22059 | t: 182.230605 | r:  -509.000000 | e:   0.100000 | Q: -187.800232 | won: False 
# 2000 | steps: 30686 | steps_t: 24135 | t: 203.244937 | r:  -506.000000 | e:   0.100000 | Q: -191.287231 | won: False 
# 2100 | steps: 32868 | steps_t: 26217 | t: 221.639241 | r:  -517.000000 | e:   0.100000 | Q: -163.723694 | won: False 
# 2200 | steps: 34850 | steps_t: 28099 | t: 239.508473 | r:  -514.000000 | e:   0.100000 | Q: -178.889740 | won: False 
# 2300 | steps: 37129 | steps_t: 30278 | t: 258.047785 | r:  -533.000000 | e:   0.100000 | Q: -158.970795 | won: False 
# 2400 | steps: 39417 | steps_t: 32466 | t: 275.043589 | r:  -509.000000 | e:   0.100000 | Q: -140.000031 | won: False 
# 2500 | steps: 41866 | steps_t: 34815 | t: 295.205981 | r:  -508.000000 | e:   0.100000 | Q: -97.497147 | won: False 
# 2600 | steps: 44275 | steps_t: 37124 | t: 315.227472 | r:  -513.000000 | e:   0.100000 | Q: -49.852993 | won: False 
# 2700 | steps: 46699 | steps_t: 39448 | t: 333.721669 | r:  -520.000000 | e:   0.100000 | Q: -79.144966 | won: False 
# 2800 | steps: 49347 | steps_t: 41996 | t: 354.823848 | r:  -529.000000 | e:   0.100000 | Q:  20.324301 | won: False 
# 2900 | steps: 52161 | steps_t: 44710 | t: 377.521598 | r:    70.000000 | e:   0.100000 | Q:  74.099915 | won: True 
# 3000 | steps: 55329 | steps_t: 47778 | t: 402.893800 | r:    78.000000 | e:   0.100000 | Q:  27.186176 | won: True 
# 3100 | steps: 59029 | steps_t: 51378 | t: 438.110384 | r:  -527.000000 | e:   0.100000 | Q: 119.506584 | won: False 
# 3200 | steps: 63092 | steps_t: 55341 | t: 473.434330 | r:  -514.000000 | e:   0.100000 | Q: 191.783508 | won: False 
# 3300 | steps: 66618 | steps_t: 58767 | t: 499.627768 | r:    75.000000 | e:   0.100000 | Q: 344.997375 | won: True 
# 3400 | steps: 70268 | steps_t: 62317 | t: 528.174076 | r:    67.000000 | e:   0.100000 | Q: 211.824005 | won: True 
# 3500 | steps: 74319 | steps_t: 66268 | t: 564.743723 | r:    72.000000 | e:   0.100000 | Q: 316.016357 | won: True 
# 3600 | steps: 77958 | steps_t: 69807 | t: 595.788217 | r:    88.000000 | e:   0.100000 | Q: 416.994598 | won: True 
# 3700 | steps: 81791 | steps_t: 73540 | t: 624.185644 | r:    91.000000 | e:   0.100000 | Q: 216.659393 | won: True 
# 3800 | steps: 85343 | steps_t: 76992 | t: 651.009780 | r:    91.000000 | e:   0.100000 | Q: 346.683777 | won: True 
# 3900 | steps: 88754 | steps_t: 80303 | t: 677.194631 | r:    88.000000 | e:   0.100000 | Q: 200.048111 | won: True 
# 4000 | steps: 92109 | steps_t: 83558 | t: 702.947640 | r:    60.000000 | e:   0.100000 | Q: 316.509918 | won: True 
# 4100 | steps: 95606 | steps_t: 86955 | t: 728.664225 | r:  -509.000000 | e:   0.100000 | Q: 215.518799 | won: False 
# 4200 | steps: 99377 | steps_t: 90626 | t: 760.513540 | r:    61.000000 | e:   0.100000 | Q: 388.349304 | won: True 
# 4300 | steps: 102844 | steps_t: 93993 | t: 799.968974 | r:    89.000000 | e:   0.100000 | Q: 322.356476 | won: True 
# 4400 | steps: 106305 | steps_t: 97354 | t: 828.568585 | r:    90.000000 | e:   0.100000 | Q: 255.267960 | won: True 
# 4500 | steps: 109729 | steps_t: 100678 | t: 855.337632 | r:    90.000000 | e:   0.100000 | Q: 213.157059 | won: True 
# 4600 | steps: 113261 | steps_t: 104110 | t: 886.560776 | r:    88.000000 | e:   0.100000 | Q: 356.041443 | won: True 
# 4700 | steps: 116792 | steps_t: 107541 | t: 919.382401 | r:  -496.000000 | e:   0.100000 | Q: 229.904816 | won: False 
# 4800 | steps: 120483 | steps_t: 111132 | t: 950.595941 | r:  -510.000000 | e:   0.100000 | Q: 233.908539 | won: False 
# 4900 | steps: 124097 | steps_t: 114646 | t: 982.539418 | r:  -523.000000 | e:   0.100000 | Q: 207.491440 | won: False 
# 5000 | steps: 127422 | steps_t: 117871 | t: 1008.481507 | r:  -524.000000 | e:   0.100000 | Q: 232.941635 | won: False 
