#  100 | steps:  1058 | steps_t:     0 | t: 0.641040 | r:  -507.000000 | e:   1.000000 | Q:        nan | won: False 
#  200 | steps:  2154 | steps_t:     0 | t: 1.320037 | r:  -511.000000 | e:   1.000000 | Q:        nan | won: False 
#  300 | steps:  3248 | steps_t:     0 | t: 2.014050 | r:  -511.000000 | e:   1.000000 | Q:        nan | won: False 
#  400 | steps:  4234 | steps_t:     0 | t: 2.669049 | r:  -509.000000 | e:   1.000000 | Q:        nan | won: False 
#  500 | steps:  5401 | steps_t:   365 | t: 9.046208 | r:  -510.000000 | e:   0.963500 | Q:        nan | won: False 
#  600 | steps:  6557 | steps_t:  1421 | t: 17.017699 | r:  -508.000000 | e:   0.857900 | Q: -322.314453 | won: False 
#  700 | steps:  7611 | steps_t:  2375 | t: 24.301056 | r:  -506.000000 | e:   0.762500 | Q: -350.910522 | won: False 
#  800 | steps:  8631 | steps_t:  3295 | t: 31.363096 | r:  -511.000000 | e:   0.670500 | Q: -296.750854 | won: False 
#  900 | steps:  9896 | steps_t:  4460 | t: 40.551451 | r:  -512.000000 | e:   0.554000 | Q: -287.332520 | won: False 
# 1000 | steps: 11118 | steps_t:  5582 | t: 49.777854 | r:  -512.000000 | e:   0.441800 | Q: -332.041107 | won: False 
# 1100 | steps: 12454 | steps_t:  6818 | t: 59.841570 | r:  -509.000000 | e:   0.318200 | Q: -326.067871 | won: False 
# 1200 | steps: 13925 | steps_t:  8189 | t: 71.323987 | r:  -511.000000 | e:   0.181100 | Q: -292.945160 | won: False 
# 1300 | steps: 15462 | steps_t:  9626 | t: 89.595988 | r:  -519.000000 | e:   0.100000 | Q: -226.720169 | won: False 
# 1400 | steps: 17108 | steps_t: 11172 | t: 105.402174 | r:  -513.000000 | e:   0.100000 | Q: -203.493988 | won: False 
# 1500 | steps: 18777 | steps_t: 12741 | t: 119.880915 | r:  -511.000000 | e:   0.100000 | Q: -247.326340 | won: False 
# 1600 | steps: 20601 | steps_t: 14465 | t: 135.200305 | r:  -514.000000 | e:   0.100000 | Q: -232.434647 | won: False 
# 1700 | steps: 22473 | steps_t: 16237 | t: 150.642635 | r:  -514.000000 | e:   0.100000 | Q: -232.841354 | won: False 
# 1800 | steps: 24391 | steps_t: 18055 | t: 166.541602 | r:  -514.000000 | e:   0.100000 | Q: -228.895187 | won: False 
# 1900 | steps: 26333 | steps_t: 19897 | t: 182.723261 | r:  -530.000000 | e:   0.100000 | Q: -196.627731 | won: False 
# 2000 | steps: 28228 | steps_t: 21692 | t: 198.558461 | r:  -509.000000 | e:   0.100000 | Q: -191.949280 | won: False 
# 2100 | steps: 30153 | steps_t: 23517 | t: 214.547697 | r:  -510.000000 | e:   0.100000 | Q: -211.308762 | won: False 
# 2200 | steps: 32401 | steps_t: 25665 | t: 233.257528 | r:  -507.000000 | e:   0.100000 | Q: -187.639145 | won: False 
# 2300 | steps: 34520 | steps_t: 27684 | t: 251.033769 | r:  -512.000000 | e:   0.100000 | Q: -117.443924 | won: False 
# 2400 | steps: 36308 | steps_t: 29372 | t: 265.948329 | r:  -503.000000 | e:   0.100000 | Q: -45.994438 | won: False 
# 2500 | steps: 38259 | steps_t: 31223 | t: 282.148549 | r:  -529.000000 | e:   0.100000 | Q: 158.652588 | won: False 
# 2600 | steps: 40469 | steps_t: 33333 | t: 300.726974 | r:  -513.000000 | e:   0.100000 | Q: -101.117981 | won: False 
