#  100 | steps:  1091 | steps_t:     0 | t: 0.681092 | r:  -509.000000 | e:   1.000000 | Q:        nan | won: False 
#  200 | steps:  2145 | steps_t:     0 | t: 1.364053 | r:  -507.000000 | e:   1.000000 | Q:        nan | won: False 
#  300 | steps:  3270 | steps_t:     0 | t: 2.054091 | r:  -515.000000 | e:   1.000000 | Q:        nan | won: False 
#  400 | steps:  4403 | steps_t:     0 | t: 2.854971 | r:  -511.000000 | e:   1.000000 | Q:        nan | won: False 
#  500 | steps:  5460 | steps_t:   417 | t: 10.961047 | r:  -511.000000 | e:   0.958300 | Q:        nan | won: False 
#  600 | steps:  6617 | steps_t:  1474 | t: 18.696543 | r:  -509.000000 | e:   0.852600 | Q: -349.056641 | won: False 
#  700 | steps:  7752 | steps_t:  2509 | t: 26.388831 | r:  -505.000000 | e:   0.749100 | Q: -302.333344 | won: False 
#  800 | steps:  8904 | steps_t:  3561 | t: 34.360461 | r:  -505.000000 | e:   0.643900 | Q: -284.307190 | won: False 
#  900 | steps: 10153 | steps_t:  4710 | t: 43.427758 | r:  -526.000000 | e:   0.529000 | Q: -278.703369 | won: False 
# 1000 | steps: 11363 | steps_t:  5820 | t: 52.252649 | r:  -508.000000 | e:   0.418000 | Q: -401.382172 | won: False 
# 1100 | steps: 12687 | steps_t:  7044 | t: 62.559338 | r:  -509.000000 | e:   0.295600 | Q: -339.811371 | won: False 
# 1200 | steps: 14164 | steps_t:  8421 | t: 74.293774 | r:  -504.000000 | e:   0.157900 | Q: -271.200897 | won: False 
# 1300 | steps: 15753 | steps_t:  9910 | t: 87.293559 | r:  -511.000000 | e:   0.100000 | Q: -250.106705 | won: False 
# 1400 | steps: 17370 | steps_t: 11427 | t: 100.750092 | r:  -505.000000 | e:   0.100000 | Q: -237.729065 | won: False 
# 1500 | steps: 18928 | steps_t: 12885 | t: 113.619534 | r:  -518.000000 | e:   0.100000 | Q: -244.259354 | won: False 
# 1600 | steps: 20610 | steps_t: 14467 | t: 127.459771 | r:  -509.000000 | e:   0.100000 | Q: -193.858353 | won: False 
# 1700 | steps: 22390 | steps_t: 16147 | t: 142.035622 | r:  -506.000000 | e:   0.100000 | Q: -214.818329 | won: False 
# 1800 | steps: 24249 | steps_t: 17906 | t: 157.696751 | r:  -519.000000 | e:   0.100000 | Q: -236.430130 | won: False 
# 1900 | steps: 26164 | steps_t: 19721 | t: 173.630950 | r:  -513.000000 | e:   0.100000 | Q: -222.446152 | won: False 
# 2000 | steps: 28054 | steps_t: 21511 | t: 189.113124 | r:  -511.000000 | e:   0.100000 | Q: -201.369873 | won: False 
# 2100 | steps: 29939 | steps_t: 23296 | t: 204.760892 | r:  -536.000000 | e:   0.100000 | Q: -174.667496 | won: False 
# 2200 | steps: 31835 | steps_t: 25092 | t: 220.462844 | r:  -511.000000 | e:   0.100000 | Q: -205.301804 | won: False 
# 2300 | steps: 33714 | steps_t: 26871 | t: 236.079109 | r:  -521.000000 | e:   0.100000 | Q: -198.614685 | won: False 
# 2400 | steps: 35662 | steps_t: 28719 | t: 252.226210 | r:  -516.000000 | e:   0.100000 | Q: -207.221252 | won: False 
# 2500 | steps: 37957 | steps_t: 30914 | t: 271.507933 | r:  -532.000000 | e:   0.100000 | Q: -166.295700 | won: False 
# 2600 | steps: 40047 | steps_t: 32904 | t: 288.937514 | r:  -509.000000 | e:   0.100000 | Q: -142.982056 | won: False 
# 2700 | steps: 42105 | steps_t: 34862 | t: 306.013090 | r:  -509.000000 | e:   0.100000 | Q: -159.209641 | won: False 
# 2800 | steps: 44523 | steps_t: 37180 | t: 326.139901 | r:  -520.000000 | e:   0.100000 | Q: -86.471062 | won: False 
# 2900 | steps: 46999 | steps_t: 39556 | t: 346.962910 | r:  -509.000000 | e:   0.100000 | Q: -29.651705 | won: False 
# 3000 | steps: 49677 | steps_t: 42134 | t: 370.437924 | r:  -513.000000 | e:   0.100000 | Q:  50.773476 | won: False 
# 3100 | steps: 53201 | steps_t: 45558 | t: 403.687960 | r:  -514.000000 | e:   0.100000 | Q: 193.134186 | won: False 
# 3200 | steps: 56565 | steps_t: 48822 | t: 435.042021 | r:    91.000000 | e:   0.100000 | Q: 143.785889 | won: True 
# 3300 | steps: 59948 | steps_t: 52105 | t: 464.954484 | r:  -526.000000 | e:   0.100000 | Q: 105.466034 | won: False 
# 3400 | steps: 63322 | steps_t: 55379 | t: 493.776762 | r:  -555.000000 | e:   0.100000 | Q: 275.666351 | won: False 
# 3500 | steps: 66687 | steps_t: 58644 | t: 522.226446 | r:    62.000000 | e:   0.100000 | Q: 168.305496 | won: True 
# 3600 | steps: 70099 | steps_t: 61956 | t: 551.258049 | r:  -549.000000 | e:   0.100000 | Q: 195.702240 | won: False 
# 3700 | steps: 73494 | steps_t: 65251 | t: 579.995880 | r:  -514.000000 | e:   0.100000 | Q: 213.507904 | won: False 
# 3800 | steps: 76557 | steps_t: 68214 | t: 606.012722 | r:  -517.000000 | e:   0.100000 | Q: 246.957031 | won: False 
# 3900 | steps: 79719 | steps_t: 71276 | t: 632.839785 | r:    72.000000 | e:   0.100000 | Q: 245.811707 | won: True 
# 4000 | steps: 82969 | steps_t: 74426 | t: 660.501222 | r:    88.000000 | e:   0.100000 | Q: 257.299835 | won: True 
# 4100 | steps: 86339 | steps_t: 77696 | t: 689.808258 | r:    92.000000 | e:   0.100000 | Q: 374.122589 | won: True 
# 4200 | steps: 89929 | steps_t: 81186 | t: 721.173664 | r:  -511.000000 | e:   0.100000 | Q: 243.004791 | won: False 
# 4300 | steps: 93631 | steps_t: 84788 | t: 753.890683 | r:  -515.000000 | e:   0.100000 | Q: 254.254715 | won: False 
# 4400 | steps: 97187 | steps_t: 88244 | t: 785.345521 | r:    32.000000 | e:   0.100000 | Q: 379.266388 | won: True 
# 4500 | steps: 100457 | steps_t: 91414 | t: 813.377752 | r:    91.000000 | e:   0.100000 | Q: 312.084167 | won: True 
# 4600 | steps: 104093 | steps_t: 94950 | t: 844.587484 | r:  -564.000000 | e:   0.100000 | Q: 405.317932 | won: False 
# 4700 | steps: 108136 | steps_t: 98893 | t: 879.293346 | r:  -540.000000 | e:   0.100000 | Q: 277.014130 | won: False 
# 4800 | steps: 111805 | steps_t: 102462 | t: 910.883188 | r:  -511.000000 | e:   0.100000 | Q: 247.546158 | won: False 
# 4900 | steps: 115592 | steps_t: 106149 | t: 943.432144 | r:    80.000000 | e:   0.100000 | Q: 261.837677 | won: True 
# 5000 | steps: 119158 | steps_t: 109615 | t: 973.999313 | r:  -541.000000 | e:   0.100000 | Q: 311.188385 | won: False 
